<!doctype html>
<html lang="en-US">
  <head>
    <meta charset="utf-8">
    <meta http-equiv="X-UA-Compatible" content="IE=edge">

<!-- Begin Jekyll SEO tag v2.5.0 -->
<title>使用Clion新建项目出现编译出错 | 有组织在！</title>
<meta name="generator" content="Jekyll v3.8.5" />
<meta property="og:title" content="使用Clion新建项目出现编译出错" />
<meta property="og:locale" content="en_US" />
<meta name="description" content="最近利用业余时间在研究一下Clion,于是乎下载下载玩一下，新建项目，运行突然报好多错: &quot;E:\Android\AndroidDevTools\CLion 2016.2.1\bin\cmake\bin\cmake.exe&quot; --build C:\Users\lqm\.CLion2016.2\system\cmake\generated\Study-631276b8\631276b8\Debug --target Study -- -j 4 -- Configuring done -- Generating done -- Build files have been written to: C:/Users/lqm/.CLion2016.2/system/cmake/generated/Study-631276b8/631276b8/Debug [ 50%] Building CXX object CMakeFiles/Study.dir/main.cpp.obj In file included from c:\mingw\include\wchar.h:208:0, &nbsp; &nbsp; &nbsp; &nbsp; &nbsp; &nbsp; &nbsp; &nbsp; &nbsp;from c:\mingw\lib\gcc\mingw32\4.9.3\include\c++\cwchar:44, &nbsp; &nbsp; &nbsp; &nbsp; &nbsp; &nbsp; &nbsp; &nbsp; &nbsp;from c:\mingw\lib\gcc\mingw32\4.9.3\include\c++\bits\postypes.h:40, &nbsp; &nbsp; &nbsp; &nbsp; &nbsp; &nbsp; &nbsp; &nbsp; &nbsp;from c:\mingw\lib\gcc\mingw32\4.9.3\include\c++\iosfwd:40, &nbsp; &nbsp; &nbsp; &nbsp; &nbsp; &nbsp; &nbsp; &nbsp; &nbsp;from c:\mingw\lib\gcc\mingw32\4.9.3\include\c++\ios:38, &nbsp; &nbsp; &nbsp; &nbsp; &nbsp; &nbsp; &nbsp; &nbsp; &nbsp;from c:\mingw\lib\gcc\mingw32\4.9.3\include\c++\ostream:38, &nbsp; &nbsp; &nbsp; &nbsp; &nbsp; &nbsp; &nbsp; &nbsp; &nbsp;from c:\mingw\lib\gcc\mingw32\4.9.3\include\c++\iostream:39, &nbsp; &nbsp; &nbsp; &nbsp; &nbsp; &nbsp; &nbsp; &nbsp; &nbsp;from E:\Android\clion\Study\main.cpp:1: c:\mingw\include\sys/stat.h:173:14: error: &#39;_dev_t&#39; does not name a type &nbsp;struct _stat __struct_stat_defined( _off_t, time_t ); &nbsp; &nbsp; &nbsp; &nbsp; &nbsp; &nbsp; &nbsp; ^ c:\mingw\include\sys/stat.h:173:14: error: &#39;_ino_t&#39; does not name a type &nbsp;struct _stat __struct_stat_defined( _off_t, time_t ); &nbsp; &nbsp; &nbsp; &nbsp; &nbsp; &nbsp; &nbsp; ^ c:\mingw\include\sys/stat.h:173:14: error: &#39;_mode_t&#39; does not name a type &nbsp;struct _stat __struct_stat_defined( _off_t, time_t ); &nbsp; &nbsp; &nbsp; &nbsp; &nbsp; &nbsp; &nbsp; ^ c:\mingw\include\sys/stat.h:173:14: error: &#39;_dev_t&#39; does not name a type &nbsp;struct _stat __struct_stat_defined( _off_t, time_t ); &nbsp; &nbsp; &nbsp; &nbsp; &nbsp; &nbsp; &nbsp; ^ c:\mingw\include\sys/stat.h:173:14: error: &#39;_off_t&#39; does not name a type &nbsp;struct _stat __struct_stat_defined( _off_t, time_t ); &nbsp; &nbsp; &nbsp; &nbsp; &nbsp; &nbsp; &nbsp; ^ c:\mingw\include\sys/stat.h:173:14: error: &#39;time_t&#39; does not name a type &nbsp;struct _stat __struct_stat_defined( _off_t, time_t ); &nbsp; &nbsp; &nbsp; &nbsp; &nbsp; &nbsp; &nbsp; ^ c:\mingw\include\sys/stat.h:173:14: error: &#39;time_t&#39; does not name a type &nbsp;struct _stat __struct_stat_defined( _off_t, time_t ); &nbsp; &nbsp; &nbsp; &nbsp; &nbsp; &nbsp; &nbsp; ^ c:\mingw\include\sys/stat.h:173:14: error: &#39;time_t&#39; does not name a type &nbsp;struct _stat __struct_stat_defined( _off_t, time_t ); &nbsp; &nbsp; &nbsp; &nbsp; &nbsp; &nbsp; &nbsp; ^ c:\mingw\include\sys/stat.h:180:13: error: &#39;_dev_t&#39; does not name a type &nbsp;struct stat __struct_stat_defined( _off_t, time_t ); &nbsp; &nbsp; &nbsp; &nbsp; &nbsp; &nbsp; &nbsp;^ c:\mingw\include\sys/stat.h:180:13: error: &#39;_ino_t&#39; does not name a type &nbsp;struct stat __struct_stat_defined( _off_t, time_t ); &nbsp; &nbsp; &nbsp; &nbsp; &nbsp; &nbsp; &nbsp;^ c:\mingw\include\sys/stat.h:180:13: error: &#39;_mode_t&#39; does not name a type &nbsp;struct stat __struct_stat_defined( _off_t, time_t ); &nbsp; &nbsp; &nbsp; &nbsp; &nbsp; &nbsp; &nbsp;^ c:\mingw\include\sys/stat.h:180:13: error: &#39;_dev_t&#39; does not name a type &nbsp;struct stat __struct_stat_defined( _off_t, time_t ); &nbsp; &nbsp; &nbsp; &nbsp; &nbsp; &nbsp; &nbsp;^ c:\mingw\include\sys/stat.h:180:13: error: &#39;_off_t&#39; does not name a type &nbsp;struct stat __struct_stat_defined( _off_t, time_t ); &nbsp; &nbsp; &nbsp; &nbsp; &nbsp; &nbsp; &nbsp;^ c:\mingw\include\sys/stat.h:180:13: error: &#39;time_t&#39; does not name a type &nbsp;struct stat __struct_stat_defined( _off_t, time_t ); &nbsp; &nbsp; &nbsp; &nbsp; &nbsp; &nbsp; &nbsp;^ c:\mingw\include\sys/stat.h:180:13: error: &#39;time_t&#39; does not name a type &nbsp;struct stat __struct_stat_defined( _off_t, time_t ); &nbsp; &nbsp; &nbsp; &nbsp; &nbsp; &nbsp; &nbsp;^ c:\mingw\include\sys/stat.h:180:13: error: &#39;time_t&#39; does not name a type &nbsp;struct stat __struct_stat_defined( _off_t, time_t ); &nbsp; &nbsp; &nbsp; &nbsp; &nbsp; &nbsp; &nbsp;^ c:\mingw\include\sys/stat.h:188:17: error: &#39;_dev_t&#39; does not name a type &nbsp;struct _stati64 __struct_stat_defined( __off64_t, time_t ); &nbsp; &nbsp; &nbsp; &nbsp; &nbsp; &nbsp; &nbsp; &nbsp; &nbsp;^ c:\mingw\include\sys/stat.h:188:17: error: &#39;_ino_t&#39; does not name a type &nbsp;struct _stati64 __struct_stat_defined( __off64_t, time_t ); &nbsp; &nbsp; &nbsp; &nbsp; &nbsp; &nbsp; &nbsp; &nbsp; &nbsp;^ c:\mingw\include\sys/stat.h:188:17: error: &#39;_mode_t&#39; does not name a type &nbsp;struct _stati64 __struct_stat_defined( __off64_t, time_t ); &nbsp; &nbsp; &nbsp; &nbsp; &nbsp; &nbsp; &nbsp; &nbsp; &nbsp;^ c:\mingw\include\sys/stat.h:188:17: error: &#39;_dev_t&#39; does not name a type &nbsp;struct _stati64 __struct_stat_defined( __off64_t, time_t ); &nbsp; &nbsp; &nbsp; &nbsp; &nbsp; &nbsp; &nbsp; &nbsp; &nbsp;^ c:\mingw\include\sys/stat.h:188:17: error: &#39;__off64_t&#39; does not name a type &nbsp;struct _stati64 __struct_stat_defined( __off64_t, time_t ); &nbsp; &nbsp; &nbsp; &nbsp; &nbsp; &nbsp; &nbsp; &nbsp; &nbsp;^ c:\mingw\include\sys/stat.h:188:17: error: &#39;time_t&#39; does not name a type &nbsp;struct _stati64 __struct_stat_defined( __off64_t, time_t ); &nbsp; &nbsp; &nbsp; &nbsp; &nbsp; &nbsp; &nbsp; &nbsp; &nbsp;^ c:\mingw\include\sys/stat.h:188:17: error: &#39;time_t&#39; does not name a type &nbsp;struct _stati64 __struct_stat_defined( __off64_t, time_t ); &nbsp; &nbsp; &nbsp; &nbsp; &nbsp; &nbsp; &nbsp; &nbsp; &nbsp;^ c:\mingw\include\sys/stat.h:188:17: error: &#39;time_t&#39; does not name a type &nbsp;struct _stati64 __struct_stat_defined( __off64_t, time_t ); &nbsp; &nbsp; &nbsp; &nbsp; &nbsp; &nbsp; &nbsp; &nbsp; &nbsp;^ c:\mingw\include\sys/stat.h:195:17: error: &#39;_dev_t&#39; does not name a type &nbsp;struct __stat64 __struct_stat_defined( __off64_t, __time64_t ); &nbsp; &nbsp; &nbsp; &nbsp; &nbsp; &nbsp; &nbsp; &nbsp; &nbsp;^ c:\mingw\include\sys/stat.h:195:17: error: &#39;_ino_t&#39; does not name a type &nbsp;struct __stat64 __struct_stat_defined( __off64_t, __time64_t ); &nbsp; &nbsp; &nbsp; &nbsp; &nbsp; &nbsp; &nbsp; &nbsp; &nbsp;^ c:\mingw\include\sys/stat.h:195:17: error: &#39;_mode_t&#39; does not name a type &nbsp;struct __stat64 __struct_stat_defined( __off64_t, __time64_t ); &nbsp; &nbsp; &nbsp; &nbsp; &nbsp; &nbsp; &nbsp; &nbsp; &nbsp;^ c:\mingw\include\sys/stat.h:195:17: error: &#39;_dev_t&#39; does not name a type &nbsp;struct __stat64 __struct_stat_defined( __off64_t, __time64_t ); &nbsp; &nbsp; &nbsp; &nbsp; &nbsp; &nbsp; &nbsp; &nbsp; &nbsp;^ c:\mingw\include\sys/stat.h:195:17: error: &#39;__off64_t&#39; does not name a type &nbsp;struct __stat64 __struct_stat_defined( __off64_t, __time64_t ); &nbsp; &nbsp; &nbsp; &nbsp; &nbsp; &nbsp; &nbsp; &nbsp; &nbsp;^ c:\mingw\include\sys/stat.h:195:17: error: &#39;__time64_t&#39; does not name a type &nbsp;struct __stat64 __struct_stat_defined( __off64_t, __time64_t ); &nbsp; &nbsp; &nbsp; &nbsp; &nbsp; &nbsp; &nbsp; &nbsp; &nbsp;^ c:\mingw\include\sys/stat.h:195:17: error: &#39;__time64_t&#39; does not name a type &nbsp;struct __stat64 __struct_stat_defined( __off64_t, __time64_t ); &nbsp; &nbsp; &nbsp; &nbsp; &nbsp; &nbsp; &nbsp; &nbsp; &nbsp;^ c:\mingw\include\sys/stat.h:195:17: error: &#39;__time64_t&#39; does not name a type &nbsp;struct __stat64 __struct_stat_defined( __off64_t, __time64_t ); &nbsp; &nbsp; &nbsp; &nbsp; &nbsp; &nbsp; &nbsp; &nbsp; &nbsp;^ In file included from c:\mingw\include\wchar.h:233:0, &nbsp; &nbsp; &nbsp; &nbsp; &nbsp; &nbsp; &nbsp; &nbsp; &nbsp;from c:\mingw\lib\gcc\mingw32\4.9.3\include\c++\cwchar:44, &nbsp; &nbsp; &nbsp; &nbsp; &nbsp; &nbsp; &nbsp; &nbsp; &nbsp;from c:\mingw\lib\gcc\mingw32\4.9.3\include\c++\bits\postypes.h:40, &nbsp; &nbsp; &nbsp; &nbsp; &nbsp; &nbsp; &nbsp; &nbsp; &nbsp;from c:\mingw\lib\gcc\mingw32\4.9.3\include\c++\iosfwd:40, &nbsp; &nbsp; &nbsp; &nbsp; &nbsp; &nbsp; &nbsp; &nbsp; &nbsp;from c:\mingw\lib\gcc\mingw32\4.9.3\include\c++\ios:38, &nbsp; &nbsp; &nbsp; &nbsp; &nbsp; &nbsp; &nbsp; &nbsp; &nbsp;from c:\mingw\lib\gcc\mingw32\4.9.3\include\c++\ostream:38, &nbsp; &nbsp; &nbsp; &nbsp; &nbsp; &nbsp; &nbsp; &nbsp; &nbsp;from c:\mingw\lib\gcc\mingw32\4.9.3\include\c++\iostream:39, &nbsp; &nbsp; &nbsp; &nbsp; &nbsp; &nbsp; &nbsp; &nbsp; &nbsp;from E:\Android\clion\Study\main.cpp:1: c:\mingw\include\io.h:335:21: error: &#39;time_t&#39; does not name a type &nbsp;struct _wfinddata_t __struct_finddata_t (time_t, _fsize_t); &nbsp; &nbsp; &nbsp; &nbsp; &nbsp; &nbsp; &nbsp; &nbsp; &nbsp; &nbsp; &nbsp;^ c:\mingw\include\io.h:335:21: error: &#39;time_t&#39; does not name a type &nbsp;struct _wfinddata_t __struct_finddata_t (time_t, _fsize_t); &nbsp; &nbsp; &nbsp; &nbsp; &nbsp; &nbsp; &nbsp; &nbsp; &nbsp; &nbsp; &nbsp;^ c:\mingw\include\io.h:335:21: error: &#39;time_t&#39; does not name a type &nbsp;struct _wfinddata_t __struct_finddata_t (time_t, _fsize_t); &nbsp; &nbsp; &nbsp; &nbsp; &nbsp; &nbsp; &nbsp; &nbsp; &nbsp; &nbsp; &nbsp;^ c:\mingw\include\io.h:336:24: error: &#39;time_t&#39; does not name a type &nbsp;struct _wfinddatai64_t __struct_finddata_t (time_t, __int64); &nbsp; &nbsp; &nbsp; &nbsp; &nbsp; &nbsp; &nbsp; &nbsp; &nbsp; &nbsp; &nbsp; &nbsp; ^ c:\mingw\include\io.h:336:24: error: &#39;time_t&#39; does not name a type &nbsp;struct _wfinddatai64_t __struct_finddata_t (time_t, __int64); &nbsp; &nbsp; &nbsp; &nbsp; &nbsp; &nbsp; &nbsp; &nbsp; &nbsp; &nbsp; &nbsp; &nbsp; ^ c:\mingw\include\io.h:336:24: error: &#39;time_t&#39; does not name a type &nbsp;struct _wfinddatai64_t __struct_finddata_t (time_t, __int64); &nbsp; &nbsp; &nbsp; &nbsp; &nbsp; &nbsp; &nbsp; &nbsp; &nbsp; &nbsp; &nbsp; &nbsp; ^ c:\mingw\include\io.h:362:24: error: &#39;__time64_t&#39; does not name a type &nbsp;struct __wfinddata64_t __struct_finddata_t (__time64_t, __int64); &nbsp; &nbsp; &nbsp; &nbsp; &nbsp; &nbsp; &nbsp; &nbsp; &nbsp; &nbsp; &nbsp; &nbsp; ^ c:\mingw\include\io.h:362:24: error: &#39;__time64_t&#39; does not name a type &nbsp;struct __wfinddata64_t __struct_finddata_t (__time64_t, __int64); &nbsp; &nbsp; &nbsp; &nbsp; &nbsp; &nbsp; &nbsp; &nbsp; &nbsp; &nbsp; &nbsp; &nbsp; ^ c:\mingw\include\io.h:362:24: error: &#39;__time64_t&#39; does not name a type &nbsp;struct __wfinddata64_t __struct_finddata_t (__time64_t, __int64); &nbsp; &nbsp; &nbsp; &nbsp; &nbsp; &nbsp; &nbsp; &nbsp; &nbsp; &nbsp; &nbsp; &nbsp; ^ In file included from c:\mingw\lib\gcc\mingw32\4.9.3\include\c++\bits\postypes.h:40:0, &nbsp; &nbsp; &nbsp; &nbsp; &nbsp; &nbsp; &nbsp; &nbsp; &nbsp;from c:\mingw\lib\gcc\mingw32\4.9.3\include\c++\iosfwd:40, &nbsp; &nbsp; &nbsp; &nbsp; &nbsp; &nbsp; &nbsp; &nbsp; &nbsp;from c:\mingw\lib\gcc\mingw32\4.9.3\include\c++\ios:38, &nbsp; &nbsp; &nbsp; &nbsp; &nbsp; &nbsp; &nbsp; &nbsp; &nbsp;from c:\mingw\lib\gcc\mingw32\4.9.3\include\c++\ostream:38, &nbsp; &nbsp; &nbsp; &nbsp; &nbsp; &nbsp; &nbsp; &nbsp; &nbsp;from c:\mingw\lib\gcc\mingw32\4.9.3\include\c++\iostream:39, &nbsp; &nbsp; &nbsp; &nbsp; &nbsp; &nbsp; &nbsp; &nbsp; &nbsp;from E:\Android\clion\Study\main.cpp:1: c:\mingw\lib\gcc\mingw32\4.9.3\include\c++\cwchar:146:11: error: &#39;::fwide&#39; has not been declared &nbsp; &nbsp;using ::fwide; &nbsp; &nbsp; &nbsp; &nbsp; &nbsp; &nbsp;^ c:\mingw\lib\gcc\mingw32\4.9.3\include\c++\cwchar:153:11: error: &#39;::mbsinit&#39; has not been declared &nbsp; &nbsp;using ::mbsinit; &nbsp; &nbsp; &nbsp; &nbsp; &nbsp; &nbsp;^ c:\mingw\lib\gcc\mingw32\4.9.3\include\c++\cwchar:164:11: error: &#39;::vfwscanf&#39; has not been declared &nbsp; &nbsp;using ::vfwscanf; &nbsp; &nbsp; &nbsp; &nbsp; &nbsp; &nbsp;^ c:\mingw\lib\gcc\mingw32\4.9.3\include\c++\cwchar:170:11: error: &#39;::vswscanf&#39; has not been declared &nbsp; &nbsp;using ::vswscanf; &nbsp; &nbsp; &nbsp; &nbsp; &nbsp; &nbsp;^ c:\mingw\lib\gcc\mingw32\4.9.3\include\c++\cwchar:174:11: error: &#39;::vwscanf&#39; has not been declared &nbsp; &nbsp;using ::vwscanf; &nbsp; &nbsp; &nbsp; &nbsp; &nbsp; &nbsp;^ c:\mingw\lib\gcc\mingw32\4.9.3\include\c++\cwchar:191:11: error: &#39;::wcstof&#39; has not been declared &nbsp; &nbsp;using ::wcstof; &nbsp; &nbsp; &nbsp; &nbsp; &nbsp; &nbsp;^ c:\mingw\lib\gcc\mingw32\4.9.3\include\c++\cwchar:198:11: error: &#39;::wmemcmp&#39; has not been declared &nbsp; &nbsp;using ::wmemcmp; &nbsp; &nbsp; &nbsp; &nbsp; &nbsp; &nbsp;^ c:\mingw\lib\gcc\mingw32\4.9.3\include\c++\cwchar:199:11: error: &#39;::wmemcpy&#39; has not been declared &nbsp; &nbsp;using ::wmemcpy; &nbsp; &nbsp; &nbsp; &nbsp; &nbsp; &nbsp;^ c:\mingw\lib\gcc\mingw32\4.9.3\include\c++\cwchar:200:11: error: &#39;::wmemmove&#39; has not been declared &nbsp; &nbsp;using ::wmemmove; &nbsp; &nbsp; &nbsp; &nbsp; &nbsp; &nbsp;^ c:\mingw\lib\gcc\mingw32\4.9.3\include\c++\cwchar:201:11: error: &#39;::wmemset&#39; has not been declared &nbsp; &nbsp;using ::wmemset; &nbsp; &nbsp; &nbsp; &nbsp; &nbsp; &nbsp;^ c:\mingw\lib\gcc\mingw32\4.9.3\include\c++\cwchar:208:11: error: &#39;::wmemchr&#39; has not been declared &nbsp; &nbsp;using ::wmemchr; &nbsp; &nbsp; &nbsp; &nbsp; &nbsp; &nbsp;^ c:\mingw\lib\gcc\mingw32\4.9.3\include\c++\cwchar: In function &#39;wchar_t* std::wmemchr(wchar_t*, wchar_t, std::size_t)&#39;: c:\mingw\lib\gcc\mingw32\4.9.3\include\c++\cwchar:229:61: error: invalid conversion from &#39;const wchar_t*&#39; to &#39;wchar_t*&#39; [-fpermissive] &nbsp; &nbsp;{ return wmemchr(const_cast&lt;const wchar_t*&gt;(__p), __c, __n); } &nbsp; &nbsp; &nbsp; &nbsp; &nbsp; &nbsp; &nbsp; &nbsp; &nbsp; &nbsp; &nbsp; &nbsp; &nbsp; &nbsp; &nbsp; &nbsp; &nbsp; &nbsp; &nbsp; &nbsp; &nbsp; &nbsp; &nbsp; &nbsp; &nbsp; &nbsp; &nbsp; &nbsp; &nbsp; &nbsp; &nbsp;^ c:\mingw\lib\gcc\mingw32\4.9.3\include\c++\cwchar:228:3: note: initializing argument 1 of &#39;wchar_t* std::wmemchr(wchar_t*, wchar_t, std::size_t)&#39; &nbsp; &nbsp;wmemchr(wchar_t* __p, wchar_t __c, size_t __n) &nbsp; &nbsp;^ c:\mingw\lib\gcc\mingw32\4.9.3\include\c++\cwchar: At global scope: c:\mingw\lib\gcc\mingw32\4.9.3\include\c++\cwchar:248:11: error: &#39;::wcstold&#39; has not been declared &nbsp; &nbsp;using ::wcstold; &nbsp; &nbsp; &nbsp; &nbsp; &nbsp; &nbsp;^ c:\mingw\lib\gcc\mingw32\4.9.3\include\c++\cwchar:257:11: error: &#39;::wcstoll&#39; has not been declared &nbsp; &nbsp;using ::wcstoll; &nbsp; &nbsp; &nbsp; &nbsp; &nbsp; &nbsp;^ c:\mingw\lib\gcc\mingw32\4.9.3\include\c++\cwchar:258:11: error: &#39;::wcstoull&#39; has not been declared &nbsp; &nbsp;using ::wcstoull; &nbsp; &nbsp; &nbsp; &nbsp; &nbsp; &nbsp;^ c:\mingw\lib\gcc\mingw32\4.9.3\include\c++\cwchar:264:22: error: &#39;__gnu_cxx::wcstold&#39; has not been declared &nbsp; &nbsp;using ::__gnu_cxx::wcstold; &nbsp; &nbsp; &nbsp; &nbsp; &nbsp; &nbsp; &nbsp; &nbsp; &nbsp; &nbsp; &nbsp; ^ c:\mingw\lib\gcc\mingw32\4.9.3\include\c++\cwchar:265:22: error: &#39;__gnu_cxx::wcstoll&#39; has not been declared &nbsp; &nbsp;using ::__gnu_cxx::wcstoll; &nbsp; &nbsp; &nbsp; &nbsp; &nbsp; &nbsp; &nbsp; &nbsp; &nbsp; &nbsp; &nbsp; ^ c:\mingw\lib\gcc\mingw32\4.9.3\include\c++\cwchar:266:22: error: &#39;__gnu_cxx::wcstoull&#39; has not been declared &nbsp; &nbsp;using ::__gnu_cxx::wcstoull; &nbsp; &nbsp; &nbsp; &nbsp; &nbsp; &nbsp; &nbsp; &nbsp; &nbsp; &nbsp; &nbsp; ^ c:\mingw\lib\gcc\mingw32\4.9.3\include\c++\cwchar:280:14: error: &#39;std::wcstof&#39; has not been declared &nbsp; &nbsp;using std::wcstof; &nbsp; &nbsp; &nbsp; &nbsp; &nbsp; &nbsp; &nbsp; ^ c:\mingw\lib\gcc\mingw32\4.9.3\include\c++\cwchar:283:14: error: &#39;std::vfwscanf&#39; has not been declared &nbsp; &nbsp;using std::vfwscanf; &nbsp; &nbsp; &nbsp; &nbsp; &nbsp; &nbsp; &nbsp; ^ c:\mingw\lib\gcc\mingw32\4.9.3\include\c++\cwchar:286:14: error: &#39;std::vswscanf&#39; has not been declared &nbsp; &nbsp;using std::vswscanf; &nbsp; &nbsp; &nbsp; &nbsp; &nbsp; &nbsp; &nbsp; ^ c:\mingw\lib\gcc\mingw32\4.9.3\include\c++\cwchar:289:14: error: &#39;std::vwscanf&#39; has not been declared &nbsp; &nbsp;using std::vwscanf; &nbsp; &nbsp; &nbsp; &nbsp; &nbsp; &nbsp; &nbsp; ^ c:\mingw\lib\gcc\mingw32\4.9.3\include\c++\cwchar:293:14: error: &#39;std::wcstold&#39; has not been declared &nbsp; &nbsp;using std::wcstold; &nbsp; &nbsp; &nbsp; &nbsp; &nbsp; &nbsp; &nbsp; ^ c:\mingw\lib\gcc\mingw32\4.9.3\include\c++\cwchar:294:14: error: &#39;std::wcstoll&#39; has not been declared &nbsp; &nbsp;using std::wcstoll; &nbsp; &nbsp; &nbsp; &nbsp; &nbsp; &nbsp; &nbsp; ^ c:\mingw\lib\gcc\mingw32\4.9.3\include\c++\cwchar:295:14: error: &#39;std::wcstoull&#39; has not been declared &nbsp; &nbsp;using std::wcstoull; &nbsp; &nbsp; &nbsp; &nbsp; &nbsp; &nbsp; &nbsp; ^ In file included from c:\mingw\lib\gcc\mingw32\4.9.3\include\c++\ios:40:0, &nbsp; &nbsp; &nbsp; &nbsp; &nbsp; &nbsp; &nbsp; &nbsp; &nbsp;from c:\mingw\lib\gcc\mingw32\4.9.3\include\c++\ostream:38, &nbsp; &nbsp; &nbsp; &nbsp; &nbsp; &nbsp; &nbsp; &nbsp; &nbsp;from c:\mingw\lib\gcc\mingw32\4.9.3\include\c++\iostream:39, &nbsp; &nbsp; &nbsp; &nbsp; &nbsp; &nbsp; &nbsp; &nbsp; &nbsp;from E:\Android\clion\Study\main.cpp:1: c:\mingw\lib\gcc\mingw32\4.9.3\include\c++\bits\char_traits.h: In static member function &#39;static int std::char_traits&lt;wchar_t&gt;::compare(const char_type*, const char_type*, std::size_t)&#39;: c:\mingw\lib\gcc\mingw32\4.9.3\include\c++\bits\char_traits.h:330:39: error: &#39;wmemcmp&#39; was not declared in this scope &nbsp; &nbsp; &nbsp; &nbsp;{ return wmemcmp(__s1, __s2, __n); } &nbsp; &nbsp; &nbsp; &nbsp; &nbsp; &nbsp; &nbsp; &nbsp; &nbsp; &nbsp; &nbsp; &nbsp; &nbsp; &nbsp; &nbsp; &nbsp; &nbsp; &nbsp; &nbsp; &nbsp;^ c:\mingw\lib\gcc\mingw32\4.9.3\include\c++\bits\char_traits.h: In static member function &#39;static const char_type* std::char_traits&lt;wchar_t&gt;::find(const char_type*, std::size_t, const char_type&amp;)&#39;: c:\mingw\lib\gcc\mingw32\4.9.3\include\c++\bits\char_traits.h:338:37: error: invalid conversion from &#39;const char_type* {aka const wchar_t*}&#39; to &#39;wchar_t*&#39; [-fpermissive] &nbsp; &nbsp; &nbsp; &nbsp;{ return wmemchr(__s, __a, __n); } &nbsp; &nbsp; &nbsp; &nbsp; &nbsp; &nbsp; &nbsp; &nbsp; &nbsp; &nbsp; &nbsp; &nbsp; &nbsp; &nbsp; &nbsp; &nbsp; &nbsp; &nbsp; &nbsp;^ In file included from c:\mingw\lib\gcc\mingw32\4.9.3\include\c++\bits\postypes.h:40:0, &nbsp; &nbsp; &nbsp; &nbsp; &nbsp; &nbsp; &nbsp; &nbsp; &nbsp;from c:\mingw\lib\gcc\mingw32\4.9.3\include\c++\iosfwd:40, &nbsp; &nbsp; &nbsp; &nbsp; &nbsp; &nbsp; &nbsp; &nbsp; &nbsp;from c:\mingw\lib\gcc\mingw32\4.9.3\include\c++\ios:38, &nbsp; &nbsp; &nbsp; &nbsp; &nbsp; &nbsp; &nbsp; &nbsp; &nbsp;from c:\mingw\lib\gcc\mingw32\4.9.3\include\c++\ostream:38, &nbsp; &nbsp; &nbsp; &nbsp; &nbsp; &nbsp; &nbsp; &nbsp; &nbsp;from c:\mingw\lib\gcc\mingw32\4.9.3\include\c++\iostream:39, &nbsp; &nbsp; &nbsp; &nbsp; &nbsp; &nbsp; &nbsp; &nbsp; &nbsp;from E:\Android\clion\Study\main.cpp:1: c:\mingw\lib\gcc\mingw32\4.9.3\include\c++\cwchar:228:3: note: initializing argument 1 of &#39;wchar_t* std::wmemchr(wchar_t*, wchar_t, std::size_t)&#39; &nbsp; &nbsp;wmemchr(wchar_t* __p, wchar_t __c, size_t __n) &nbsp; &nbsp;^ In file included from c:\mingw\lib\gcc\mingw32\4.9.3\include\c++\ios:40:0, &nbsp; &nbsp; &nbsp; &nbsp; &nbsp; &nbsp; &nbsp; &nbsp; &nbsp;from c:\mingw\lib\gcc\mingw32\4.9.3\include\c++\ostream:38, &nbsp; &nbsp; &nbsp; &nbsp; &nbsp; &nbsp; &nbsp; &nbsp; &nbsp;from c:\mingw\lib\gcc\mingw32\4.9.3\include\c++\iostream:39, &nbsp; &nbsp; &nbsp; &nbsp; &nbsp; &nbsp; &nbsp; &nbsp; &nbsp;from E:\Android\clion\Study\main.cpp:1: c:\mingw\lib\gcc\mingw32\4.9.3\include\c++\bits\char_traits.h: In static member function &#39;static std::char_traits&lt;wchar_t&gt;::char_type* std::char_traits&lt;wchar_t&gt;::move(std::char_traits&lt;wchar_t&gt;::char_type*, const char_type*, std::size_t)&#39;: c:\mingw\lib\gcc\mingw32\4.9.3\include\c++\bits\char_traits.h:342:40: error: &#39;wmemmove&#39; was not declared in this scope &nbsp; &nbsp; &nbsp; &nbsp;{ return wmemmove(__s1, __s2, __n); } &nbsp; &nbsp; &nbsp; &nbsp; &nbsp; &nbsp; &nbsp; &nbsp; &nbsp; &nbsp; &nbsp; &nbsp; &nbsp; &nbsp; &nbsp; &nbsp; &nbsp; &nbsp; &nbsp; &nbsp; ^ c:\mingw\lib\gcc\mingw32\4.9.3\include\c++\bits\char_traits.h: In static member function &#39;static std::char_traits&lt;wchar_t&gt;::char_type* std::char_traits&lt;wchar_t&gt;::copy(std::char_traits&lt;wchar_t&gt;::char_type*, const char_type*, std::size_t)&#39;: c:\mingw\lib\gcc\mingw32\4.9.3\include\c++\bits\char_traits.h:346:39: error: &#39;wmemcpy&#39; was not declared in this scope &nbsp; &nbsp; &nbsp; &nbsp;{ return wmemcpy(__s1, __s2, __n); } &nbsp; &nbsp; &nbsp; &nbsp; &nbsp; &nbsp; &nbsp; &nbsp; &nbsp; &nbsp; &nbsp; &nbsp; &nbsp; &nbsp; &nbsp; &nbsp; &nbsp; &nbsp; &nbsp; &nbsp;^ c:\mingw\lib\gcc\mingw32\4.9.3\include\c++\bits\char_traits.h: In static member function &#39;static std::char_traits&lt;wchar_t&gt;::char_type* std::char_traits&lt;wchar_t&gt;::assign(std::char_traits&lt;wchar_t&gt;::char_type*, std::size_t, std::char_traits&lt;wchar_t&gt;::char_type)&#39;: c:\mingw\lib\gcc\mingw32\4.9.3\include\c++\bits\char_traits.h:350:37: error: &#39;wmemset&#39; was not declared in this scope &nbsp; &nbsp; &nbsp; &nbsp;{ return wmemset(__s, __a, __n); } &nbsp; &nbsp; &nbsp; &nbsp; &nbsp; &nbsp; &nbsp; &nbsp; &nbsp; &nbsp; &nbsp; &nbsp; &nbsp; &nbsp; &nbsp; &nbsp; &nbsp; &nbsp; &nbsp;^ In file included from c:\mingw\lib\gcc\mingw32\4.9.3\include\c++\ext\string_conversions.h:41:0, &nbsp; &nbsp; &nbsp; &nbsp; &nbsp; &nbsp; &nbsp; &nbsp; &nbsp;from c:\mingw\lib\gcc\mingw32\4.9.3\include\c++\bits\basic_string.h:2849, &nbsp; &nbsp; &nbsp; &nbsp; &nbsp; &nbsp; &nbsp; &nbsp; &nbsp;from c:\mingw\lib\gcc\mingw32\4.9.3\include\c++\string:52, &nbsp; &nbsp; &nbsp; &nbsp; &nbsp; &nbsp; &nbsp; &nbsp; &nbsp;from c:\mingw\lib\gcc\mingw32\4.9.3\include\c++\bits\locale_classes.h:40, &nbsp; &nbsp; &nbsp; &nbsp; &nbsp; &nbsp; &nbsp; &nbsp; &nbsp;from c:\mingw\lib\gcc\mingw32\4.9.3\include\c++\bits\ios_base.h:41, &nbsp; &nbsp; &nbsp; &nbsp; &nbsp; &nbsp; &nbsp; &nbsp; &nbsp;from c:\mingw\lib\gcc\mingw32\4.9.3\include\c++\ios:42, &nbsp; &nbsp; &nbsp; &nbsp; &nbsp; &nbsp; &nbsp; &nbsp; &nbsp;from c:\mingw\lib\gcc\mingw32\4.9.3\include\c++\ostream:38, &nbsp; &nbsp; &nbsp; &nbsp; &nbsp; &nbsp; &nbsp; &nbsp; &nbsp;from c:\mingw\lib\gcc\mingw32\4.9.3\include\c++\iostream:39, &nbsp; &nbsp; &nbsp; &nbsp; &nbsp; &nbsp; &nbsp; &nbsp; &nbsp;from E:\Android\clion\Study\main.cpp:1: c:\mingw\lib\gcc\mingw32\4.9.3\include\c++\cstdlib: At global scope: c:\mingw\lib\gcc\mingw32\4.9.3\include\c++\cstdlib:201:11: error: &#39;::lldiv_t&#39; has not been declared &nbsp; &nbsp;using ::lldiv_t; &nbsp; &nbsp; &nbsp; &nbsp; &nbsp; &nbsp;^ c:\mingw\lib\gcc\mingw32\4.9.3\include\c++\cstdlib:207:11: error: &#39;::_Exit&#39; has not been declared &nbsp; &nbsp;using ::_Exit; &nbsp; &nbsp; &nbsp; &nbsp; &nbsp; &nbsp;^ c:\mingw\lib\gcc\mingw32\4.9.3\include\c++\cstdlib:211:11: error: &#39;::llabs&#39; has not been declared &nbsp; &nbsp;using ::llabs; &nbsp; &nbsp; &nbsp; &nbsp; &nbsp; &nbsp;^ c:\mingw\lib\gcc\mingw32\4.9.3\include\c++\cstdlib:213:10: error: &#39;lldiv_t&#39; does not name a type &nbsp; &nbsp;inline lldiv_t &nbsp; &nbsp; &nbsp; &nbsp; &nbsp; ^ c:\mingw\lib\gcc\mingw32\4.9.3\include\c++\cstdlib:217:11: error: &#39;::lldiv&#39; has not been declared &nbsp; &nbsp;using ::lldiv; &nbsp; &nbsp; &nbsp; &nbsp; &nbsp; &nbsp;^ c:\mingw\lib\gcc\mingw32\4.9.3\include\c++\cstdlib:228:11: error: &#39;::atoll&#39; has not been declared &nbsp; &nbsp;using ::atoll; &nbsp; &nbsp; &nbsp; &nbsp; &nbsp; &nbsp;^ c:\mingw\lib\gcc\mingw32\4.9.3\include\c++\cstdlib:229:11: error: &#39;::strtoll&#39; has not been declared &nbsp; &nbsp;using ::strtoll; &nbsp; &nbsp; &nbsp; &nbsp; &nbsp; &nbsp;^ c:\mingw\lib\gcc\mingw32\4.9.3\include\c++\cstdlib:230:11: error: &#39;::strtoull&#39; has not been declared &nbsp; &nbsp;using ::strtoull; &nbsp; &nbsp; &nbsp; &nbsp; &nbsp; &nbsp;^ c:\mingw\lib\gcc\mingw32\4.9.3\include\c++\cstdlib:232:11: error: &#39;::strtof&#39; has not been declared &nbsp; &nbsp;using ::strtof; &nbsp; &nbsp; &nbsp; &nbsp; &nbsp; &nbsp;^ c:\mingw\lib\gcc\mingw32\4.9.3\include\c++\cstdlib:233:11: error: &#39;::strtold&#39; has not been declared &nbsp; &nbsp;using ::strtold; &nbsp; &nbsp; &nbsp; &nbsp; &nbsp; &nbsp;^ c:\mingw\lib\gcc\mingw32\4.9.3\include\c++\cstdlib:241:22: error: &#39;__gnu_cxx::lldiv_t&#39; has not been declared &nbsp; &nbsp;using ::__gnu_cxx::lldiv_t; &nbsp; &nbsp; &nbsp; &nbsp; &nbsp; &nbsp; &nbsp; &nbsp; &nbsp; &nbsp; &nbsp; ^ c:\mingw\lib\gcc\mingw32\4.9.3\include\c++\cstdlib:243:22: error: &#39;__gnu_cxx::_Exit&#39; has not been declared &nbsp; &nbsp;using ::__gnu_cxx::_Exit; &nbsp; &nbsp; &nbsp; &nbsp; &nbsp; &nbsp; &nbsp; &nbsp; &nbsp; &nbsp; &nbsp; ^ c:\mingw\lib\gcc\mingw32\4.9.3\include\c++\cstdlib:245:22: error: &#39;__gnu_cxx::llabs&#39; has not been declared &nbsp; &nbsp;using ::__gnu_cxx::llabs; &nbsp; &nbsp; &nbsp; &nbsp; &nbsp; &nbsp; &nbsp; &nbsp; &nbsp; &nbsp; &nbsp; ^ c:\mingw\lib\gcc\mingw32\4.9.3\include\c++\cstdlib:246:22: error: &#39;__gnu_cxx::div&#39; has not been declared &nbsp; &nbsp;using ::__gnu_cxx::div; &nbsp; &nbsp; &nbsp; &nbsp; &nbsp; &nbsp; &nbsp; &nbsp; &nbsp; &nbsp; &nbsp; ^ c:\mingw\lib\gcc\mingw32\4.9.3\include\c++\cstdlib:247:22: error: &#39;__gnu_cxx::lldiv&#39; has not been declared &nbsp; &nbsp;using ::__gnu_cxx::lldiv; &nbsp; &nbsp; &nbsp; &nbsp; &nbsp; &nbsp; &nbsp; &nbsp; &nbsp; &nbsp; &nbsp; ^ c:\mingw\lib\gcc\mingw32\4.9.3\include\c++\cstdlib:249:22: error: &#39;__gnu_cxx::atoll&#39; has not been declared &nbsp; &nbsp;using ::__gnu_cxx::atoll; &nbsp; &nbsp; &nbsp; &nbsp; &nbsp; &nbsp; &nbsp; &nbsp; &nbsp; &nbsp; &nbsp; ^ c:\mingw\lib\gcc\mingw32\4.9.3\include\c++\cstdlib:250:22: error: &#39;__gnu_cxx::strtof&#39; has not been declared &nbsp; &nbsp;using ::__gnu_cxx::strtof; &nbsp; &nbsp; &nbsp; &nbsp; &nbsp; &nbsp; &nbsp; &nbsp; &nbsp; &nbsp; &nbsp; ^ c:\mingw\lib\gcc\mingw32\4.9.3\include\c++\cstdlib:251:22: error: &#39;__gnu_cxx::strtoll&#39; has not been declared &nbsp; &nbsp;using ::__gnu_cxx::strtoll; &nbsp; &nbsp; &nbsp; &nbsp; &nbsp; &nbsp; &nbsp; &nbsp; &nbsp; &nbsp; &nbsp; ^ c:\mingw\lib\gcc\mingw32\4.9.3\include\c++\cstdlib:252:22: error: &#39;__gnu_cxx::strtoull&#39; has not been declared &nbsp; &nbsp;using ::__gnu_cxx::strtoull; &nbsp; &nbsp; &nbsp; &nbsp; &nbsp; &nbsp; &nbsp; &nbsp; &nbsp; &nbsp; &nbsp; ^ c:\mingw\lib\gcc\mingw32\4.9.3\include\c++\cstdlib:253:22: error: &#39;__gnu_cxx::strtold&#39; has not been declared &nbsp; &nbsp;using ::__gnu_cxx::strtold; &nbsp; &nbsp; &nbsp; &nbsp; &nbsp; &nbsp; &nbsp; &nbsp; &nbsp; &nbsp; &nbsp; ^ In file included from c:\mingw\lib\gcc\mingw32\4.9.3\include\c++\ext\string_conversions.h:43:0, &nbsp; &nbsp; &nbsp; &nbsp; &nbsp; &nbsp; &nbsp; &nbsp; &nbsp;from c:\mingw\lib\gcc\mingw32\4.9.3\include\c++\bits\basic_string.h:2849, &nbsp; &nbsp; &nbsp; &nbsp; &nbsp; &nbsp; &nbsp; &nbsp; &nbsp;from c:\mingw\lib\gcc\mingw32\4.9.3\include\c++\string:52, &nbsp; &nbsp; &nbsp; &nbsp; &nbsp; &nbsp; &nbsp; &nbsp; &nbsp;from c:\mingw\lib\gcc\mingw32\4.9.3\include\c++\bits\locale_classes.h:40, &nbsp; &nbsp; &nbsp; &nbsp; &nbsp; &nbsp; &nbsp; &nbsp; &nbsp;from c:\mingw\lib\gcc\mingw32\4.9.3\include\c++\bits\ios_base.h:41, &nbsp; &nbsp; &nbsp; &nbsp; &nbsp; &nbsp; &nbsp; &nbsp; &nbsp;from c:\mingw\lib\gcc\mingw32\4.9.3\include\c++\ios:42, &nbsp; &nbsp; &nbsp; &nbsp; &nbsp; &nbsp; &nbsp; &nbsp; &nbsp;from c:\mingw\lib\gcc\mingw32\4.9.3\include\c++\ostream:38, &nbsp; &nbsp; &nbsp; &nbsp; &nbsp; &nbsp; &nbsp; &nbsp; &nbsp;from c:\mingw\lib\gcc\mingw32\4.9.3\include\c++\iostream:39, &nbsp; &nbsp; &nbsp; &nbsp; &nbsp; &nbsp; &nbsp; &nbsp; &nbsp;from E:\Android\clion\Study\main.cpp:1: c:\mingw\lib\gcc\mingw32\4.9.3\include\c++\cstdio:175:11: error: &#39;::snprintf&#39; has not been declared &nbsp; &nbsp;using ::snprintf; &nbsp; &nbsp; &nbsp; &nbsp; &nbsp; &nbsp;^ c:\mingw\lib\gcc\mingw32\4.9.3\include\c++\cstdio:176:11: error: &#39;::vfscanf&#39; has not been declared &nbsp; &nbsp;using ::vfscanf; &nbsp; &nbsp; &nbsp; &nbsp; &nbsp; &nbsp;^ c:\mingw\lib\gcc\mingw32\4.9.3\include\c++\cstdio:177:11: error: &#39;::vscanf&#39; has not been declared &nbsp; &nbsp;using ::vscanf; &nbsp; &nbsp; &nbsp; &nbsp; &nbsp; &nbsp;^ c:\mingw\lib\gcc\mingw32\4.9.3\include\c++\cstdio:178:11: error: &#39;::vsnprintf&#39; has not been declared &nbsp; &nbsp;using ::vsnprintf; &nbsp; &nbsp; &nbsp; &nbsp; &nbsp; &nbsp;^ c:\mingw\lib\gcc\mingw32\4.9.3\include\c++\cstdio:179:11: error: &#39;::vsscanf&#39; has not been declared &nbsp; &nbsp;using ::vsscanf; &nbsp; &nbsp; &nbsp; &nbsp; &nbsp; &nbsp;^ c:\mingw\lib\gcc\mingw32\4.9.3\include\c++\cstdio:185:22: error: &#39;__gnu_cxx::snprintf&#39; has not been declared &nbsp; &nbsp;using ::__gnu_cxx::snprintf; &nbsp; &nbsp; &nbsp; &nbsp; &nbsp; &nbsp; &nbsp; &nbsp; &nbsp; &nbsp; &nbsp; ^ c:\mingw\lib\gcc\mingw32\4.9.3\include\c++\cstdio:186:22: error: &#39;__gnu_cxx::vfscanf&#39; has not been declared &nbsp; &nbsp;using ::__gnu_cxx::vfscanf; &nbsp; &nbsp; &nbsp; &nbsp; &nbsp; &nbsp; &nbsp; &nbsp; &nbsp; &nbsp; &nbsp; ^ c:\mingw\lib\gcc\mingw32\4.9.3\include\c++\cstdio:187:22: error: &#39;__gnu_cxx::vscanf&#39; has not been declared &nbsp; &nbsp;using ::__gnu_cxx::vscanf; &nbsp; &nbsp; &nbsp; &nbsp; &nbsp; &nbsp; &nbsp; &nbsp; &nbsp; &nbsp; &nbsp; ^ c:\mingw\lib\gcc\mingw32\4.9.3\include\c++\cstdio:188:22: error: &#39;__gnu_cxx::vsnprintf&#39; has not been declared &nbsp; &nbsp;using ::__gnu_cxx::vsnprintf; &nbsp; &nbsp; &nbsp; &nbsp; &nbsp; &nbsp; &nbsp; &nbsp; &nbsp; &nbsp; &nbsp; ^ c:\mingw\lib\gcc\mingw32\4.9.3\include\c++\cstdio:189:22: error: &#39;__gnu_cxx::vsscanf&#39; has not been declared &nbsp; &nbsp;using ::__gnu_cxx::vsscanf; &nbsp; &nbsp; &nbsp; &nbsp; &nbsp; &nbsp; &nbsp; &nbsp; &nbsp; &nbsp; &nbsp; ^ In file included from c:\mingw\lib\gcc\mingw32\4.9.3\include\c++\string:52:0, &nbsp; &nbsp; &nbsp; &nbsp; &nbsp; &nbsp; &nbsp; &nbsp; &nbsp;from c:\mingw\lib\gcc\mingw32\4.9.3\include\c++\bits\locale_classes.h:40, &nbsp; &nbsp; &nbsp; &nbsp; &nbsp; &nbsp; &nbsp; &nbsp; &nbsp;from c:\mingw\lib\gcc\mingw32\4.9.3\include\c++\bits\ios_base.h:41, &nbsp; &nbsp; &nbsp; &nbsp; &nbsp; &nbsp; &nbsp; &nbsp; &nbsp;from c:\mingw\lib\gcc\mingw32\4.9.3\include\c++\ios:42, &nbsp; &nbsp; &nbsp; &nbsp; &nbsp; &nbsp; &nbsp; &nbsp; &nbsp;from c:\mingw\lib\gcc\mingw32\4.9.3\include\c++\ostream:38, &nbsp; &nbsp; &nbsp; &nbsp; &nbsp; &nbsp; &nbsp; &nbsp; &nbsp;from c:\mingw\lib\gcc\mingw32\4.9.3\include\c++\iostream:39, &nbsp; &nbsp; &nbsp; &nbsp; &nbsp; &nbsp; &nbsp; &nbsp; &nbsp;from E:\Android\clion\Study\main.cpp:1: c:\mingw\lib\gcc\mingw32\4.9.3\include\c++\bits\basic_string.h: In function &#39;long long int std::stoll(const string&amp;, std::size_t*, int)&#39;: c:\mingw\lib\gcc\mingw32\4.9.3\include\c++\bits\basic_string.h:2873:31: error: &#39;strtoll&#39; is not a member of &#39;std&#39; &nbsp; &nbsp;{ return __gnu_cxx::__stoa(&amp;std::strtoll, &quot;stoll&quot;, __str.c_str(), &nbsp; &nbsp; &nbsp; &nbsp; &nbsp; &nbsp; &nbsp; &nbsp; &nbsp; &nbsp; &nbsp; &nbsp; &nbsp; &nbsp; &nbsp; &nbsp;^ c:\mingw\lib\gcc\mingw32\4.9.3\include\c++\bits\basic_string.h: In function &#39;long long unsigned int std::stoull(const string&amp;, std::size_t*, int)&#39;: c:\mingw\lib\gcc\mingw32\4.9.3\include\c++\bits\basic_string.h:2878:31: error: &#39;strtoull&#39; is not a member of &#39;std&#39; &nbsp; &nbsp;{ return __gnu_cxx::__stoa(&amp;std::strtoull, &quot;stoull&quot;, __str.c_str(), &nbsp; &nbsp; &nbsp; &nbsp; &nbsp; &nbsp; &nbsp; &nbsp; &nbsp; &nbsp; &nbsp; &nbsp; &nbsp; &nbsp; &nbsp; &nbsp;^ c:\mingw\lib\gcc\mingw32\4.9.3\include\c++\bits\basic_string.h: In function &#39;float std::stof(const string&amp;, std::size_t*)&#39;: c:\mingw\lib\gcc\mingw32\4.9.3\include\c++\bits\basic_string.h:2884:31: error: &#39;strtof&#39; is not a member of &#39;std&#39; &nbsp; &nbsp;{ return __gnu_cxx::__stoa(&amp;std::strtof, &quot;stof&quot;, __str.c_str(), __idx); } &nbsp; &nbsp; &nbsp; &nbsp; &nbsp; &nbsp; &nbsp; &nbsp; &nbsp; &nbsp; &nbsp; &nbsp; &nbsp; &nbsp; &nbsp; &nbsp;^ c:\mingw\lib\gcc\mingw32\4.9.3\include\c++\bits\basic_string.h: In function &#39;long double std::stold(const string&amp;, std::size_t*)&#39;: c:\mingw\lib\gcc\mingw32\4.9.3\include\c++\bits\basic_string.h:2892:31: error: &#39;strtold&#39; is not a member of &#39;std&#39; &nbsp; &nbsp;{ return __gnu_cxx::__stoa(&amp;std::strtold, &quot;stold&quot;, __str.c_str(), __idx); } &nbsp; &nbsp; &nbsp; &nbsp; &nbsp; &nbsp; &nbsp; &nbsp; &nbsp; &nbsp; &nbsp; &nbsp; &nbsp; &nbsp; &nbsp; &nbsp;^ c:\mingw\lib\gcc\mingw32\4.9.3\include\c++\bits\basic_string.h: In function &#39;std::string std::to_string(int)&#39;: c:\mingw\lib\gcc\mingw32\4.9.3\include\c++\bits\basic_string.h:2899:45: error: &#39;vsnprintf&#39; is not a member of &#39;std&#39; &nbsp; &nbsp;{ return __gnu_cxx::__to_xstring&lt;string&gt;(&amp;std::vsnprintf, 4 * sizeof(int), &nbsp; &nbsp; &nbsp; &nbsp; &nbsp; &nbsp; &nbsp; &nbsp; &nbsp; &nbsp; &nbsp; &nbsp; &nbsp; &nbsp; &nbsp; &nbsp; &nbsp; &nbsp; &nbsp; &nbsp; &nbsp; &nbsp; &nbsp;^ c:\mingw\lib\gcc\mingw32\4.9.3\include\c++\bits\basic_string.h: In function &#39;std::string std::to_string(unsigned int)&#39;: c:\mingw\lib\gcc\mingw32\4.9.3\include\c++\bits\basic_string.h:2904:45: error: &#39;vsnprintf&#39; is not a member of &#39;std&#39; &nbsp; &nbsp;{ return __gnu_cxx::__to_xstring&lt;string&gt;(&amp;std::vsnprintf, &nbsp; &nbsp; &nbsp; &nbsp; &nbsp; &nbsp; &nbsp; &nbsp; &nbsp; &nbsp; &nbsp; &nbsp; &nbsp; &nbsp; &nbsp; &nbsp; &nbsp; &nbsp; &nbsp; &nbsp; &nbsp; &nbsp; &nbsp;^ c:\mingw\lib\gcc\mingw32\4.9.3\include\c++\bits\basic_string.h: In function &#39;std::string std::to_string(long int)&#39;: c:\mingw\lib\gcc\mingw32\4.9.3\include\c++\bits\basic_string.h:2910:45: error: &#39;vsnprintf&#39; is not a member of &#39;std&#39; &nbsp; &nbsp;{ return __gnu_cxx::__to_xstring&lt;string&gt;(&amp;std::vsnprintf, 4 * sizeof(long), &nbsp; &nbsp; &nbsp; &nbsp; &nbsp; &nbsp; &nbsp; &nbsp; &nbsp; &nbsp; &nbsp; &nbsp; &nbsp; &nbsp; &nbsp; &nbsp; &nbsp; &nbsp; &nbsp; &nbsp; &nbsp; &nbsp; &nbsp;^ c:\mingw\lib\gcc\mingw32\4.9.3\include\c++\bits\basic_string.h: In function &#39;std::string std::to_string(long unsigned int)&#39;: c:\mingw\lib\gcc\mingw32\4.9.3\include\c++\bits\basic_string.h:2915:45: error: &#39;vsnprintf&#39; is not a member of &#39;std&#39; &nbsp; &nbsp;{ return __gnu_cxx::__to_xstring&lt;string&gt;(&amp;std::vsnprintf, &nbsp; &nbsp; &nbsp; &nbsp; &nbsp; &nbsp; &nbsp; &nbsp; &nbsp; &nbsp; &nbsp; &nbsp; &nbsp; &nbsp; &nbsp; &nbsp; &nbsp; &nbsp; &nbsp; &nbsp; &nbsp; &nbsp; &nbsp;^ c:\mingw\lib\gcc\mingw32\4.9.3\include\c++\bits\basic_string.h: In function &#39;std::string std::to_string(long long int)&#39;: c:\mingw\lib\gcc\mingw32\4.9.3\include\c++\bits\basic_string.h:2921:45: error: &#39;vsnprintf&#39; is not a member of &#39;std&#39; &nbsp; &nbsp;{ return __gnu_cxx::__to_xstring&lt;string&gt;(&amp;std::vsnprintf, &nbsp; &nbsp; &nbsp; &nbsp; &nbsp; &nbsp; &nbsp; &nbsp; &nbsp; &nbsp; &nbsp; &nbsp; &nbsp; &nbsp; &nbsp; &nbsp; &nbsp; &nbsp; &nbsp; &nbsp; &nbsp; &nbsp; &nbsp;^ c:\mingw\lib\gcc\mingw32\4.9.3\include\c++\bits\basic_string.h: In function &#39;std::string std::to_string(long long unsigned int)&#39;: c:\mingw\lib\gcc\mingw32\4.9.3\include\c++\bits\basic_string.h:2927:45: error: &#39;vsnprintf&#39; is not a member of &#39;std&#39; &nbsp; &nbsp;{ return __gnu_cxx::__to_xstring&lt;string&gt;(&amp;std::vsnprintf, &nbsp; &nbsp; &nbsp; &nbsp; &nbsp; &nbsp; &nbsp; &nbsp; &nbsp; &nbsp; &nbsp; &nbsp; &nbsp; &nbsp; &nbsp; &nbsp; &nbsp; &nbsp; &nbsp; &nbsp; &nbsp; &nbsp; &nbsp;^ c:\mingw\lib\gcc\mingw32\4.9.3\include\c++\bits\basic_string.h: In function &#39;std::string std::to_string(float)&#39;: c:\mingw\lib\gcc\mingw32\4.9.3\include\c++\bits\basic_string.h:2936:45: error: &#39;vsnprintf&#39; is not a member of &#39;std&#39; &nbsp; &nbsp; &nbsp;return __gnu_cxx::__to_xstring&lt;string&gt;(&amp;std::vsnprintf, __n, &nbsp; &nbsp; &nbsp; &nbsp; &nbsp; &nbsp; &nbsp; &nbsp; &nbsp; &nbsp; &nbsp; &nbsp; &nbsp; &nbsp; &nbsp; &nbsp; &nbsp; &nbsp; &nbsp; &nbsp; &nbsp; &nbsp; &nbsp;^ c:\mingw\lib\gcc\mingw32\4.9.3\include\c++\bits\basic_string.h: In function &#39;std::string std::to_string(double)&#39;: c:\mingw\lib\gcc\mingw32\4.9.3\include\c++\bits\basic_string.h:2945:45: error: &#39;vsnprintf&#39; is not a member of &#39;std&#39; &nbsp; &nbsp; &nbsp;return __gnu_cxx::__to_xstring&lt;string&gt;(&amp;std::vsnprintf, __n, &nbsp; &nbsp; &nbsp; &nbsp; &nbsp; &nbsp; &nbsp; &nbsp; &nbsp; &nbsp; &nbsp; &nbsp; &nbsp; &nbsp; &nbsp; &nbsp; &nbsp; &nbsp; &nbsp; &nbsp; &nbsp; &nbsp; &nbsp;^ c:\mingw\lib\gcc\mingw32\4.9.3\include\c++\bits\basic_string.h: In function &#39;std::string std::to_string(long double)&#39;: c:\mingw\lib\gcc\mingw32\4.9.3\include\c++\bits\basic_string.h:2954:45: error: &#39;vsnprintf&#39; is not a member of &#39;std&#39; &nbsp; &nbsp; &nbsp;return __gnu_cxx::__to_xstring&lt;string&gt;(&amp;std::vsnprintf, __n, &nbsp; &nbsp; &nbsp; &nbsp; &nbsp; &nbsp; &nbsp; &nbsp; &nbsp; &nbsp; &nbsp; &nbsp; &nbsp; &nbsp; &nbsp; &nbsp; &nbsp; &nbsp; &nbsp; &nbsp; &nbsp; &nbsp; &nbsp;^ c:\mingw\lib\gcc\mingw32\4.9.3\include\c++\bits\basic_string.h: In function &#39;long long int std::stoll(const wstring&amp;, std::size_t*, int)&#39;: c:\mingw\lib\gcc\mingw32\4.9.3\include\c++\bits\basic_string.h:2976:31: error: &#39;wcstoll&#39; is not a member of &#39;std&#39; &nbsp; &nbsp;{ return __gnu_cxx::__stoa(&amp;std::wcstoll, &quot;stoll&quot;, __str.c_str(), &nbsp; &nbsp; &nbsp; &nbsp; &nbsp; &nbsp; &nbsp; &nbsp; &nbsp; &nbsp; &nbsp; &nbsp; &nbsp; &nbsp; &nbsp; &nbsp;^ c:\mingw\lib\gcc\mingw32\4.9.3\include\c++\bits\basic_string.h: In function &#39;long long unsigned int std::stoull(const wstring&amp;, std::size_t*, int)&#39;: c:\mingw\lib\gcc\mingw32\4.9.3\include\c++\bits\basic_string.h:2981:31: error: &#39;wcstoull&#39; is not a member of &#39;std&#39; &nbsp; &nbsp;{ return __gnu_cxx::__stoa(&amp;std::wcstoull, &quot;stoull&quot;, __str.c_str(), &nbsp; &nbsp; &nbsp; &nbsp; &nbsp; &nbsp; &nbsp; &nbsp; &nbsp; &nbsp; &nbsp; &nbsp; &nbsp; &nbsp; &nbsp; &nbsp;^ c:\mingw\lib\gcc\mingw32\4.9.3\include\c++\bits\basic_string.h: In function &#39;float std::stof(const wstring&amp;, std::size_t*)&#39;: c:\mingw\lib\gcc\mingw32\4.9.3\include\c++\bits\basic_string.h:2987:31: error: &#39;wcstof&#39; is not a member of &#39;std&#39; &nbsp; &nbsp;{ return __gnu_cxx::__stoa(&amp;std::wcstof, &quot;stof&quot;, __str.c_str(), __idx); } &nbsp; &nbsp; &nbsp; &nbsp; &nbsp; &nbsp; &nbsp; &nbsp; &nbsp; &nbsp; &nbsp; &nbsp; &nbsp; &nbsp; &nbsp; &nbsp;^ c:\mingw\lib\gcc\mingw32\4.9.3\include\c++\bits\basic_string.h: In function &#39;long double std::stold(const wstring&amp;, std::size_t*)&#39;: c:\mingw\lib\gcc\mingw32\4.9.3\include\c++\bits\basic_string.h:2995:31: error: &#39;wcstold&#39; is not a member of &#39;std&#39; &nbsp; &nbsp;{ return __gnu_cxx::__stoa(&amp;std::wcstold, &quot;stold&quot;, __str.c_str(), __idx); } &nbsp; &nbsp; &nbsp; &nbsp; &nbsp; &nbsp; &nbsp; &nbsp; &nbsp; &nbsp; &nbsp; &nbsp; &nbsp; &nbsp; &nbsp; &nbsp;^ CMakeFiles\Study.dir\build.make:61: recipe for target &#39;CMakeFiles/Study.dir/main.cpp.obj&#39; failed CMakeFiles\Makefile2:66: recipe for target &#39;CMakeFiles/Study.dir/all&#39; failed mingw32-make.exe[3]: *** [CMakeFiles/Study.dir/main.cpp.obj] Error 1 mingw32-make.exe[2]: *** [CMakeFiles/Study.dir/all] Error 2 mingw32-make.exe[1]: *** [CMakeFiles/Study.dir/rule] Error 2 CMakeFiles\Makefile2:78: recipe for target &#39;CMakeFiles/Study.dir/rule&#39; failed mingw32-make.exe: *** [Study] Error 2 Makefile:117: recipe for target &#39;Study&#39; failed google一翻，最后解决方案如下: set(CMAKE_CXX_FLAGS &quot;${CMAKE_CXX_FLAGS} -std=c++11&quot;)替换为: set(CMAKE_CXX_FLAGS &quot;${CMAKE_CXX_FLAGS} -std=gnu++11&quot;),再次编译通过 阅读更多" />
<meta property="og:description" content="最近利用业余时间在研究一下Clion,于是乎下载下载玩一下，新建项目，运行突然报好多错: &quot;E:\Android\AndroidDevTools\CLion 2016.2.1\bin\cmake\bin\cmake.exe&quot; --build C:\Users\lqm\.CLion2016.2\system\cmake\generated\Study-631276b8\631276b8\Debug --target Study -- -j 4 -- Configuring done -- Generating done -- Build files have been written to: C:/Users/lqm/.CLion2016.2/system/cmake/generated/Study-631276b8/631276b8/Debug [ 50%] Building CXX object CMakeFiles/Study.dir/main.cpp.obj In file included from c:\mingw\include\wchar.h:208:0, &nbsp; &nbsp; &nbsp; &nbsp; &nbsp; &nbsp; &nbsp; &nbsp; &nbsp;from c:\mingw\lib\gcc\mingw32\4.9.3\include\c++\cwchar:44, &nbsp; &nbsp; &nbsp; &nbsp; &nbsp; &nbsp; &nbsp; &nbsp; &nbsp;from c:\mingw\lib\gcc\mingw32\4.9.3\include\c++\bits\postypes.h:40, &nbsp; &nbsp; &nbsp; &nbsp; &nbsp; &nbsp; &nbsp; &nbsp; &nbsp;from c:\mingw\lib\gcc\mingw32\4.9.3\include\c++\iosfwd:40, &nbsp; &nbsp; &nbsp; &nbsp; &nbsp; &nbsp; &nbsp; &nbsp; &nbsp;from c:\mingw\lib\gcc\mingw32\4.9.3\include\c++\ios:38, &nbsp; &nbsp; &nbsp; &nbsp; &nbsp; &nbsp; &nbsp; &nbsp; &nbsp;from c:\mingw\lib\gcc\mingw32\4.9.3\include\c++\ostream:38, &nbsp; &nbsp; &nbsp; &nbsp; &nbsp; &nbsp; &nbsp; &nbsp; &nbsp;from c:\mingw\lib\gcc\mingw32\4.9.3\include\c++\iostream:39, &nbsp; &nbsp; &nbsp; &nbsp; &nbsp; &nbsp; &nbsp; &nbsp; &nbsp;from E:\Android\clion\Study\main.cpp:1: c:\mingw\include\sys/stat.h:173:14: error: &#39;_dev_t&#39; does not name a type &nbsp;struct _stat __struct_stat_defined( _off_t, time_t ); &nbsp; &nbsp; &nbsp; &nbsp; &nbsp; &nbsp; &nbsp; ^ c:\mingw\include\sys/stat.h:173:14: error: &#39;_ino_t&#39; does not name a type &nbsp;struct _stat __struct_stat_defined( _off_t, time_t ); &nbsp; &nbsp; &nbsp; &nbsp; &nbsp; &nbsp; &nbsp; ^ c:\mingw\include\sys/stat.h:173:14: error: &#39;_mode_t&#39; does not name a type &nbsp;struct _stat __struct_stat_defined( _off_t, time_t ); &nbsp; &nbsp; &nbsp; &nbsp; &nbsp; &nbsp; &nbsp; ^ c:\mingw\include\sys/stat.h:173:14: error: &#39;_dev_t&#39; does not name a type &nbsp;struct _stat __struct_stat_defined( _off_t, time_t ); &nbsp; &nbsp; &nbsp; &nbsp; &nbsp; &nbsp; &nbsp; ^ c:\mingw\include\sys/stat.h:173:14: error: &#39;_off_t&#39; does not name a type &nbsp;struct _stat __struct_stat_defined( _off_t, time_t ); &nbsp; &nbsp; &nbsp; &nbsp; &nbsp; &nbsp; &nbsp; ^ c:\mingw\include\sys/stat.h:173:14: error: &#39;time_t&#39; does not name a type &nbsp;struct _stat __struct_stat_defined( _off_t, time_t ); &nbsp; &nbsp; &nbsp; &nbsp; &nbsp; &nbsp; &nbsp; ^ c:\mingw\include\sys/stat.h:173:14: error: &#39;time_t&#39; does not name a type &nbsp;struct _stat __struct_stat_defined( _off_t, time_t ); &nbsp; &nbsp; &nbsp; &nbsp; &nbsp; &nbsp; &nbsp; ^ c:\mingw\include\sys/stat.h:173:14: error: &#39;time_t&#39; does not name a type &nbsp;struct _stat __struct_stat_defined( _off_t, time_t ); &nbsp; &nbsp; &nbsp; &nbsp; &nbsp; &nbsp; &nbsp; ^ c:\mingw\include\sys/stat.h:180:13: error: &#39;_dev_t&#39; does not name a type &nbsp;struct stat __struct_stat_defined( _off_t, time_t ); &nbsp; &nbsp; &nbsp; &nbsp; &nbsp; &nbsp; &nbsp;^ c:\mingw\include\sys/stat.h:180:13: error: &#39;_ino_t&#39; does not name a type &nbsp;struct stat __struct_stat_defined( _off_t, time_t ); &nbsp; &nbsp; &nbsp; &nbsp; &nbsp; &nbsp; &nbsp;^ c:\mingw\include\sys/stat.h:180:13: error: &#39;_mode_t&#39; does not name a type &nbsp;struct stat __struct_stat_defined( _off_t, time_t ); &nbsp; &nbsp; &nbsp; &nbsp; &nbsp; &nbsp; &nbsp;^ c:\mingw\include\sys/stat.h:180:13: error: &#39;_dev_t&#39; does not name a type &nbsp;struct stat __struct_stat_defined( _off_t, time_t ); &nbsp; &nbsp; &nbsp; &nbsp; &nbsp; &nbsp; &nbsp;^ c:\mingw\include\sys/stat.h:180:13: error: &#39;_off_t&#39; does not name a type &nbsp;struct stat __struct_stat_defined( _off_t, time_t ); &nbsp; &nbsp; &nbsp; &nbsp; &nbsp; &nbsp; &nbsp;^ c:\mingw\include\sys/stat.h:180:13: error: &#39;time_t&#39; does not name a type &nbsp;struct stat __struct_stat_defined( _off_t, time_t ); &nbsp; &nbsp; &nbsp; &nbsp; &nbsp; &nbsp; &nbsp;^ c:\mingw\include\sys/stat.h:180:13: error: &#39;time_t&#39; does not name a type &nbsp;struct stat __struct_stat_defined( _off_t, time_t ); &nbsp; &nbsp; &nbsp; &nbsp; &nbsp; &nbsp; &nbsp;^ c:\mingw\include\sys/stat.h:180:13: error: &#39;time_t&#39; does not name a type &nbsp;struct stat __struct_stat_defined( _off_t, time_t ); &nbsp; &nbsp; &nbsp; &nbsp; &nbsp; &nbsp; &nbsp;^ c:\mingw\include\sys/stat.h:188:17: error: &#39;_dev_t&#39; does not name a type &nbsp;struct _stati64 __struct_stat_defined( __off64_t, time_t ); &nbsp; &nbsp; &nbsp; &nbsp; &nbsp; &nbsp; &nbsp; &nbsp; &nbsp;^ c:\mingw\include\sys/stat.h:188:17: error: &#39;_ino_t&#39; does not name a type &nbsp;struct _stati64 __struct_stat_defined( __off64_t, time_t ); &nbsp; &nbsp; &nbsp; &nbsp; &nbsp; &nbsp; &nbsp; &nbsp; &nbsp;^ c:\mingw\include\sys/stat.h:188:17: error: &#39;_mode_t&#39; does not name a type &nbsp;struct _stati64 __struct_stat_defined( __off64_t, time_t ); &nbsp; &nbsp; &nbsp; &nbsp; &nbsp; &nbsp; &nbsp; &nbsp; &nbsp;^ c:\mingw\include\sys/stat.h:188:17: error: &#39;_dev_t&#39; does not name a type &nbsp;struct _stati64 __struct_stat_defined( __off64_t, time_t ); &nbsp; &nbsp; &nbsp; &nbsp; &nbsp; &nbsp; &nbsp; &nbsp; &nbsp;^ c:\mingw\include\sys/stat.h:188:17: error: &#39;__off64_t&#39; does not name a type &nbsp;struct _stati64 __struct_stat_defined( __off64_t, time_t ); &nbsp; &nbsp; &nbsp; &nbsp; &nbsp; &nbsp; &nbsp; &nbsp; &nbsp;^ c:\mingw\include\sys/stat.h:188:17: error: &#39;time_t&#39; does not name a type &nbsp;struct _stati64 __struct_stat_defined( __off64_t, time_t ); &nbsp; &nbsp; &nbsp; &nbsp; &nbsp; &nbsp; &nbsp; &nbsp; &nbsp;^ c:\mingw\include\sys/stat.h:188:17: error: &#39;time_t&#39; does not name a type &nbsp;struct _stati64 __struct_stat_defined( __off64_t, time_t ); &nbsp; &nbsp; &nbsp; &nbsp; &nbsp; &nbsp; &nbsp; &nbsp; &nbsp;^ c:\mingw\include\sys/stat.h:188:17: error: &#39;time_t&#39; does not name a type &nbsp;struct _stati64 __struct_stat_defined( __off64_t, time_t ); &nbsp; &nbsp; &nbsp; &nbsp; &nbsp; &nbsp; &nbsp; &nbsp; &nbsp;^ c:\mingw\include\sys/stat.h:195:17: error: &#39;_dev_t&#39; does not name a type &nbsp;struct __stat64 __struct_stat_defined( __off64_t, __time64_t ); &nbsp; &nbsp; &nbsp; &nbsp; &nbsp; &nbsp; &nbsp; &nbsp; &nbsp;^ c:\mingw\include\sys/stat.h:195:17: error: &#39;_ino_t&#39; does not name a type &nbsp;struct __stat64 __struct_stat_defined( __off64_t, __time64_t ); &nbsp; &nbsp; &nbsp; &nbsp; &nbsp; &nbsp; &nbsp; &nbsp; &nbsp;^ c:\mingw\include\sys/stat.h:195:17: error: &#39;_mode_t&#39; does not name a type &nbsp;struct __stat64 __struct_stat_defined( __off64_t, __time64_t ); &nbsp; &nbsp; &nbsp; &nbsp; &nbsp; &nbsp; &nbsp; &nbsp; &nbsp;^ c:\mingw\include\sys/stat.h:195:17: error: &#39;_dev_t&#39; does not name a type &nbsp;struct __stat64 __struct_stat_defined( __off64_t, __time64_t ); &nbsp; &nbsp; &nbsp; &nbsp; &nbsp; &nbsp; &nbsp; &nbsp; &nbsp;^ c:\mingw\include\sys/stat.h:195:17: error: &#39;__off64_t&#39; does not name a type &nbsp;struct __stat64 __struct_stat_defined( __off64_t, __time64_t ); &nbsp; &nbsp; &nbsp; &nbsp; &nbsp; &nbsp; &nbsp; &nbsp; &nbsp;^ c:\mingw\include\sys/stat.h:195:17: error: &#39;__time64_t&#39; does not name a type &nbsp;struct __stat64 __struct_stat_defined( __off64_t, __time64_t ); &nbsp; &nbsp; &nbsp; &nbsp; &nbsp; &nbsp; &nbsp; &nbsp; &nbsp;^ c:\mingw\include\sys/stat.h:195:17: error: &#39;__time64_t&#39; does not name a type &nbsp;struct __stat64 __struct_stat_defined( __off64_t, __time64_t ); &nbsp; &nbsp; &nbsp; &nbsp; &nbsp; &nbsp; &nbsp; &nbsp; &nbsp;^ c:\mingw\include\sys/stat.h:195:17: error: &#39;__time64_t&#39; does not name a type &nbsp;struct __stat64 __struct_stat_defined( __off64_t, __time64_t ); &nbsp; &nbsp; &nbsp; &nbsp; &nbsp; &nbsp; &nbsp; &nbsp; &nbsp;^ In file included from c:\mingw\include\wchar.h:233:0, &nbsp; &nbsp; &nbsp; &nbsp; &nbsp; &nbsp; &nbsp; &nbsp; &nbsp;from c:\mingw\lib\gcc\mingw32\4.9.3\include\c++\cwchar:44, &nbsp; &nbsp; &nbsp; &nbsp; &nbsp; &nbsp; &nbsp; &nbsp; &nbsp;from c:\mingw\lib\gcc\mingw32\4.9.3\include\c++\bits\postypes.h:40, &nbsp; &nbsp; &nbsp; &nbsp; &nbsp; &nbsp; &nbsp; &nbsp; &nbsp;from c:\mingw\lib\gcc\mingw32\4.9.3\include\c++\iosfwd:40, &nbsp; &nbsp; &nbsp; &nbsp; &nbsp; &nbsp; &nbsp; &nbsp; &nbsp;from c:\mingw\lib\gcc\mingw32\4.9.3\include\c++\ios:38, &nbsp; &nbsp; &nbsp; &nbsp; &nbsp; &nbsp; &nbsp; &nbsp; &nbsp;from c:\mingw\lib\gcc\mingw32\4.9.3\include\c++\ostream:38, &nbsp; &nbsp; &nbsp; &nbsp; &nbsp; &nbsp; &nbsp; &nbsp; &nbsp;from c:\mingw\lib\gcc\mingw32\4.9.3\include\c++\iostream:39, &nbsp; &nbsp; &nbsp; &nbsp; &nbsp; &nbsp; &nbsp; &nbsp; &nbsp;from E:\Android\clion\Study\main.cpp:1: c:\mingw\include\io.h:335:21: error: &#39;time_t&#39; does not name a type &nbsp;struct _wfinddata_t __struct_finddata_t (time_t, _fsize_t); &nbsp; &nbsp; &nbsp; &nbsp; &nbsp; &nbsp; &nbsp; &nbsp; &nbsp; &nbsp; &nbsp;^ c:\mingw\include\io.h:335:21: error: &#39;time_t&#39; does not name a type &nbsp;struct _wfinddata_t __struct_finddata_t (time_t, _fsize_t); &nbsp; &nbsp; &nbsp; &nbsp; &nbsp; &nbsp; &nbsp; &nbsp; &nbsp; &nbsp; &nbsp;^ c:\mingw\include\io.h:335:21: error: &#39;time_t&#39; does not name a type &nbsp;struct _wfinddata_t __struct_finddata_t (time_t, _fsize_t); &nbsp; &nbsp; &nbsp; &nbsp; &nbsp; &nbsp; &nbsp; &nbsp; &nbsp; &nbsp; &nbsp;^ c:\mingw\include\io.h:336:24: error: &#39;time_t&#39; does not name a type &nbsp;struct _wfinddatai64_t __struct_finddata_t (time_t, __int64); &nbsp; &nbsp; &nbsp; &nbsp; &nbsp; &nbsp; &nbsp; &nbsp; &nbsp; &nbsp; &nbsp; &nbsp; ^ c:\mingw\include\io.h:336:24: error: &#39;time_t&#39; does not name a type &nbsp;struct _wfinddatai64_t __struct_finddata_t (time_t, __int64); &nbsp; &nbsp; &nbsp; &nbsp; &nbsp; &nbsp; &nbsp; &nbsp; &nbsp; &nbsp; &nbsp; &nbsp; ^ c:\mingw\include\io.h:336:24: error: &#39;time_t&#39; does not name a type &nbsp;struct _wfinddatai64_t __struct_finddata_t (time_t, __int64); &nbsp; &nbsp; &nbsp; &nbsp; &nbsp; &nbsp; &nbsp; &nbsp; &nbsp; &nbsp; &nbsp; &nbsp; ^ c:\mingw\include\io.h:362:24: error: &#39;__time64_t&#39; does not name a type &nbsp;struct __wfinddata64_t __struct_finddata_t (__time64_t, __int64); &nbsp; &nbsp; &nbsp; &nbsp; &nbsp; &nbsp; &nbsp; &nbsp; &nbsp; &nbsp; &nbsp; &nbsp; ^ c:\mingw\include\io.h:362:24: error: &#39;__time64_t&#39; does not name a type &nbsp;struct __wfinddata64_t __struct_finddata_t (__time64_t, __int64); &nbsp; &nbsp; &nbsp; &nbsp; &nbsp; &nbsp; &nbsp; &nbsp; &nbsp; &nbsp; &nbsp; &nbsp; ^ c:\mingw\include\io.h:362:24: error: &#39;__time64_t&#39; does not name a type &nbsp;struct __wfinddata64_t __struct_finddata_t (__time64_t, __int64); &nbsp; &nbsp; &nbsp; &nbsp; &nbsp; &nbsp; &nbsp; &nbsp; &nbsp; &nbsp; &nbsp; &nbsp; ^ In file included from c:\mingw\lib\gcc\mingw32\4.9.3\include\c++\bits\postypes.h:40:0, &nbsp; &nbsp; &nbsp; &nbsp; &nbsp; &nbsp; &nbsp; &nbsp; &nbsp;from c:\mingw\lib\gcc\mingw32\4.9.3\include\c++\iosfwd:40, &nbsp; &nbsp; &nbsp; &nbsp; &nbsp; &nbsp; &nbsp; &nbsp; &nbsp;from c:\mingw\lib\gcc\mingw32\4.9.3\include\c++\ios:38, &nbsp; &nbsp; &nbsp; &nbsp; &nbsp; &nbsp; &nbsp; &nbsp; &nbsp;from c:\mingw\lib\gcc\mingw32\4.9.3\include\c++\ostream:38, &nbsp; &nbsp; &nbsp; &nbsp; &nbsp; &nbsp; &nbsp; &nbsp; &nbsp;from c:\mingw\lib\gcc\mingw32\4.9.3\include\c++\iostream:39, &nbsp; &nbsp; &nbsp; &nbsp; &nbsp; &nbsp; &nbsp; &nbsp; &nbsp;from E:\Android\clion\Study\main.cpp:1: c:\mingw\lib\gcc\mingw32\4.9.3\include\c++\cwchar:146:11: error: &#39;::fwide&#39; has not been declared &nbsp; &nbsp;using ::fwide; &nbsp; &nbsp; &nbsp; &nbsp; &nbsp; &nbsp;^ c:\mingw\lib\gcc\mingw32\4.9.3\include\c++\cwchar:153:11: error: &#39;::mbsinit&#39; has not been declared &nbsp; &nbsp;using ::mbsinit; &nbsp; &nbsp; &nbsp; &nbsp; &nbsp; &nbsp;^ c:\mingw\lib\gcc\mingw32\4.9.3\include\c++\cwchar:164:11: error: &#39;::vfwscanf&#39; has not been declared &nbsp; &nbsp;using ::vfwscanf; &nbsp; &nbsp; &nbsp; &nbsp; &nbsp; &nbsp;^ c:\mingw\lib\gcc\mingw32\4.9.3\include\c++\cwchar:170:11: error: &#39;::vswscanf&#39; has not been declared &nbsp; &nbsp;using ::vswscanf; &nbsp; &nbsp; &nbsp; &nbsp; &nbsp; &nbsp;^ c:\mingw\lib\gcc\mingw32\4.9.3\include\c++\cwchar:174:11: error: &#39;::vwscanf&#39; has not been declared &nbsp; &nbsp;using ::vwscanf; &nbsp; &nbsp; &nbsp; &nbsp; &nbsp; &nbsp;^ c:\mingw\lib\gcc\mingw32\4.9.3\include\c++\cwchar:191:11: error: &#39;::wcstof&#39; has not been declared &nbsp; &nbsp;using ::wcstof; &nbsp; &nbsp; &nbsp; &nbsp; &nbsp; &nbsp;^ c:\mingw\lib\gcc\mingw32\4.9.3\include\c++\cwchar:198:11: error: &#39;::wmemcmp&#39; has not been declared &nbsp; &nbsp;using ::wmemcmp; &nbsp; &nbsp; &nbsp; &nbsp; &nbsp; &nbsp;^ c:\mingw\lib\gcc\mingw32\4.9.3\include\c++\cwchar:199:11: error: &#39;::wmemcpy&#39; has not been declared &nbsp; &nbsp;using ::wmemcpy; &nbsp; &nbsp; &nbsp; &nbsp; &nbsp; &nbsp;^ c:\mingw\lib\gcc\mingw32\4.9.3\include\c++\cwchar:200:11: error: &#39;::wmemmove&#39; has not been declared &nbsp; &nbsp;using ::wmemmove; &nbsp; &nbsp; &nbsp; &nbsp; &nbsp; &nbsp;^ c:\mingw\lib\gcc\mingw32\4.9.3\include\c++\cwchar:201:11: error: &#39;::wmemset&#39; has not been declared &nbsp; &nbsp;using ::wmemset; &nbsp; &nbsp; &nbsp; &nbsp; &nbsp; &nbsp;^ c:\mingw\lib\gcc\mingw32\4.9.3\include\c++\cwchar:208:11: error: &#39;::wmemchr&#39; has not been declared &nbsp; &nbsp;using ::wmemchr; &nbsp; &nbsp; &nbsp; &nbsp; &nbsp; &nbsp;^ c:\mingw\lib\gcc\mingw32\4.9.3\include\c++\cwchar: In function &#39;wchar_t* std::wmemchr(wchar_t*, wchar_t, std::size_t)&#39;: c:\mingw\lib\gcc\mingw32\4.9.3\include\c++\cwchar:229:61: error: invalid conversion from &#39;const wchar_t*&#39; to &#39;wchar_t*&#39; [-fpermissive] &nbsp; &nbsp;{ return wmemchr(const_cast&lt;const wchar_t*&gt;(__p), __c, __n); } &nbsp; &nbsp; &nbsp; &nbsp; &nbsp; &nbsp; &nbsp; &nbsp; &nbsp; &nbsp; &nbsp; &nbsp; &nbsp; &nbsp; &nbsp; &nbsp; &nbsp; &nbsp; &nbsp; &nbsp; &nbsp; &nbsp; &nbsp; &nbsp; &nbsp; &nbsp; &nbsp; &nbsp; &nbsp; &nbsp; &nbsp;^ c:\mingw\lib\gcc\mingw32\4.9.3\include\c++\cwchar:228:3: note: initializing argument 1 of &#39;wchar_t* std::wmemchr(wchar_t*, wchar_t, std::size_t)&#39; &nbsp; &nbsp;wmemchr(wchar_t* __p, wchar_t __c, size_t __n) &nbsp; &nbsp;^ c:\mingw\lib\gcc\mingw32\4.9.3\include\c++\cwchar: At global scope: c:\mingw\lib\gcc\mingw32\4.9.3\include\c++\cwchar:248:11: error: &#39;::wcstold&#39; has not been declared &nbsp; &nbsp;using ::wcstold; &nbsp; &nbsp; &nbsp; &nbsp; &nbsp; &nbsp;^ c:\mingw\lib\gcc\mingw32\4.9.3\include\c++\cwchar:257:11: error: &#39;::wcstoll&#39; has not been declared &nbsp; &nbsp;using ::wcstoll; &nbsp; &nbsp; &nbsp; &nbsp; &nbsp; &nbsp;^ c:\mingw\lib\gcc\mingw32\4.9.3\include\c++\cwchar:258:11: error: &#39;::wcstoull&#39; has not been declared &nbsp; &nbsp;using ::wcstoull; &nbsp; &nbsp; &nbsp; &nbsp; &nbsp; &nbsp;^ c:\mingw\lib\gcc\mingw32\4.9.3\include\c++\cwchar:264:22: error: &#39;__gnu_cxx::wcstold&#39; has not been declared &nbsp; &nbsp;using ::__gnu_cxx::wcstold; &nbsp; &nbsp; &nbsp; &nbsp; &nbsp; &nbsp; &nbsp; &nbsp; &nbsp; &nbsp; &nbsp; ^ c:\mingw\lib\gcc\mingw32\4.9.3\include\c++\cwchar:265:22: error: &#39;__gnu_cxx::wcstoll&#39; has not been declared &nbsp; &nbsp;using ::__gnu_cxx::wcstoll; &nbsp; &nbsp; &nbsp; &nbsp; &nbsp; &nbsp; &nbsp; &nbsp; &nbsp; &nbsp; &nbsp; ^ c:\mingw\lib\gcc\mingw32\4.9.3\include\c++\cwchar:266:22: error: &#39;__gnu_cxx::wcstoull&#39; has not been declared &nbsp; &nbsp;using ::__gnu_cxx::wcstoull; &nbsp; &nbsp; &nbsp; &nbsp; &nbsp; &nbsp; &nbsp; &nbsp; &nbsp; &nbsp; &nbsp; ^ c:\mingw\lib\gcc\mingw32\4.9.3\include\c++\cwchar:280:14: error: &#39;std::wcstof&#39; has not been declared &nbsp; &nbsp;using std::wcstof; &nbsp; &nbsp; &nbsp; &nbsp; &nbsp; &nbsp; &nbsp; ^ c:\mingw\lib\gcc\mingw32\4.9.3\include\c++\cwchar:283:14: error: &#39;std::vfwscanf&#39; has not been declared &nbsp; &nbsp;using std::vfwscanf; &nbsp; &nbsp; &nbsp; &nbsp; &nbsp; &nbsp; &nbsp; ^ c:\mingw\lib\gcc\mingw32\4.9.3\include\c++\cwchar:286:14: error: &#39;std::vswscanf&#39; has not been declared &nbsp; &nbsp;using std::vswscanf; &nbsp; &nbsp; &nbsp; &nbsp; &nbsp; &nbsp; &nbsp; ^ c:\mingw\lib\gcc\mingw32\4.9.3\include\c++\cwchar:289:14: error: &#39;std::vwscanf&#39; has not been declared &nbsp; &nbsp;using std::vwscanf; &nbsp; &nbsp; &nbsp; &nbsp; &nbsp; &nbsp; &nbsp; ^ c:\mingw\lib\gcc\mingw32\4.9.3\include\c++\cwchar:293:14: error: &#39;std::wcstold&#39; has not been declared &nbsp; &nbsp;using std::wcstold; &nbsp; &nbsp; &nbsp; &nbsp; &nbsp; &nbsp; &nbsp; ^ c:\mingw\lib\gcc\mingw32\4.9.3\include\c++\cwchar:294:14: error: &#39;std::wcstoll&#39; has not been declared &nbsp; &nbsp;using std::wcstoll; &nbsp; &nbsp; &nbsp; &nbsp; &nbsp; &nbsp; &nbsp; ^ c:\mingw\lib\gcc\mingw32\4.9.3\include\c++\cwchar:295:14: error: &#39;std::wcstoull&#39; has not been declared &nbsp; &nbsp;using std::wcstoull; &nbsp; &nbsp; &nbsp; &nbsp; &nbsp; &nbsp; &nbsp; ^ In file included from c:\mingw\lib\gcc\mingw32\4.9.3\include\c++\ios:40:0, &nbsp; &nbsp; &nbsp; &nbsp; &nbsp; &nbsp; &nbsp; &nbsp; &nbsp;from c:\mingw\lib\gcc\mingw32\4.9.3\include\c++\ostream:38, &nbsp; &nbsp; &nbsp; &nbsp; &nbsp; &nbsp; &nbsp; &nbsp; &nbsp;from c:\mingw\lib\gcc\mingw32\4.9.3\include\c++\iostream:39, &nbsp; &nbsp; &nbsp; &nbsp; &nbsp; &nbsp; &nbsp; &nbsp; &nbsp;from E:\Android\clion\Study\main.cpp:1: c:\mingw\lib\gcc\mingw32\4.9.3\include\c++\bits\char_traits.h: In static member function &#39;static int std::char_traits&lt;wchar_t&gt;::compare(const char_type*, const char_type*, std::size_t)&#39;: c:\mingw\lib\gcc\mingw32\4.9.3\include\c++\bits\char_traits.h:330:39: error: &#39;wmemcmp&#39; was not declared in this scope &nbsp; &nbsp; &nbsp; &nbsp;{ return wmemcmp(__s1, __s2, __n); } &nbsp; &nbsp; &nbsp; &nbsp; &nbsp; &nbsp; &nbsp; &nbsp; &nbsp; &nbsp; &nbsp; &nbsp; &nbsp; &nbsp; &nbsp; &nbsp; &nbsp; &nbsp; &nbsp; &nbsp;^ c:\mingw\lib\gcc\mingw32\4.9.3\include\c++\bits\char_traits.h: In static member function &#39;static const char_type* std::char_traits&lt;wchar_t&gt;::find(const char_type*, std::size_t, const char_type&amp;)&#39;: c:\mingw\lib\gcc\mingw32\4.9.3\include\c++\bits\char_traits.h:338:37: error: invalid conversion from &#39;const char_type* {aka const wchar_t*}&#39; to &#39;wchar_t*&#39; [-fpermissive] &nbsp; &nbsp; &nbsp; &nbsp;{ return wmemchr(__s, __a, __n); } &nbsp; &nbsp; &nbsp; &nbsp; &nbsp; &nbsp; &nbsp; &nbsp; &nbsp; &nbsp; &nbsp; &nbsp; &nbsp; &nbsp; &nbsp; &nbsp; &nbsp; &nbsp; &nbsp;^ In file included from c:\mingw\lib\gcc\mingw32\4.9.3\include\c++\bits\postypes.h:40:0, &nbsp; &nbsp; &nbsp; &nbsp; &nbsp; &nbsp; &nbsp; &nbsp; &nbsp;from c:\mingw\lib\gcc\mingw32\4.9.3\include\c++\iosfwd:40, &nbsp; &nbsp; &nbsp; &nbsp; &nbsp; &nbsp; &nbsp; &nbsp; &nbsp;from c:\mingw\lib\gcc\mingw32\4.9.3\include\c++\ios:38, &nbsp; &nbsp; &nbsp; &nbsp; &nbsp; &nbsp; &nbsp; &nbsp; &nbsp;from c:\mingw\lib\gcc\mingw32\4.9.3\include\c++\ostream:38, &nbsp; &nbsp; &nbsp; &nbsp; &nbsp; &nbsp; &nbsp; &nbsp; &nbsp;from c:\mingw\lib\gcc\mingw32\4.9.3\include\c++\iostream:39, &nbsp; &nbsp; &nbsp; &nbsp; &nbsp; &nbsp; &nbsp; &nbsp; &nbsp;from E:\Android\clion\Study\main.cpp:1: c:\mingw\lib\gcc\mingw32\4.9.3\include\c++\cwchar:228:3: note: initializing argument 1 of &#39;wchar_t* std::wmemchr(wchar_t*, wchar_t, std::size_t)&#39; &nbsp; &nbsp;wmemchr(wchar_t* __p, wchar_t __c, size_t __n) &nbsp; &nbsp;^ In file included from c:\mingw\lib\gcc\mingw32\4.9.3\include\c++\ios:40:0, &nbsp; &nbsp; &nbsp; &nbsp; &nbsp; &nbsp; &nbsp; &nbsp; &nbsp;from c:\mingw\lib\gcc\mingw32\4.9.3\include\c++\ostream:38, &nbsp; &nbsp; &nbsp; &nbsp; &nbsp; &nbsp; &nbsp; &nbsp; &nbsp;from c:\mingw\lib\gcc\mingw32\4.9.3\include\c++\iostream:39, &nbsp; &nbsp; &nbsp; &nbsp; &nbsp; &nbsp; &nbsp; &nbsp; &nbsp;from E:\Android\clion\Study\main.cpp:1: c:\mingw\lib\gcc\mingw32\4.9.3\include\c++\bits\char_traits.h: In static member function &#39;static std::char_traits&lt;wchar_t&gt;::char_type* std::char_traits&lt;wchar_t&gt;::move(std::char_traits&lt;wchar_t&gt;::char_type*, const char_type*, std::size_t)&#39;: c:\mingw\lib\gcc\mingw32\4.9.3\include\c++\bits\char_traits.h:342:40: error: &#39;wmemmove&#39; was not declared in this scope &nbsp; &nbsp; &nbsp; &nbsp;{ return wmemmove(__s1, __s2, __n); } &nbsp; &nbsp; &nbsp; &nbsp; &nbsp; &nbsp; &nbsp; &nbsp; &nbsp; &nbsp; &nbsp; &nbsp; &nbsp; &nbsp; &nbsp; &nbsp; &nbsp; &nbsp; &nbsp; &nbsp; ^ c:\mingw\lib\gcc\mingw32\4.9.3\include\c++\bits\char_traits.h: In static member function &#39;static std::char_traits&lt;wchar_t&gt;::char_type* std::char_traits&lt;wchar_t&gt;::copy(std::char_traits&lt;wchar_t&gt;::char_type*, const char_type*, std::size_t)&#39;: c:\mingw\lib\gcc\mingw32\4.9.3\include\c++\bits\char_traits.h:346:39: error: &#39;wmemcpy&#39; was not declared in this scope &nbsp; &nbsp; &nbsp; &nbsp;{ return wmemcpy(__s1, __s2, __n); } &nbsp; &nbsp; &nbsp; &nbsp; &nbsp; &nbsp; &nbsp; &nbsp; &nbsp; &nbsp; &nbsp; &nbsp; &nbsp; &nbsp; &nbsp; &nbsp; &nbsp; &nbsp; &nbsp; &nbsp;^ c:\mingw\lib\gcc\mingw32\4.9.3\include\c++\bits\char_traits.h: In static member function &#39;static std::char_traits&lt;wchar_t&gt;::char_type* std::char_traits&lt;wchar_t&gt;::assign(std::char_traits&lt;wchar_t&gt;::char_type*, std::size_t, std::char_traits&lt;wchar_t&gt;::char_type)&#39;: c:\mingw\lib\gcc\mingw32\4.9.3\include\c++\bits\char_traits.h:350:37: error: &#39;wmemset&#39; was not declared in this scope &nbsp; &nbsp; &nbsp; &nbsp;{ return wmemset(__s, __a, __n); } &nbsp; &nbsp; &nbsp; &nbsp; &nbsp; &nbsp; &nbsp; &nbsp; &nbsp; &nbsp; &nbsp; &nbsp; &nbsp; &nbsp; &nbsp; &nbsp; &nbsp; &nbsp; &nbsp;^ In file included from c:\mingw\lib\gcc\mingw32\4.9.3\include\c++\ext\string_conversions.h:41:0, &nbsp; &nbsp; &nbsp; &nbsp; &nbsp; &nbsp; &nbsp; &nbsp; &nbsp;from c:\mingw\lib\gcc\mingw32\4.9.3\include\c++\bits\basic_string.h:2849, &nbsp; &nbsp; &nbsp; &nbsp; &nbsp; &nbsp; &nbsp; &nbsp; &nbsp;from c:\mingw\lib\gcc\mingw32\4.9.3\include\c++\string:52, &nbsp; &nbsp; &nbsp; &nbsp; &nbsp; &nbsp; &nbsp; &nbsp; &nbsp;from c:\mingw\lib\gcc\mingw32\4.9.3\include\c++\bits\locale_classes.h:40, &nbsp; &nbsp; &nbsp; &nbsp; &nbsp; &nbsp; &nbsp; &nbsp; &nbsp;from c:\mingw\lib\gcc\mingw32\4.9.3\include\c++\bits\ios_base.h:41, &nbsp; &nbsp; &nbsp; &nbsp; &nbsp; &nbsp; &nbsp; &nbsp; &nbsp;from c:\mingw\lib\gcc\mingw32\4.9.3\include\c++\ios:42, &nbsp; &nbsp; &nbsp; &nbsp; &nbsp; &nbsp; &nbsp; &nbsp; &nbsp;from c:\mingw\lib\gcc\mingw32\4.9.3\include\c++\ostream:38, &nbsp; &nbsp; &nbsp; &nbsp; &nbsp; &nbsp; &nbsp; &nbsp; &nbsp;from c:\mingw\lib\gcc\mingw32\4.9.3\include\c++\iostream:39, &nbsp; &nbsp; &nbsp; &nbsp; &nbsp; &nbsp; &nbsp; &nbsp; &nbsp;from E:\Android\clion\Study\main.cpp:1: c:\mingw\lib\gcc\mingw32\4.9.3\include\c++\cstdlib: At global scope: c:\mingw\lib\gcc\mingw32\4.9.3\include\c++\cstdlib:201:11: error: &#39;::lldiv_t&#39; has not been declared &nbsp; &nbsp;using ::lldiv_t; &nbsp; &nbsp; &nbsp; &nbsp; &nbsp; &nbsp;^ c:\mingw\lib\gcc\mingw32\4.9.3\include\c++\cstdlib:207:11: error: &#39;::_Exit&#39; has not been declared &nbsp; &nbsp;using ::_Exit; &nbsp; &nbsp; &nbsp; &nbsp; &nbsp; &nbsp;^ c:\mingw\lib\gcc\mingw32\4.9.3\include\c++\cstdlib:211:11: error: &#39;::llabs&#39; has not been declared &nbsp; &nbsp;using ::llabs; &nbsp; &nbsp; &nbsp; &nbsp; &nbsp; &nbsp;^ c:\mingw\lib\gcc\mingw32\4.9.3\include\c++\cstdlib:213:10: error: &#39;lldiv_t&#39; does not name a type &nbsp; &nbsp;inline lldiv_t &nbsp; &nbsp; &nbsp; &nbsp; &nbsp; ^ c:\mingw\lib\gcc\mingw32\4.9.3\include\c++\cstdlib:217:11: error: &#39;::lldiv&#39; has not been declared &nbsp; &nbsp;using ::lldiv; &nbsp; &nbsp; &nbsp; &nbsp; &nbsp; &nbsp;^ c:\mingw\lib\gcc\mingw32\4.9.3\include\c++\cstdlib:228:11: error: &#39;::atoll&#39; has not been declared &nbsp; &nbsp;using ::atoll; &nbsp; &nbsp; &nbsp; &nbsp; &nbsp; &nbsp;^ c:\mingw\lib\gcc\mingw32\4.9.3\include\c++\cstdlib:229:11: error: &#39;::strtoll&#39; has not been declared &nbsp; &nbsp;using ::strtoll; &nbsp; &nbsp; &nbsp; &nbsp; &nbsp; &nbsp;^ c:\mingw\lib\gcc\mingw32\4.9.3\include\c++\cstdlib:230:11: error: &#39;::strtoull&#39; has not been declared &nbsp; &nbsp;using ::strtoull; &nbsp; &nbsp; &nbsp; &nbsp; &nbsp; &nbsp;^ c:\mingw\lib\gcc\mingw32\4.9.3\include\c++\cstdlib:232:11: error: &#39;::strtof&#39; has not been declared &nbsp; &nbsp;using ::strtof; &nbsp; &nbsp; &nbsp; &nbsp; &nbsp; &nbsp;^ c:\mingw\lib\gcc\mingw32\4.9.3\include\c++\cstdlib:233:11: error: &#39;::strtold&#39; has not been declared &nbsp; &nbsp;using ::strtold; &nbsp; &nbsp; &nbsp; &nbsp; &nbsp; &nbsp;^ c:\mingw\lib\gcc\mingw32\4.9.3\include\c++\cstdlib:241:22: error: &#39;__gnu_cxx::lldiv_t&#39; has not been declared &nbsp; &nbsp;using ::__gnu_cxx::lldiv_t; &nbsp; &nbsp; &nbsp; &nbsp; &nbsp; &nbsp; &nbsp; &nbsp; &nbsp; &nbsp; &nbsp; ^ c:\mingw\lib\gcc\mingw32\4.9.3\include\c++\cstdlib:243:22: error: &#39;__gnu_cxx::_Exit&#39; has not been declared &nbsp; &nbsp;using ::__gnu_cxx::_Exit; &nbsp; &nbsp; &nbsp; &nbsp; &nbsp; &nbsp; &nbsp; &nbsp; &nbsp; &nbsp; &nbsp; ^ c:\mingw\lib\gcc\mingw32\4.9.3\include\c++\cstdlib:245:22: error: &#39;__gnu_cxx::llabs&#39; has not been declared &nbsp; &nbsp;using ::__gnu_cxx::llabs; &nbsp; &nbsp; &nbsp; &nbsp; &nbsp; &nbsp; &nbsp; &nbsp; &nbsp; &nbsp; &nbsp; ^ c:\mingw\lib\gcc\mingw32\4.9.3\include\c++\cstdlib:246:22: error: &#39;__gnu_cxx::div&#39; has not been declared &nbsp; &nbsp;using ::__gnu_cxx::div; &nbsp; &nbsp; &nbsp; &nbsp; &nbsp; &nbsp; &nbsp; &nbsp; &nbsp; &nbsp; &nbsp; ^ c:\mingw\lib\gcc\mingw32\4.9.3\include\c++\cstdlib:247:22: error: &#39;__gnu_cxx::lldiv&#39; has not been declared &nbsp; &nbsp;using ::__gnu_cxx::lldiv; &nbsp; &nbsp; &nbsp; &nbsp; &nbsp; &nbsp; &nbsp; &nbsp; &nbsp; &nbsp; &nbsp; ^ c:\mingw\lib\gcc\mingw32\4.9.3\include\c++\cstdlib:249:22: error: &#39;__gnu_cxx::atoll&#39; has not been declared &nbsp; &nbsp;using ::__gnu_cxx::atoll; &nbsp; &nbsp; &nbsp; &nbsp; &nbsp; &nbsp; &nbsp; &nbsp; &nbsp; &nbsp; &nbsp; ^ c:\mingw\lib\gcc\mingw32\4.9.3\include\c++\cstdlib:250:22: error: &#39;__gnu_cxx::strtof&#39; has not been declared &nbsp; &nbsp;using ::__gnu_cxx::strtof; &nbsp; &nbsp; &nbsp; &nbsp; &nbsp; &nbsp; &nbsp; &nbsp; &nbsp; &nbsp; &nbsp; ^ c:\mingw\lib\gcc\mingw32\4.9.3\include\c++\cstdlib:251:22: error: &#39;__gnu_cxx::strtoll&#39; has not been declared &nbsp; &nbsp;using ::__gnu_cxx::strtoll; &nbsp; &nbsp; &nbsp; &nbsp; &nbsp; &nbsp; &nbsp; &nbsp; &nbsp; &nbsp; &nbsp; ^ c:\mingw\lib\gcc\mingw32\4.9.3\include\c++\cstdlib:252:22: error: &#39;__gnu_cxx::strtoull&#39; has not been declared &nbsp; &nbsp;using ::__gnu_cxx::strtoull; &nbsp; &nbsp; &nbsp; &nbsp; &nbsp; &nbsp; &nbsp; &nbsp; &nbsp; &nbsp; &nbsp; ^ c:\mingw\lib\gcc\mingw32\4.9.3\include\c++\cstdlib:253:22: error: &#39;__gnu_cxx::strtold&#39; has not been declared &nbsp; &nbsp;using ::__gnu_cxx::strtold; &nbsp; &nbsp; &nbsp; &nbsp; &nbsp; &nbsp; &nbsp; &nbsp; &nbsp; &nbsp; &nbsp; ^ In file included from c:\mingw\lib\gcc\mingw32\4.9.3\include\c++\ext\string_conversions.h:43:0, &nbsp; &nbsp; &nbsp; &nbsp; &nbsp; &nbsp; &nbsp; &nbsp; &nbsp;from c:\mingw\lib\gcc\mingw32\4.9.3\include\c++\bits\basic_string.h:2849, &nbsp; &nbsp; &nbsp; &nbsp; &nbsp; &nbsp; &nbsp; &nbsp; &nbsp;from c:\mingw\lib\gcc\mingw32\4.9.3\include\c++\string:52, &nbsp; &nbsp; &nbsp; &nbsp; &nbsp; &nbsp; &nbsp; &nbsp; &nbsp;from c:\mingw\lib\gcc\mingw32\4.9.3\include\c++\bits\locale_classes.h:40, &nbsp; &nbsp; &nbsp; &nbsp; &nbsp; &nbsp; &nbsp; &nbsp; &nbsp;from c:\mingw\lib\gcc\mingw32\4.9.3\include\c++\bits\ios_base.h:41, &nbsp; &nbsp; &nbsp; &nbsp; &nbsp; &nbsp; &nbsp; &nbsp; &nbsp;from c:\mingw\lib\gcc\mingw32\4.9.3\include\c++\ios:42, &nbsp; &nbsp; &nbsp; &nbsp; &nbsp; &nbsp; &nbsp; &nbsp; &nbsp;from c:\mingw\lib\gcc\mingw32\4.9.3\include\c++\ostream:38, &nbsp; &nbsp; &nbsp; &nbsp; &nbsp; &nbsp; &nbsp; &nbsp; &nbsp;from c:\mingw\lib\gcc\mingw32\4.9.3\include\c++\iostream:39, &nbsp; &nbsp; &nbsp; &nbsp; &nbsp; &nbsp; &nbsp; &nbsp; &nbsp;from E:\Android\clion\Study\main.cpp:1: c:\mingw\lib\gcc\mingw32\4.9.3\include\c++\cstdio:175:11: error: &#39;::snprintf&#39; has not been declared &nbsp; &nbsp;using ::snprintf; &nbsp; &nbsp; &nbsp; &nbsp; &nbsp; &nbsp;^ c:\mingw\lib\gcc\mingw32\4.9.3\include\c++\cstdio:176:11: error: &#39;::vfscanf&#39; has not been declared &nbsp; &nbsp;using ::vfscanf; &nbsp; &nbsp; &nbsp; &nbsp; &nbsp; &nbsp;^ c:\mingw\lib\gcc\mingw32\4.9.3\include\c++\cstdio:177:11: error: &#39;::vscanf&#39; has not been declared &nbsp; &nbsp;using ::vscanf; &nbsp; &nbsp; &nbsp; &nbsp; &nbsp; &nbsp;^ c:\mingw\lib\gcc\mingw32\4.9.3\include\c++\cstdio:178:11: error: &#39;::vsnprintf&#39; has not been declared &nbsp; &nbsp;using ::vsnprintf; &nbsp; &nbsp; &nbsp; &nbsp; &nbsp; &nbsp;^ c:\mingw\lib\gcc\mingw32\4.9.3\include\c++\cstdio:179:11: error: &#39;::vsscanf&#39; has not been declared &nbsp; &nbsp;using ::vsscanf; &nbsp; &nbsp; &nbsp; &nbsp; &nbsp; &nbsp;^ c:\mingw\lib\gcc\mingw32\4.9.3\include\c++\cstdio:185:22: error: &#39;__gnu_cxx::snprintf&#39; has not been declared &nbsp; &nbsp;using ::__gnu_cxx::snprintf; &nbsp; &nbsp; &nbsp; &nbsp; &nbsp; &nbsp; &nbsp; &nbsp; &nbsp; &nbsp; &nbsp; ^ c:\mingw\lib\gcc\mingw32\4.9.3\include\c++\cstdio:186:22: error: &#39;__gnu_cxx::vfscanf&#39; has not been declared &nbsp; &nbsp;using ::__gnu_cxx::vfscanf; &nbsp; &nbsp; &nbsp; &nbsp; &nbsp; &nbsp; &nbsp; &nbsp; &nbsp; &nbsp; &nbsp; ^ c:\mingw\lib\gcc\mingw32\4.9.3\include\c++\cstdio:187:22: error: &#39;__gnu_cxx::vscanf&#39; has not been declared &nbsp; &nbsp;using ::__gnu_cxx::vscanf; &nbsp; &nbsp; &nbsp; &nbsp; &nbsp; &nbsp; &nbsp; &nbsp; &nbsp; &nbsp; &nbsp; ^ c:\mingw\lib\gcc\mingw32\4.9.3\include\c++\cstdio:188:22: error: &#39;__gnu_cxx::vsnprintf&#39; has not been declared &nbsp; &nbsp;using ::__gnu_cxx::vsnprintf; &nbsp; &nbsp; &nbsp; &nbsp; &nbsp; &nbsp; &nbsp; &nbsp; &nbsp; &nbsp; &nbsp; ^ c:\mingw\lib\gcc\mingw32\4.9.3\include\c++\cstdio:189:22: error: &#39;__gnu_cxx::vsscanf&#39; has not been declared &nbsp; &nbsp;using ::__gnu_cxx::vsscanf; &nbsp; &nbsp; &nbsp; &nbsp; &nbsp; &nbsp; &nbsp; &nbsp; &nbsp; &nbsp; &nbsp; ^ In file included from c:\mingw\lib\gcc\mingw32\4.9.3\include\c++\string:52:0, &nbsp; &nbsp; &nbsp; &nbsp; &nbsp; &nbsp; &nbsp; &nbsp; &nbsp;from c:\mingw\lib\gcc\mingw32\4.9.3\include\c++\bits\locale_classes.h:40, &nbsp; &nbsp; &nbsp; &nbsp; &nbsp; &nbsp; &nbsp; &nbsp; &nbsp;from c:\mingw\lib\gcc\mingw32\4.9.3\include\c++\bits\ios_base.h:41, &nbsp; &nbsp; &nbsp; &nbsp; &nbsp; &nbsp; &nbsp; &nbsp; &nbsp;from c:\mingw\lib\gcc\mingw32\4.9.3\include\c++\ios:42, &nbsp; &nbsp; &nbsp; &nbsp; &nbsp; &nbsp; &nbsp; &nbsp; &nbsp;from c:\mingw\lib\gcc\mingw32\4.9.3\include\c++\ostream:38, &nbsp; &nbsp; &nbsp; &nbsp; &nbsp; &nbsp; &nbsp; &nbsp; &nbsp;from c:\mingw\lib\gcc\mingw32\4.9.3\include\c++\iostream:39, &nbsp; &nbsp; &nbsp; &nbsp; &nbsp; &nbsp; &nbsp; &nbsp; &nbsp;from E:\Android\clion\Study\main.cpp:1: c:\mingw\lib\gcc\mingw32\4.9.3\include\c++\bits\basic_string.h: In function &#39;long long int std::stoll(const string&amp;, std::size_t*, int)&#39;: c:\mingw\lib\gcc\mingw32\4.9.3\include\c++\bits\basic_string.h:2873:31: error: &#39;strtoll&#39; is not a member of &#39;std&#39; &nbsp; &nbsp;{ return __gnu_cxx::__stoa(&amp;std::strtoll, &quot;stoll&quot;, __str.c_str(), &nbsp; &nbsp; &nbsp; &nbsp; &nbsp; &nbsp; &nbsp; &nbsp; &nbsp; &nbsp; &nbsp; &nbsp; &nbsp; &nbsp; &nbsp; &nbsp;^ c:\mingw\lib\gcc\mingw32\4.9.3\include\c++\bits\basic_string.h: In function &#39;long long unsigned int std::stoull(const string&amp;, std::size_t*, int)&#39;: c:\mingw\lib\gcc\mingw32\4.9.3\include\c++\bits\basic_string.h:2878:31: error: &#39;strtoull&#39; is not a member of &#39;std&#39; &nbsp; &nbsp;{ return __gnu_cxx::__stoa(&amp;std::strtoull, &quot;stoull&quot;, __str.c_str(), &nbsp; &nbsp; &nbsp; &nbsp; &nbsp; &nbsp; &nbsp; &nbsp; &nbsp; &nbsp; &nbsp; &nbsp; &nbsp; &nbsp; &nbsp; &nbsp;^ c:\mingw\lib\gcc\mingw32\4.9.3\include\c++\bits\basic_string.h: In function &#39;float std::stof(const string&amp;, std::size_t*)&#39;: c:\mingw\lib\gcc\mingw32\4.9.3\include\c++\bits\basic_string.h:2884:31: error: &#39;strtof&#39; is not a member of &#39;std&#39; &nbsp; &nbsp;{ return __gnu_cxx::__stoa(&amp;std::strtof, &quot;stof&quot;, __str.c_str(), __idx); } &nbsp; &nbsp; &nbsp; &nbsp; &nbsp; &nbsp; &nbsp; &nbsp; &nbsp; &nbsp; &nbsp; &nbsp; &nbsp; &nbsp; &nbsp; &nbsp;^ c:\mingw\lib\gcc\mingw32\4.9.3\include\c++\bits\basic_string.h: In function &#39;long double std::stold(const string&amp;, std::size_t*)&#39;: c:\mingw\lib\gcc\mingw32\4.9.3\include\c++\bits\basic_string.h:2892:31: error: &#39;strtold&#39; is not a member of &#39;std&#39; &nbsp; &nbsp;{ return __gnu_cxx::__stoa(&amp;std::strtold, &quot;stold&quot;, __str.c_str(), __idx); } &nbsp; &nbsp; &nbsp; &nbsp; &nbsp; &nbsp; &nbsp; &nbsp; &nbsp; &nbsp; &nbsp; &nbsp; &nbsp; &nbsp; &nbsp; &nbsp;^ c:\mingw\lib\gcc\mingw32\4.9.3\include\c++\bits\basic_string.h: In function &#39;std::string std::to_string(int)&#39;: c:\mingw\lib\gcc\mingw32\4.9.3\include\c++\bits\basic_string.h:2899:45: error: &#39;vsnprintf&#39; is not a member of &#39;std&#39; &nbsp; &nbsp;{ return __gnu_cxx::__to_xstring&lt;string&gt;(&amp;std::vsnprintf, 4 * sizeof(int), &nbsp; &nbsp; &nbsp; &nbsp; &nbsp; &nbsp; &nbsp; &nbsp; &nbsp; &nbsp; &nbsp; &nbsp; &nbsp; &nbsp; &nbsp; &nbsp; &nbsp; &nbsp; &nbsp; &nbsp; &nbsp; &nbsp; &nbsp;^ c:\mingw\lib\gcc\mingw32\4.9.3\include\c++\bits\basic_string.h: In function &#39;std::string std::to_string(unsigned int)&#39;: c:\mingw\lib\gcc\mingw32\4.9.3\include\c++\bits\basic_string.h:2904:45: error: &#39;vsnprintf&#39; is not a member of &#39;std&#39; &nbsp; &nbsp;{ return __gnu_cxx::__to_xstring&lt;string&gt;(&amp;std::vsnprintf, &nbsp; &nbsp; &nbsp; &nbsp; &nbsp; &nbsp; &nbsp; &nbsp; &nbsp; &nbsp; &nbsp; &nbsp; &nbsp; &nbsp; &nbsp; &nbsp; &nbsp; &nbsp; &nbsp; &nbsp; &nbsp; &nbsp; &nbsp;^ c:\mingw\lib\gcc\mingw32\4.9.3\include\c++\bits\basic_string.h: In function &#39;std::string std::to_string(long int)&#39;: c:\mingw\lib\gcc\mingw32\4.9.3\include\c++\bits\basic_string.h:2910:45: error: &#39;vsnprintf&#39; is not a member of &#39;std&#39; &nbsp; &nbsp;{ return __gnu_cxx::__to_xstring&lt;string&gt;(&amp;std::vsnprintf, 4 * sizeof(long), &nbsp; &nbsp; &nbsp; &nbsp; &nbsp; &nbsp; &nbsp; &nbsp; &nbsp; &nbsp; &nbsp; &nbsp; &nbsp; &nbsp; &nbsp; &nbsp; &nbsp; &nbsp; &nbsp; &nbsp; &nbsp; &nbsp; &nbsp;^ c:\mingw\lib\gcc\mingw32\4.9.3\include\c++\bits\basic_string.h: In function &#39;std::string std::to_string(long unsigned int)&#39;: c:\mingw\lib\gcc\mingw32\4.9.3\include\c++\bits\basic_string.h:2915:45: error: &#39;vsnprintf&#39; is not a member of &#39;std&#39; &nbsp; &nbsp;{ return __gnu_cxx::__to_xstring&lt;string&gt;(&amp;std::vsnprintf, &nbsp; &nbsp; &nbsp; &nbsp; &nbsp; &nbsp; &nbsp; &nbsp; &nbsp; &nbsp; &nbsp; &nbsp; &nbsp; &nbsp; &nbsp; &nbsp; &nbsp; &nbsp; &nbsp; &nbsp; &nbsp; &nbsp; &nbsp;^ c:\mingw\lib\gcc\mingw32\4.9.3\include\c++\bits\basic_string.h: In function &#39;std::string std::to_string(long long int)&#39;: c:\mingw\lib\gcc\mingw32\4.9.3\include\c++\bits\basic_string.h:2921:45: error: &#39;vsnprintf&#39; is not a member of &#39;std&#39; &nbsp; &nbsp;{ return __gnu_cxx::__to_xstring&lt;string&gt;(&amp;std::vsnprintf, &nbsp; &nbsp; &nbsp; &nbsp; &nbsp; &nbsp; &nbsp; &nbsp; &nbsp; &nbsp; &nbsp; &nbsp; &nbsp; &nbsp; &nbsp; &nbsp; &nbsp; &nbsp; &nbsp; &nbsp; &nbsp; &nbsp; &nbsp;^ c:\mingw\lib\gcc\mingw32\4.9.3\include\c++\bits\basic_string.h: In function &#39;std::string std::to_string(long long unsigned int)&#39;: c:\mingw\lib\gcc\mingw32\4.9.3\include\c++\bits\basic_string.h:2927:45: error: &#39;vsnprintf&#39; is not a member of &#39;std&#39; &nbsp; &nbsp;{ return __gnu_cxx::__to_xstring&lt;string&gt;(&amp;std::vsnprintf, &nbsp; &nbsp; &nbsp; &nbsp; &nbsp; &nbsp; &nbsp; &nbsp; &nbsp; &nbsp; &nbsp; &nbsp; &nbsp; &nbsp; &nbsp; &nbsp; &nbsp; &nbsp; &nbsp; &nbsp; &nbsp; &nbsp; &nbsp;^ c:\mingw\lib\gcc\mingw32\4.9.3\include\c++\bits\basic_string.h: In function &#39;std::string std::to_string(float)&#39;: c:\mingw\lib\gcc\mingw32\4.9.3\include\c++\bits\basic_string.h:2936:45: error: &#39;vsnprintf&#39; is not a member of &#39;std&#39; &nbsp; &nbsp; &nbsp;return __gnu_cxx::__to_xstring&lt;string&gt;(&amp;std::vsnprintf, __n, &nbsp; &nbsp; &nbsp; &nbsp; &nbsp; &nbsp; &nbsp; &nbsp; &nbsp; &nbsp; &nbsp; &nbsp; &nbsp; &nbsp; &nbsp; &nbsp; &nbsp; &nbsp; &nbsp; &nbsp; &nbsp; &nbsp; &nbsp;^ c:\mingw\lib\gcc\mingw32\4.9.3\include\c++\bits\basic_string.h: In function &#39;std::string std::to_string(double)&#39;: c:\mingw\lib\gcc\mingw32\4.9.3\include\c++\bits\basic_string.h:2945:45: error: &#39;vsnprintf&#39; is not a member of &#39;std&#39; &nbsp; &nbsp; &nbsp;return __gnu_cxx::__to_xstring&lt;string&gt;(&amp;std::vsnprintf, __n, &nbsp; &nbsp; &nbsp; &nbsp; &nbsp; &nbsp; &nbsp; &nbsp; &nbsp; &nbsp; &nbsp; &nbsp; &nbsp; &nbsp; &nbsp; &nbsp; &nbsp; &nbsp; &nbsp; &nbsp; &nbsp; &nbsp; &nbsp;^ c:\mingw\lib\gcc\mingw32\4.9.3\include\c++\bits\basic_string.h: In function &#39;std::string std::to_string(long double)&#39;: c:\mingw\lib\gcc\mingw32\4.9.3\include\c++\bits\basic_string.h:2954:45: error: &#39;vsnprintf&#39; is not a member of &#39;std&#39; &nbsp; &nbsp; &nbsp;return __gnu_cxx::__to_xstring&lt;string&gt;(&amp;std::vsnprintf, __n, &nbsp; &nbsp; &nbsp; &nbsp; &nbsp; &nbsp; &nbsp; &nbsp; &nbsp; &nbsp; &nbsp; &nbsp; &nbsp; &nbsp; &nbsp; &nbsp; &nbsp; &nbsp; &nbsp; &nbsp; &nbsp; &nbsp; &nbsp;^ c:\mingw\lib\gcc\mingw32\4.9.3\include\c++\bits\basic_string.h: In function &#39;long long int std::stoll(const wstring&amp;, std::size_t*, int)&#39;: c:\mingw\lib\gcc\mingw32\4.9.3\include\c++\bits\basic_string.h:2976:31: error: &#39;wcstoll&#39; is not a member of &#39;std&#39; &nbsp; &nbsp;{ return __gnu_cxx::__stoa(&amp;std::wcstoll, &quot;stoll&quot;, __str.c_str(), &nbsp; &nbsp; &nbsp; &nbsp; &nbsp; &nbsp; &nbsp; &nbsp; &nbsp; &nbsp; &nbsp; &nbsp; &nbsp; &nbsp; &nbsp; &nbsp;^ c:\mingw\lib\gcc\mingw32\4.9.3\include\c++\bits\basic_string.h: In function &#39;long long unsigned int std::stoull(const wstring&amp;, std::size_t*, int)&#39;: c:\mingw\lib\gcc\mingw32\4.9.3\include\c++\bits\basic_string.h:2981:31: error: &#39;wcstoull&#39; is not a member of &#39;std&#39; &nbsp; &nbsp;{ return __gnu_cxx::__stoa(&amp;std::wcstoull, &quot;stoull&quot;, __str.c_str(), &nbsp; &nbsp; &nbsp; &nbsp; &nbsp; &nbsp; &nbsp; &nbsp; &nbsp; &nbsp; &nbsp; &nbsp; &nbsp; &nbsp; &nbsp; &nbsp;^ c:\mingw\lib\gcc\mingw32\4.9.3\include\c++\bits\basic_string.h: In function &#39;float std::stof(const wstring&amp;, std::size_t*)&#39;: c:\mingw\lib\gcc\mingw32\4.9.3\include\c++\bits\basic_string.h:2987:31: error: &#39;wcstof&#39; is not a member of &#39;std&#39; &nbsp; &nbsp;{ return __gnu_cxx::__stoa(&amp;std::wcstof, &quot;stof&quot;, __str.c_str(), __idx); } &nbsp; &nbsp; &nbsp; &nbsp; &nbsp; &nbsp; &nbsp; &nbsp; &nbsp; &nbsp; &nbsp; &nbsp; &nbsp; &nbsp; &nbsp; &nbsp;^ c:\mingw\lib\gcc\mingw32\4.9.3\include\c++\bits\basic_string.h: In function &#39;long double std::stold(const wstring&amp;, std::size_t*)&#39;: c:\mingw\lib\gcc\mingw32\4.9.3\include\c++\bits\basic_string.h:2995:31: error: &#39;wcstold&#39; is not a member of &#39;std&#39; &nbsp; &nbsp;{ return __gnu_cxx::__stoa(&amp;std::wcstold, &quot;stold&quot;, __str.c_str(), __idx); } &nbsp; &nbsp; &nbsp; &nbsp; &nbsp; &nbsp; &nbsp; &nbsp; &nbsp; &nbsp; &nbsp; &nbsp; &nbsp; &nbsp; &nbsp; &nbsp;^ CMakeFiles\Study.dir\build.make:61: recipe for target &#39;CMakeFiles/Study.dir/main.cpp.obj&#39; failed CMakeFiles\Makefile2:66: recipe for target &#39;CMakeFiles/Study.dir/all&#39; failed mingw32-make.exe[3]: *** [CMakeFiles/Study.dir/main.cpp.obj] Error 1 mingw32-make.exe[2]: *** [CMakeFiles/Study.dir/all] Error 2 mingw32-make.exe[1]: *** [CMakeFiles/Study.dir/rule] Error 2 CMakeFiles\Makefile2:78: recipe for target &#39;CMakeFiles/Study.dir/rule&#39; failed mingw32-make.exe: *** [Study] Error 2 Makefile:117: recipe for target &#39;Study&#39; failed google一翻，最后解决方案如下: set(CMAKE_CXX_FLAGS &quot;${CMAKE_CXX_FLAGS} -std=c++11&quot;)替换为: set(CMAKE_CXX_FLAGS &quot;${CMAKE_CXX_FLAGS} -std=gnu++11&quot;),再次编译通过 阅读更多" />
<meta property="og:site_name" content="有组织在！" />
<meta property="og:type" content="article" />
<meta property="article:published_time" content="2016-11-01T00:00:00+08:00" />
<script type="application/ld+json">
{"description":"最近利用业余时间在研究一下Clion,于是乎下载下载玩一下，新建项目，运行突然报好多错: &quot;E:\\Android\\AndroidDevTools\\CLion 2016.2.1\\bin\\cmake\\bin\\cmake.exe&quot; --build C:\\Users\\lqm\\.CLion2016.2\\system\\cmake\\generated\\Study-631276b8\\631276b8\\Debug --target Study -- -j 4 -- Configuring done -- Generating done -- Build files have been written to: C:/Users/lqm/.CLion2016.2/system/cmake/generated/Study-631276b8/631276b8/Debug [ 50%] Building CXX object CMakeFiles/Study.dir/main.cpp.obj In file included from c:\\mingw\\include\\wchar.h:208:0, &nbsp; &nbsp; &nbsp; &nbsp; &nbsp; &nbsp; &nbsp; &nbsp; &nbsp;from c:\\mingw\\lib\\gcc\\mingw32\\4.9.3\\include\\c++\\cwchar:44, &nbsp; &nbsp; &nbsp; &nbsp; &nbsp; &nbsp; &nbsp; &nbsp; &nbsp;from c:\\mingw\\lib\\gcc\\mingw32\\4.9.3\\include\\c++\\bits\\postypes.h:40, &nbsp; &nbsp; &nbsp; &nbsp; &nbsp; &nbsp; &nbsp; &nbsp; &nbsp;from c:\\mingw\\lib\\gcc\\mingw32\\4.9.3\\include\\c++\\iosfwd:40, &nbsp; &nbsp; &nbsp; &nbsp; &nbsp; &nbsp; &nbsp; &nbsp; &nbsp;from c:\\mingw\\lib\\gcc\\mingw32\\4.9.3\\include\\c++\\ios:38, &nbsp; &nbsp; &nbsp; &nbsp; &nbsp; &nbsp; &nbsp; &nbsp; &nbsp;from c:\\mingw\\lib\\gcc\\mingw32\\4.9.3\\include\\c++\\ostream:38, &nbsp; &nbsp; &nbsp; &nbsp; &nbsp; &nbsp; &nbsp; &nbsp; &nbsp;from c:\\mingw\\lib\\gcc\\mingw32\\4.9.3\\include\\c++\\iostream:39, &nbsp; &nbsp; &nbsp; &nbsp; &nbsp; &nbsp; &nbsp; &nbsp; &nbsp;from E:\\Android\\clion\\Study\\main.cpp:1: c:\\mingw\\include\\sys/stat.h:173:14: error: &#39;_dev_t&#39; does not name a type &nbsp;struct _stat __struct_stat_defined( _off_t, time_t ); &nbsp; &nbsp; &nbsp; &nbsp; &nbsp; &nbsp; &nbsp; ^ c:\\mingw\\include\\sys/stat.h:173:14: error: &#39;_ino_t&#39; does not name a type &nbsp;struct _stat __struct_stat_defined( _off_t, time_t ); &nbsp; &nbsp; &nbsp; &nbsp; &nbsp; &nbsp; &nbsp; ^ c:\\mingw\\include\\sys/stat.h:173:14: error: &#39;_mode_t&#39; does not name a type &nbsp;struct _stat __struct_stat_defined( _off_t, time_t ); &nbsp; &nbsp; &nbsp; &nbsp; &nbsp; &nbsp; &nbsp; ^ c:\\mingw\\include\\sys/stat.h:173:14: error: &#39;_dev_t&#39; does not name a type &nbsp;struct _stat __struct_stat_defined( _off_t, time_t ); &nbsp; &nbsp; &nbsp; &nbsp; &nbsp; &nbsp; &nbsp; ^ c:\\mingw\\include\\sys/stat.h:173:14: error: &#39;_off_t&#39; does not name a type &nbsp;struct _stat __struct_stat_defined( _off_t, time_t ); &nbsp; &nbsp; &nbsp; &nbsp; &nbsp; &nbsp; &nbsp; ^ c:\\mingw\\include\\sys/stat.h:173:14: error: &#39;time_t&#39; does not name a type &nbsp;struct _stat __struct_stat_defined( _off_t, time_t ); &nbsp; &nbsp; &nbsp; &nbsp; &nbsp; &nbsp; &nbsp; ^ c:\\mingw\\include\\sys/stat.h:173:14: error: &#39;time_t&#39; does not name a type &nbsp;struct _stat __struct_stat_defined( _off_t, time_t ); &nbsp; &nbsp; &nbsp; &nbsp; &nbsp; &nbsp; &nbsp; ^ c:\\mingw\\include\\sys/stat.h:173:14: error: &#39;time_t&#39; does not name a type &nbsp;struct _stat __struct_stat_defined( _off_t, time_t ); &nbsp; &nbsp; &nbsp; &nbsp; &nbsp; &nbsp; &nbsp; ^ c:\\mingw\\include\\sys/stat.h:180:13: error: &#39;_dev_t&#39; does not name a type &nbsp;struct stat __struct_stat_defined( _off_t, time_t ); &nbsp; &nbsp; &nbsp; &nbsp; &nbsp; &nbsp; &nbsp;^ c:\\mingw\\include\\sys/stat.h:180:13: error: &#39;_ino_t&#39; does not name a type &nbsp;struct stat __struct_stat_defined( _off_t, time_t ); &nbsp; &nbsp; &nbsp; &nbsp; &nbsp; &nbsp; &nbsp;^ c:\\mingw\\include\\sys/stat.h:180:13: error: &#39;_mode_t&#39; does not name a type &nbsp;struct stat __struct_stat_defined( _off_t, time_t ); &nbsp; &nbsp; &nbsp; &nbsp; &nbsp; &nbsp; &nbsp;^ c:\\mingw\\include\\sys/stat.h:180:13: error: &#39;_dev_t&#39; does not name a type &nbsp;struct stat __struct_stat_defined( _off_t, time_t ); &nbsp; &nbsp; &nbsp; &nbsp; &nbsp; &nbsp; &nbsp;^ c:\\mingw\\include\\sys/stat.h:180:13: error: &#39;_off_t&#39; does not name a type &nbsp;struct stat __struct_stat_defined( _off_t, time_t ); &nbsp; &nbsp; &nbsp; &nbsp; &nbsp; &nbsp; &nbsp;^ c:\\mingw\\include\\sys/stat.h:180:13: error: &#39;time_t&#39; does not name a type &nbsp;struct stat __struct_stat_defined( _off_t, time_t ); &nbsp; &nbsp; &nbsp; &nbsp; &nbsp; &nbsp; &nbsp;^ c:\\mingw\\include\\sys/stat.h:180:13: error: &#39;time_t&#39; does not name a type &nbsp;struct stat __struct_stat_defined( _off_t, time_t ); &nbsp; &nbsp; &nbsp; &nbsp; &nbsp; &nbsp; &nbsp;^ c:\\mingw\\include\\sys/stat.h:180:13: error: &#39;time_t&#39; does not name a type &nbsp;struct stat __struct_stat_defined( _off_t, time_t ); &nbsp; &nbsp; &nbsp; &nbsp; &nbsp; &nbsp; &nbsp;^ c:\\mingw\\include\\sys/stat.h:188:17: error: &#39;_dev_t&#39; does not name a type &nbsp;struct _stati64 __struct_stat_defined( __off64_t, time_t ); &nbsp; &nbsp; &nbsp; &nbsp; &nbsp; &nbsp; &nbsp; &nbsp; &nbsp;^ c:\\mingw\\include\\sys/stat.h:188:17: error: &#39;_ino_t&#39; does not name a type &nbsp;struct _stati64 __struct_stat_defined( __off64_t, time_t ); &nbsp; &nbsp; &nbsp; &nbsp; &nbsp; &nbsp; &nbsp; &nbsp; &nbsp;^ c:\\mingw\\include\\sys/stat.h:188:17: error: &#39;_mode_t&#39; does not name a type &nbsp;struct _stati64 __struct_stat_defined( __off64_t, time_t ); &nbsp; &nbsp; &nbsp; &nbsp; &nbsp; &nbsp; &nbsp; &nbsp; &nbsp;^ c:\\mingw\\include\\sys/stat.h:188:17: error: &#39;_dev_t&#39; does not name a type &nbsp;struct _stati64 __struct_stat_defined( __off64_t, time_t ); &nbsp; &nbsp; &nbsp; &nbsp; &nbsp; &nbsp; &nbsp; &nbsp; &nbsp;^ c:\\mingw\\include\\sys/stat.h:188:17: error: &#39;__off64_t&#39; does not name a type &nbsp;struct _stati64 __struct_stat_defined( __off64_t, time_t ); &nbsp; &nbsp; &nbsp; &nbsp; &nbsp; &nbsp; &nbsp; &nbsp; &nbsp;^ c:\\mingw\\include\\sys/stat.h:188:17: error: &#39;time_t&#39; does not name a type &nbsp;struct _stati64 __struct_stat_defined( __off64_t, time_t ); &nbsp; &nbsp; &nbsp; &nbsp; &nbsp; &nbsp; &nbsp; &nbsp; &nbsp;^ c:\\mingw\\include\\sys/stat.h:188:17: error: &#39;time_t&#39; does not name a type &nbsp;struct _stati64 __struct_stat_defined( __off64_t, time_t ); &nbsp; &nbsp; &nbsp; &nbsp; &nbsp; &nbsp; &nbsp; &nbsp; &nbsp;^ c:\\mingw\\include\\sys/stat.h:188:17: error: &#39;time_t&#39; does not name a type &nbsp;struct _stati64 __struct_stat_defined( __off64_t, time_t ); &nbsp; &nbsp; &nbsp; &nbsp; &nbsp; &nbsp; &nbsp; &nbsp; &nbsp;^ c:\\mingw\\include\\sys/stat.h:195:17: error: &#39;_dev_t&#39; does not name a type &nbsp;struct __stat64 __struct_stat_defined( __off64_t, __time64_t ); &nbsp; &nbsp; &nbsp; &nbsp; &nbsp; &nbsp; &nbsp; &nbsp; &nbsp;^ c:\\mingw\\include\\sys/stat.h:195:17: error: &#39;_ino_t&#39; does not name a type &nbsp;struct __stat64 __struct_stat_defined( __off64_t, __time64_t ); &nbsp; &nbsp; &nbsp; &nbsp; &nbsp; &nbsp; &nbsp; &nbsp; &nbsp;^ c:\\mingw\\include\\sys/stat.h:195:17: error: &#39;_mode_t&#39; does not name a type &nbsp;struct __stat64 __struct_stat_defined( __off64_t, __time64_t ); &nbsp; &nbsp; &nbsp; &nbsp; &nbsp; &nbsp; &nbsp; &nbsp; &nbsp;^ c:\\mingw\\include\\sys/stat.h:195:17: error: &#39;_dev_t&#39; does not name a type &nbsp;struct __stat64 __struct_stat_defined( __off64_t, __time64_t ); &nbsp; &nbsp; &nbsp; &nbsp; &nbsp; &nbsp; &nbsp; &nbsp; &nbsp;^ c:\\mingw\\include\\sys/stat.h:195:17: error: &#39;__off64_t&#39; does not name a type &nbsp;struct __stat64 __struct_stat_defined( __off64_t, __time64_t ); &nbsp; &nbsp; &nbsp; &nbsp; &nbsp; &nbsp; &nbsp; &nbsp; &nbsp;^ c:\\mingw\\include\\sys/stat.h:195:17: error: &#39;__time64_t&#39; does not name a type &nbsp;struct __stat64 __struct_stat_defined( __off64_t, __time64_t ); &nbsp; &nbsp; &nbsp; &nbsp; &nbsp; &nbsp; &nbsp; &nbsp; &nbsp;^ c:\\mingw\\include\\sys/stat.h:195:17: error: &#39;__time64_t&#39; does not name a type &nbsp;struct __stat64 __struct_stat_defined( __off64_t, __time64_t ); &nbsp; &nbsp; &nbsp; &nbsp; &nbsp; &nbsp; &nbsp; &nbsp; &nbsp;^ c:\\mingw\\include\\sys/stat.h:195:17: error: &#39;__time64_t&#39; does not name a type &nbsp;struct __stat64 __struct_stat_defined( __off64_t, __time64_t ); &nbsp; &nbsp; &nbsp; &nbsp; &nbsp; &nbsp; &nbsp; &nbsp; &nbsp;^ In file included from c:\\mingw\\include\\wchar.h:233:0, &nbsp; &nbsp; &nbsp; &nbsp; &nbsp; &nbsp; &nbsp; &nbsp; &nbsp;from c:\\mingw\\lib\\gcc\\mingw32\\4.9.3\\include\\c++\\cwchar:44, &nbsp; &nbsp; &nbsp; &nbsp; &nbsp; &nbsp; &nbsp; &nbsp; &nbsp;from c:\\mingw\\lib\\gcc\\mingw32\\4.9.3\\include\\c++\\bits\\postypes.h:40, &nbsp; &nbsp; &nbsp; &nbsp; &nbsp; &nbsp; &nbsp; &nbsp; &nbsp;from c:\\mingw\\lib\\gcc\\mingw32\\4.9.3\\include\\c++\\iosfwd:40, &nbsp; &nbsp; &nbsp; &nbsp; &nbsp; &nbsp; &nbsp; &nbsp; &nbsp;from c:\\mingw\\lib\\gcc\\mingw32\\4.9.3\\include\\c++\\ios:38, &nbsp; &nbsp; &nbsp; &nbsp; &nbsp; &nbsp; &nbsp; &nbsp; &nbsp;from c:\\mingw\\lib\\gcc\\mingw32\\4.9.3\\include\\c++\\ostream:38, &nbsp; &nbsp; &nbsp; &nbsp; &nbsp; &nbsp; &nbsp; &nbsp; &nbsp;from c:\\mingw\\lib\\gcc\\mingw32\\4.9.3\\include\\c++\\iostream:39, &nbsp; &nbsp; &nbsp; &nbsp; &nbsp; &nbsp; &nbsp; &nbsp; &nbsp;from E:\\Android\\clion\\Study\\main.cpp:1: c:\\mingw\\include\\io.h:335:21: error: &#39;time_t&#39; does not name a type &nbsp;struct _wfinddata_t __struct_finddata_t (time_t, _fsize_t); &nbsp; &nbsp; &nbsp; &nbsp; &nbsp; &nbsp; &nbsp; &nbsp; &nbsp; &nbsp; &nbsp;^ c:\\mingw\\include\\io.h:335:21: error: &#39;time_t&#39; does not name a type &nbsp;struct _wfinddata_t __struct_finddata_t (time_t, _fsize_t); &nbsp; &nbsp; &nbsp; &nbsp; &nbsp; &nbsp; &nbsp; &nbsp; &nbsp; &nbsp; &nbsp;^ c:\\mingw\\include\\io.h:335:21: error: &#39;time_t&#39; does not name a type &nbsp;struct _wfinddata_t __struct_finddata_t (time_t, _fsize_t); &nbsp; &nbsp; &nbsp; &nbsp; &nbsp; &nbsp; &nbsp; &nbsp; &nbsp; &nbsp; &nbsp;^ c:\\mingw\\include\\io.h:336:24: error: &#39;time_t&#39; does not name a type &nbsp;struct _wfinddatai64_t __struct_finddata_t (time_t, __int64); &nbsp; &nbsp; &nbsp; &nbsp; &nbsp; &nbsp; &nbsp; &nbsp; &nbsp; &nbsp; &nbsp; &nbsp; ^ c:\\mingw\\include\\io.h:336:24: error: &#39;time_t&#39; does not name a type &nbsp;struct _wfinddatai64_t __struct_finddata_t (time_t, __int64); &nbsp; &nbsp; &nbsp; &nbsp; &nbsp; &nbsp; &nbsp; &nbsp; &nbsp; &nbsp; &nbsp; &nbsp; ^ c:\\mingw\\include\\io.h:336:24: error: &#39;time_t&#39; does not name a type &nbsp;struct _wfinddatai64_t __struct_finddata_t (time_t, __int64); &nbsp; &nbsp; &nbsp; &nbsp; &nbsp; &nbsp; &nbsp; &nbsp; &nbsp; &nbsp; &nbsp; &nbsp; ^ c:\\mingw\\include\\io.h:362:24: error: &#39;__time64_t&#39; does not name a type &nbsp;struct __wfinddata64_t __struct_finddata_t (__time64_t, __int64); &nbsp; &nbsp; &nbsp; &nbsp; &nbsp; &nbsp; &nbsp; &nbsp; &nbsp; &nbsp; &nbsp; &nbsp; ^ c:\\mingw\\include\\io.h:362:24: error: &#39;__time64_t&#39; does not name a type &nbsp;struct __wfinddata64_t __struct_finddata_t (__time64_t, __int64); &nbsp; &nbsp; &nbsp; &nbsp; &nbsp; &nbsp; &nbsp; &nbsp; &nbsp; &nbsp; &nbsp; &nbsp; ^ c:\\mingw\\include\\io.h:362:24: error: &#39;__time64_t&#39; does not name a type &nbsp;struct __wfinddata64_t __struct_finddata_t (__time64_t, __int64); &nbsp; &nbsp; &nbsp; &nbsp; &nbsp; &nbsp; &nbsp; &nbsp; &nbsp; &nbsp; &nbsp; &nbsp; ^ In file included from c:\\mingw\\lib\\gcc\\mingw32\\4.9.3\\include\\c++\\bits\\postypes.h:40:0, &nbsp; &nbsp; &nbsp; &nbsp; &nbsp; &nbsp; &nbsp; &nbsp; &nbsp;from c:\\mingw\\lib\\gcc\\mingw32\\4.9.3\\include\\c++\\iosfwd:40, &nbsp; &nbsp; &nbsp; &nbsp; &nbsp; &nbsp; &nbsp; &nbsp; &nbsp;from c:\\mingw\\lib\\gcc\\mingw32\\4.9.3\\include\\c++\\ios:38, &nbsp; &nbsp; &nbsp; &nbsp; &nbsp; &nbsp; &nbsp; &nbsp; &nbsp;from c:\\mingw\\lib\\gcc\\mingw32\\4.9.3\\include\\c++\\ostream:38, &nbsp; &nbsp; &nbsp; &nbsp; &nbsp; &nbsp; &nbsp; &nbsp; &nbsp;from c:\\mingw\\lib\\gcc\\mingw32\\4.9.3\\include\\c++\\iostream:39, &nbsp; &nbsp; &nbsp; &nbsp; &nbsp; &nbsp; &nbsp; &nbsp; &nbsp;from E:\\Android\\clion\\Study\\main.cpp:1: c:\\mingw\\lib\\gcc\\mingw32\\4.9.3\\include\\c++\\cwchar:146:11: error: &#39;::fwide&#39; has not been declared &nbsp; &nbsp;using ::fwide; &nbsp; &nbsp; &nbsp; &nbsp; &nbsp; &nbsp;^ c:\\mingw\\lib\\gcc\\mingw32\\4.9.3\\include\\c++\\cwchar:153:11: error: &#39;::mbsinit&#39; has not been declared &nbsp; &nbsp;using ::mbsinit; &nbsp; &nbsp; &nbsp; &nbsp; &nbsp; &nbsp;^ c:\\mingw\\lib\\gcc\\mingw32\\4.9.3\\include\\c++\\cwchar:164:11: error: &#39;::vfwscanf&#39; has not been declared &nbsp; &nbsp;using ::vfwscanf; &nbsp; &nbsp; &nbsp; &nbsp; &nbsp; &nbsp;^ c:\\mingw\\lib\\gcc\\mingw32\\4.9.3\\include\\c++\\cwchar:170:11: error: &#39;::vswscanf&#39; has not been declared &nbsp; &nbsp;using ::vswscanf; &nbsp; &nbsp; &nbsp; &nbsp; &nbsp; &nbsp;^ c:\\mingw\\lib\\gcc\\mingw32\\4.9.3\\include\\c++\\cwchar:174:11: error: &#39;::vwscanf&#39; has not been declared &nbsp; &nbsp;using ::vwscanf; &nbsp; &nbsp; &nbsp; &nbsp; &nbsp; &nbsp;^ c:\\mingw\\lib\\gcc\\mingw32\\4.9.3\\include\\c++\\cwchar:191:11: error: &#39;::wcstof&#39; has not been declared &nbsp; &nbsp;using ::wcstof; &nbsp; &nbsp; &nbsp; &nbsp; &nbsp; &nbsp;^ c:\\mingw\\lib\\gcc\\mingw32\\4.9.3\\include\\c++\\cwchar:198:11: error: &#39;::wmemcmp&#39; has not been declared &nbsp; &nbsp;using ::wmemcmp; &nbsp; &nbsp; &nbsp; &nbsp; &nbsp; &nbsp;^ c:\\mingw\\lib\\gcc\\mingw32\\4.9.3\\include\\c++\\cwchar:199:11: error: &#39;::wmemcpy&#39; has not been declared &nbsp; &nbsp;using ::wmemcpy; &nbsp; &nbsp; &nbsp; &nbsp; &nbsp; &nbsp;^ c:\\mingw\\lib\\gcc\\mingw32\\4.9.3\\include\\c++\\cwchar:200:11: error: &#39;::wmemmove&#39; has not been declared &nbsp; &nbsp;using ::wmemmove; &nbsp; &nbsp; &nbsp; &nbsp; &nbsp; &nbsp;^ c:\\mingw\\lib\\gcc\\mingw32\\4.9.3\\include\\c++\\cwchar:201:11: error: &#39;::wmemset&#39; has not been declared &nbsp; &nbsp;using ::wmemset; &nbsp; &nbsp; &nbsp; &nbsp; &nbsp; &nbsp;^ c:\\mingw\\lib\\gcc\\mingw32\\4.9.3\\include\\c++\\cwchar:208:11: error: &#39;::wmemchr&#39; has not been declared &nbsp; &nbsp;using ::wmemchr; &nbsp; &nbsp; &nbsp; &nbsp; &nbsp; &nbsp;^ c:\\mingw\\lib\\gcc\\mingw32\\4.9.3\\include\\c++\\cwchar: In function &#39;wchar_t* std::wmemchr(wchar_t*, wchar_t, std::size_t)&#39;: c:\\mingw\\lib\\gcc\\mingw32\\4.9.3\\include\\c++\\cwchar:229:61: error: invalid conversion from &#39;const wchar_t*&#39; to &#39;wchar_t*&#39; [-fpermissive] &nbsp; &nbsp;{ return wmemchr(const_cast&lt;const wchar_t*&gt;(__p), __c, __n); } &nbsp; &nbsp; &nbsp; &nbsp; &nbsp; &nbsp; &nbsp; &nbsp; &nbsp; &nbsp; &nbsp; &nbsp; &nbsp; &nbsp; &nbsp; &nbsp; &nbsp; &nbsp; &nbsp; &nbsp; &nbsp; &nbsp; &nbsp; &nbsp; &nbsp; &nbsp; &nbsp; &nbsp; &nbsp; &nbsp; &nbsp;^ c:\\mingw\\lib\\gcc\\mingw32\\4.9.3\\include\\c++\\cwchar:228:3: note: initializing argument 1 of &#39;wchar_t* std::wmemchr(wchar_t*, wchar_t, std::size_t)&#39; &nbsp; &nbsp;wmemchr(wchar_t* __p, wchar_t __c, size_t __n) &nbsp; &nbsp;^ c:\\mingw\\lib\\gcc\\mingw32\\4.9.3\\include\\c++\\cwchar: At global scope: c:\\mingw\\lib\\gcc\\mingw32\\4.9.3\\include\\c++\\cwchar:248:11: error: &#39;::wcstold&#39; has not been declared &nbsp; &nbsp;using ::wcstold; &nbsp; &nbsp; &nbsp; &nbsp; &nbsp; &nbsp;^ c:\\mingw\\lib\\gcc\\mingw32\\4.9.3\\include\\c++\\cwchar:257:11: error: &#39;::wcstoll&#39; has not been declared &nbsp; &nbsp;using ::wcstoll; &nbsp; &nbsp; &nbsp; &nbsp; &nbsp; &nbsp;^ c:\\mingw\\lib\\gcc\\mingw32\\4.9.3\\include\\c++\\cwchar:258:11: error: &#39;::wcstoull&#39; has not been declared &nbsp; &nbsp;using ::wcstoull; &nbsp; &nbsp; &nbsp; &nbsp; &nbsp; &nbsp;^ c:\\mingw\\lib\\gcc\\mingw32\\4.9.3\\include\\c++\\cwchar:264:22: error: &#39;__gnu_cxx::wcstold&#39; has not been declared &nbsp; &nbsp;using ::__gnu_cxx::wcstold; &nbsp; &nbsp; &nbsp; &nbsp; &nbsp; &nbsp; &nbsp; &nbsp; &nbsp; &nbsp; &nbsp; ^ c:\\mingw\\lib\\gcc\\mingw32\\4.9.3\\include\\c++\\cwchar:265:22: error: &#39;__gnu_cxx::wcstoll&#39; has not been declared &nbsp; &nbsp;using ::__gnu_cxx::wcstoll; &nbsp; &nbsp; &nbsp; &nbsp; &nbsp; &nbsp; &nbsp; &nbsp; &nbsp; &nbsp; &nbsp; ^ c:\\mingw\\lib\\gcc\\mingw32\\4.9.3\\include\\c++\\cwchar:266:22: error: &#39;__gnu_cxx::wcstoull&#39; has not been declared &nbsp; &nbsp;using ::__gnu_cxx::wcstoull; &nbsp; &nbsp; &nbsp; &nbsp; &nbsp; &nbsp; &nbsp; &nbsp; &nbsp; &nbsp; &nbsp; ^ c:\\mingw\\lib\\gcc\\mingw32\\4.9.3\\include\\c++\\cwchar:280:14: error: &#39;std::wcstof&#39; has not been declared &nbsp; &nbsp;using std::wcstof; &nbsp; &nbsp; &nbsp; &nbsp; &nbsp; &nbsp; &nbsp; ^ c:\\mingw\\lib\\gcc\\mingw32\\4.9.3\\include\\c++\\cwchar:283:14: error: &#39;std::vfwscanf&#39; has not been declared &nbsp; &nbsp;using std::vfwscanf; &nbsp; &nbsp; &nbsp; &nbsp; &nbsp; &nbsp; &nbsp; ^ c:\\mingw\\lib\\gcc\\mingw32\\4.9.3\\include\\c++\\cwchar:286:14: error: &#39;std::vswscanf&#39; has not been declared &nbsp; &nbsp;using std::vswscanf; &nbsp; &nbsp; &nbsp; &nbsp; &nbsp; &nbsp; &nbsp; ^ c:\\mingw\\lib\\gcc\\mingw32\\4.9.3\\include\\c++\\cwchar:289:14: error: &#39;std::vwscanf&#39; has not been declared &nbsp; &nbsp;using std::vwscanf; &nbsp; &nbsp; &nbsp; &nbsp; &nbsp; &nbsp; &nbsp; ^ c:\\mingw\\lib\\gcc\\mingw32\\4.9.3\\include\\c++\\cwchar:293:14: error: &#39;std::wcstold&#39; has not been declared &nbsp; &nbsp;using std::wcstold; &nbsp; &nbsp; &nbsp; &nbsp; &nbsp; &nbsp; &nbsp; ^ c:\\mingw\\lib\\gcc\\mingw32\\4.9.3\\include\\c++\\cwchar:294:14: error: &#39;std::wcstoll&#39; has not been declared &nbsp; &nbsp;using std::wcstoll; &nbsp; &nbsp; &nbsp; &nbsp; &nbsp; &nbsp; &nbsp; ^ c:\\mingw\\lib\\gcc\\mingw32\\4.9.3\\include\\c++\\cwchar:295:14: error: &#39;std::wcstoull&#39; has not been declared &nbsp; &nbsp;using std::wcstoull; &nbsp; &nbsp; &nbsp; &nbsp; &nbsp; &nbsp; &nbsp; ^ In file included from c:\\mingw\\lib\\gcc\\mingw32\\4.9.3\\include\\c++\\ios:40:0, &nbsp; &nbsp; &nbsp; &nbsp; &nbsp; &nbsp; &nbsp; &nbsp; &nbsp;from c:\\mingw\\lib\\gcc\\mingw32\\4.9.3\\include\\c++\\ostream:38, &nbsp; &nbsp; &nbsp; &nbsp; &nbsp; &nbsp; &nbsp; &nbsp; &nbsp;from c:\\mingw\\lib\\gcc\\mingw32\\4.9.3\\include\\c++\\iostream:39, &nbsp; &nbsp; &nbsp; &nbsp; &nbsp; &nbsp; &nbsp; &nbsp; &nbsp;from E:\\Android\\clion\\Study\\main.cpp:1: c:\\mingw\\lib\\gcc\\mingw32\\4.9.3\\include\\c++\\bits\\char_traits.h: In static member function &#39;static int std::char_traits&lt;wchar_t&gt;::compare(const char_type*, const char_type*, std::size_t)&#39;: c:\\mingw\\lib\\gcc\\mingw32\\4.9.3\\include\\c++\\bits\\char_traits.h:330:39: error: &#39;wmemcmp&#39; was not declared in this scope &nbsp; &nbsp; &nbsp; &nbsp;{ return wmemcmp(__s1, __s2, __n); } &nbsp; &nbsp; &nbsp; &nbsp; &nbsp; &nbsp; &nbsp; &nbsp; &nbsp; &nbsp; &nbsp; &nbsp; &nbsp; &nbsp; &nbsp; &nbsp; &nbsp; &nbsp; &nbsp; &nbsp;^ c:\\mingw\\lib\\gcc\\mingw32\\4.9.3\\include\\c++\\bits\\char_traits.h: In static member function &#39;static const char_type* std::char_traits&lt;wchar_t&gt;::find(const char_type*, std::size_t, const char_type&amp;)&#39;: c:\\mingw\\lib\\gcc\\mingw32\\4.9.3\\include\\c++\\bits\\char_traits.h:338:37: error: invalid conversion from &#39;const char_type* {aka const wchar_t*}&#39; to &#39;wchar_t*&#39; [-fpermissive] &nbsp; &nbsp; &nbsp; &nbsp;{ return wmemchr(__s, __a, __n); } &nbsp; &nbsp; &nbsp; &nbsp; &nbsp; &nbsp; &nbsp; &nbsp; &nbsp; &nbsp; &nbsp; &nbsp; &nbsp; &nbsp; &nbsp; &nbsp; &nbsp; &nbsp; &nbsp;^ In file included from c:\\mingw\\lib\\gcc\\mingw32\\4.9.3\\include\\c++\\bits\\postypes.h:40:0, &nbsp; &nbsp; &nbsp; &nbsp; &nbsp; &nbsp; &nbsp; &nbsp; &nbsp;from c:\\mingw\\lib\\gcc\\mingw32\\4.9.3\\include\\c++\\iosfwd:40, &nbsp; &nbsp; &nbsp; &nbsp; &nbsp; &nbsp; &nbsp; &nbsp; &nbsp;from c:\\mingw\\lib\\gcc\\mingw32\\4.9.3\\include\\c++\\ios:38, &nbsp; &nbsp; &nbsp; &nbsp; &nbsp; &nbsp; &nbsp; &nbsp; &nbsp;from c:\\mingw\\lib\\gcc\\mingw32\\4.9.3\\include\\c++\\ostream:38, &nbsp; &nbsp; &nbsp; &nbsp; &nbsp; &nbsp; &nbsp; &nbsp; &nbsp;from c:\\mingw\\lib\\gcc\\mingw32\\4.9.3\\include\\c++\\iostream:39, &nbsp; &nbsp; &nbsp; &nbsp; &nbsp; &nbsp; &nbsp; &nbsp; &nbsp;from E:\\Android\\clion\\Study\\main.cpp:1: c:\\mingw\\lib\\gcc\\mingw32\\4.9.3\\include\\c++\\cwchar:228:3: note: initializing argument 1 of &#39;wchar_t* std::wmemchr(wchar_t*, wchar_t, std::size_t)&#39; &nbsp; &nbsp;wmemchr(wchar_t* __p, wchar_t __c, size_t __n) &nbsp; &nbsp;^ In file included from c:\\mingw\\lib\\gcc\\mingw32\\4.9.3\\include\\c++\\ios:40:0, &nbsp; &nbsp; &nbsp; &nbsp; &nbsp; &nbsp; &nbsp; &nbsp; &nbsp;from c:\\mingw\\lib\\gcc\\mingw32\\4.9.3\\include\\c++\\ostream:38, &nbsp; &nbsp; &nbsp; &nbsp; &nbsp; &nbsp; &nbsp; &nbsp; &nbsp;from c:\\mingw\\lib\\gcc\\mingw32\\4.9.3\\include\\c++\\iostream:39, &nbsp; &nbsp; &nbsp; &nbsp; &nbsp; &nbsp; &nbsp; &nbsp; &nbsp;from E:\\Android\\clion\\Study\\main.cpp:1: c:\\mingw\\lib\\gcc\\mingw32\\4.9.3\\include\\c++\\bits\\char_traits.h: In static member function &#39;static std::char_traits&lt;wchar_t&gt;::char_type* std::char_traits&lt;wchar_t&gt;::move(std::char_traits&lt;wchar_t&gt;::char_type*, const char_type*, std::size_t)&#39;: c:\\mingw\\lib\\gcc\\mingw32\\4.9.3\\include\\c++\\bits\\char_traits.h:342:40: error: &#39;wmemmove&#39; was not declared in this scope &nbsp; &nbsp; &nbsp; &nbsp;{ return wmemmove(__s1, __s2, __n); } &nbsp; &nbsp; &nbsp; &nbsp; &nbsp; &nbsp; &nbsp; &nbsp; &nbsp; &nbsp; &nbsp; &nbsp; &nbsp; &nbsp; &nbsp; &nbsp; &nbsp; &nbsp; &nbsp; &nbsp; ^ c:\\mingw\\lib\\gcc\\mingw32\\4.9.3\\include\\c++\\bits\\char_traits.h: In static member function &#39;static std::char_traits&lt;wchar_t&gt;::char_type* std::char_traits&lt;wchar_t&gt;::copy(std::char_traits&lt;wchar_t&gt;::char_type*, const char_type*, std::size_t)&#39;: c:\\mingw\\lib\\gcc\\mingw32\\4.9.3\\include\\c++\\bits\\char_traits.h:346:39: error: &#39;wmemcpy&#39; was not declared in this scope &nbsp; &nbsp; &nbsp; &nbsp;{ return wmemcpy(__s1, __s2, __n); } &nbsp; &nbsp; &nbsp; &nbsp; &nbsp; &nbsp; &nbsp; &nbsp; &nbsp; &nbsp; &nbsp; &nbsp; &nbsp; &nbsp; &nbsp; &nbsp; &nbsp; &nbsp; &nbsp; &nbsp;^ c:\\mingw\\lib\\gcc\\mingw32\\4.9.3\\include\\c++\\bits\\char_traits.h: In static member function &#39;static std::char_traits&lt;wchar_t&gt;::char_type* std::char_traits&lt;wchar_t&gt;::assign(std::char_traits&lt;wchar_t&gt;::char_type*, std::size_t, std::char_traits&lt;wchar_t&gt;::char_type)&#39;: c:\\mingw\\lib\\gcc\\mingw32\\4.9.3\\include\\c++\\bits\\char_traits.h:350:37: error: &#39;wmemset&#39; was not declared in this scope &nbsp; &nbsp; &nbsp; &nbsp;{ return wmemset(__s, __a, __n); } &nbsp; &nbsp; &nbsp; &nbsp; &nbsp; &nbsp; &nbsp; &nbsp; &nbsp; &nbsp; &nbsp; &nbsp; &nbsp; &nbsp; &nbsp; &nbsp; &nbsp; &nbsp; &nbsp;^ In file included from c:\\mingw\\lib\\gcc\\mingw32\\4.9.3\\include\\c++\\ext\\string_conversions.h:41:0, &nbsp; &nbsp; &nbsp; &nbsp; &nbsp; &nbsp; &nbsp; &nbsp; &nbsp;from c:\\mingw\\lib\\gcc\\mingw32\\4.9.3\\include\\c++\\bits\\basic_string.h:2849, &nbsp; &nbsp; &nbsp; &nbsp; &nbsp; &nbsp; &nbsp; &nbsp; &nbsp;from c:\\mingw\\lib\\gcc\\mingw32\\4.9.3\\include\\c++\\string:52, &nbsp; &nbsp; &nbsp; &nbsp; &nbsp; &nbsp; &nbsp; &nbsp; &nbsp;from c:\\mingw\\lib\\gcc\\mingw32\\4.9.3\\include\\c++\\bits\\locale_classes.h:40, &nbsp; &nbsp; &nbsp; &nbsp; &nbsp; &nbsp; &nbsp; &nbsp; &nbsp;from c:\\mingw\\lib\\gcc\\mingw32\\4.9.3\\include\\c++\\bits\\ios_base.h:41, &nbsp; &nbsp; &nbsp; &nbsp; &nbsp; &nbsp; &nbsp; &nbsp; &nbsp;from c:\\mingw\\lib\\gcc\\mingw32\\4.9.3\\include\\c++\\ios:42, &nbsp; &nbsp; &nbsp; &nbsp; &nbsp; &nbsp; &nbsp; &nbsp; &nbsp;from c:\\mingw\\lib\\gcc\\mingw32\\4.9.3\\include\\c++\\ostream:38, &nbsp; &nbsp; &nbsp; &nbsp; &nbsp; &nbsp; &nbsp; &nbsp; &nbsp;from c:\\mingw\\lib\\gcc\\mingw32\\4.9.3\\include\\c++\\iostream:39, &nbsp; &nbsp; &nbsp; &nbsp; &nbsp; &nbsp; &nbsp; &nbsp; &nbsp;from E:\\Android\\clion\\Study\\main.cpp:1: c:\\mingw\\lib\\gcc\\mingw32\\4.9.3\\include\\c++\\cstdlib: At global scope: c:\\mingw\\lib\\gcc\\mingw32\\4.9.3\\include\\c++\\cstdlib:201:11: error: &#39;::lldiv_t&#39; has not been declared &nbsp; &nbsp;using ::lldiv_t; &nbsp; &nbsp; &nbsp; &nbsp; &nbsp; &nbsp;^ c:\\mingw\\lib\\gcc\\mingw32\\4.9.3\\include\\c++\\cstdlib:207:11: error: &#39;::_Exit&#39; has not been declared &nbsp; &nbsp;using ::_Exit; &nbsp; &nbsp; &nbsp; &nbsp; &nbsp; &nbsp;^ c:\\mingw\\lib\\gcc\\mingw32\\4.9.3\\include\\c++\\cstdlib:211:11: error: &#39;::llabs&#39; has not been declared &nbsp; &nbsp;using ::llabs; &nbsp; &nbsp; &nbsp; &nbsp; &nbsp; &nbsp;^ c:\\mingw\\lib\\gcc\\mingw32\\4.9.3\\include\\c++\\cstdlib:213:10: error: &#39;lldiv_t&#39; does not name a type &nbsp; &nbsp;inline lldiv_t &nbsp; &nbsp; &nbsp; &nbsp; &nbsp; ^ c:\\mingw\\lib\\gcc\\mingw32\\4.9.3\\include\\c++\\cstdlib:217:11: error: &#39;::lldiv&#39; has not been declared &nbsp; &nbsp;using ::lldiv; &nbsp; &nbsp; &nbsp; &nbsp; &nbsp; &nbsp;^ c:\\mingw\\lib\\gcc\\mingw32\\4.9.3\\include\\c++\\cstdlib:228:11: error: &#39;::atoll&#39; has not been declared &nbsp; &nbsp;using ::atoll; &nbsp; &nbsp; &nbsp; &nbsp; &nbsp; &nbsp;^ c:\\mingw\\lib\\gcc\\mingw32\\4.9.3\\include\\c++\\cstdlib:229:11: error: &#39;::strtoll&#39; has not been declared &nbsp; &nbsp;using ::strtoll; &nbsp; &nbsp; &nbsp; &nbsp; &nbsp; &nbsp;^ c:\\mingw\\lib\\gcc\\mingw32\\4.9.3\\include\\c++\\cstdlib:230:11: error: &#39;::strtoull&#39; has not been declared &nbsp; &nbsp;using ::strtoull; &nbsp; &nbsp; &nbsp; &nbsp; &nbsp; &nbsp;^ c:\\mingw\\lib\\gcc\\mingw32\\4.9.3\\include\\c++\\cstdlib:232:11: error: &#39;::strtof&#39; has not been declared &nbsp; &nbsp;using ::strtof; &nbsp; &nbsp; &nbsp; &nbsp; &nbsp; &nbsp;^ c:\\mingw\\lib\\gcc\\mingw32\\4.9.3\\include\\c++\\cstdlib:233:11: error: &#39;::strtold&#39; has not been declared &nbsp; &nbsp;using ::strtold; &nbsp; &nbsp; &nbsp; &nbsp; &nbsp; &nbsp;^ c:\\mingw\\lib\\gcc\\mingw32\\4.9.3\\include\\c++\\cstdlib:241:22: error: &#39;__gnu_cxx::lldiv_t&#39; has not been declared &nbsp; &nbsp;using ::__gnu_cxx::lldiv_t; &nbsp; &nbsp; &nbsp; &nbsp; &nbsp; &nbsp; &nbsp; &nbsp; &nbsp; &nbsp; &nbsp; ^ c:\\mingw\\lib\\gcc\\mingw32\\4.9.3\\include\\c++\\cstdlib:243:22: error: &#39;__gnu_cxx::_Exit&#39; has not been declared &nbsp; &nbsp;using ::__gnu_cxx::_Exit; &nbsp; &nbsp; &nbsp; &nbsp; &nbsp; &nbsp; &nbsp; &nbsp; &nbsp; &nbsp; &nbsp; ^ c:\\mingw\\lib\\gcc\\mingw32\\4.9.3\\include\\c++\\cstdlib:245:22: error: &#39;__gnu_cxx::llabs&#39; has not been declared &nbsp; &nbsp;using ::__gnu_cxx::llabs; &nbsp; &nbsp; &nbsp; &nbsp; &nbsp; &nbsp; &nbsp; &nbsp; &nbsp; &nbsp; &nbsp; ^ c:\\mingw\\lib\\gcc\\mingw32\\4.9.3\\include\\c++\\cstdlib:246:22: error: &#39;__gnu_cxx::div&#39; has not been declared &nbsp; &nbsp;using ::__gnu_cxx::div; &nbsp; &nbsp; &nbsp; &nbsp; &nbsp; &nbsp; &nbsp; &nbsp; &nbsp; &nbsp; &nbsp; ^ c:\\mingw\\lib\\gcc\\mingw32\\4.9.3\\include\\c++\\cstdlib:247:22: error: &#39;__gnu_cxx::lldiv&#39; has not been declared &nbsp; &nbsp;using ::__gnu_cxx::lldiv; &nbsp; &nbsp; &nbsp; &nbsp; &nbsp; &nbsp; &nbsp; &nbsp; &nbsp; &nbsp; &nbsp; ^ c:\\mingw\\lib\\gcc\\mingw32\\4.9.3\\include\\c++\\cstdlib:249:22: error: &#39;__gnu_cxx::atoll&#39; has not been declared &nbsp; &nbsp;using ::__gnu_cxx::atoll; &nbsp; &nbsp; &nbsp; &nbsp; &nbsp; &nbsp; &nbsp; &nbsp; &nbsp; &nbsp; &nbsp; ^ c:\\mingw\\lib\\gcc\\mingw32\\4.9.3\\include\\c++\\cstdlib:250:22: error: &#39;__gnu_cxx::strtof&#39; has not been declared &nbsp; &nbsp;using ::__gnu_cxx::strtof; &nbsp; &nbsp; &nbsp; &nbsp; &nbsp; &nbsp; &nbsp; &nbsp; &nbsp; &nbsp; &nbsp; ^ c:\\mingw\\lib\\gcc\\mingw32\\4.9.3\\include\\c++\\cstdlib:251:22: error: &#39;__gnu_cxx::strtoll&#39; has not been declared &nbsp; &nbsp;using ::__gnu_cxx::strtoll; &nbsp; &nbsp; &nbsp; &nbsp; &nbsp; &nbsp; &nbsp; &nbsp; &nbsp; &nbsp; &nbsp; ^ c:\\mingw\\lib\\gcc\\mingw32\\4.9.3\\include\\c++\\cstdlib:252:22: error: &#39;__gnu_cxx::strtoull&#39; has not been declared &nbsp; &nbsp;using ::__gnu_cxx::strtoull; &nbsp; &nbsp; &nbsp; &nbsp; &nbsp; &nbsp; &nbsp; &nbsp; &nbsp; &nbsp; &nbsp; ^ c:\\mingw\\lib\\gcc\\mingw32\\4.9.3\\include\\c++\\cstdlib:253:22: error: &#39;__gnu_cxx::strtold&#39; has not been declared &nbsp; &nbsp;using ::__gnu_cxx::strtold; &nbsp; &nbsp; &nbsp; &nbsp; &nbsp; &nbsp; &nbsp; &nbsp; &nbsp; &nbsp; &nbsp; ^ In file included from c:\\mingw\\lib\\gcc\\mingw32\\4.9.3\\include\\c++\\ext\\string_conversions.h:43:0, &nbsp; &nbsp; &nbsp; &nbsp; &nbsp; &nbsp; &nbsp; &nbsp; &nbsp;from c:\\mingw\\lib\\gcc\\mingw32\\4.9.3\\include\\c++\\bits\\basic_string.h:2849, &nbsp; &nbsp; &nbsp; &nbsp; &nbsp; &nbsp; &nbsp; &nbsp; &nbsp;from c:\\mingw\\lib\\gcc\\mingw32\\4.9.3\\include\\c++\\string:52, &nbsp; &nbsp; &nbsp; &nbsp; &nbsp; &nbsp; &nbsp; &nbsp; &nbsp;from c:\\mingw\\lib\\gcc\\mingw32\\4.9.3\\include\\c++\\bits\\locale_classes.h:40, &nbsp; &nbsp; &nbsp; &nbsp; &nbsp; &nbsp; &nbsp; &nbsp; &nbsp;from c:\\mingw\\lib\\gcc\\mingw32\\4.9.3\\include\\c++\\bits\\ios_base.h:41, &nbsp; &nbsp; &nbsp; &nbsp; &nbsp; &nbsp; &nbsp; &nbsp; &nbsp;from c:\\mingw\\lib\\gcc\\mingw32\\4.9.3\\include\\c++\\ios:42, &nbsp; &nbsp; &nbsp; &nbsp; &nbsp; &nbsp; &nbsp; &nbsp; &nbsp;from c:\\mingw\\lib\\gcc\\mingw32\\4.9.3\\include\\c++\\ostream:38, &nbsp; &nbsp; &nbsp; &nbsp; &nbsp; &nbsp; &nbsp; &nbsp; &nbsp;from c:\\mingw\\lib\\gcc\\mingw32\\4.9.3\\include\\c++\\iostream:39, &nbsp; &nbsp; &nbsp; &nbsp; &nbsp; &nbsp; &nbsp; &nbsp; &nbsp;from E:\\Android\\clion\\Study\\main.cpp:1: c:\\mingw\\lib\\gcc\\mingw32\\4.9.3\\include\\c++\\cstdio:175:11: error: &#39;::snprintf&#39; has not been declared &nbsp; &nbsp;using ::snprintf; &nbsp; &nbsp; &nbsp; &nbsp; &nbsp; &nbsp;^ c:\\mingw\\lib\\gcc\\mingw32\\4.9.3\\include\\c++\\cstdio:176:11: error: &#39;::vfscanf&#39; has not been declared &nbsp; &nbsp;using ::vfscanf; &nbsp; &nbsp; &nbsp; &nbsp; &nbsp; &nbsp;^ c:\\mingw\\lib\\gcc\\mingw32\\4.9.3\\include\\c++\\cstdio:177:11: error: &#39;::vscanf&#39; has not been declared &nbsp; &nbsp;using ::vscanf; &nbsp; &nbsp; &nbsp; &nbsp; &nbsp; &nbsp;^ c:\\mingw\\lib\\gcc\\mingw32\\4.9.3\\include\\c++\\cstdio:178:11: error: &#39;::vsnprintf&#39; has not been declared &nbsp; &nbsp;using ::vsnprintf; &nbsp; &nbsp; &nbsp; &nbsp; &nbsp; &nbsp;^ c:\\mingw\\lib\\gcc\\mingw32\\4.9.3\\include\\c++\\cstdio:179:11: error: &#39;::vsscanf&#39; has not been declared &nbsp; &nbsp;using ::vsscanf; &nbsp; &nbsp; &nbsp; &nbsp; &nbsp; &nbsp;^ c:\\mingw\\lib\\gcc\\mingw32\\4.9.3\\include\\c++\\cstdio:185:22: error: &#39;__gnu_cxx::snprintf&#39; has not been declared &nbsp; &nbsp;using ::__gnu_cxx::snprintf; &nbsp; &nbsp; &nbsp; &nbsp; &nbsp; &nbsp; &nbsp; &nbsp; &nbsp; &nbsp; &nbsp; ^ c:\\mingw\\lib\\gcc\\mingw32\\4.9.3\\include\\c++\\cstdio:186:22: error: &#39;__gnu_cxx::vfscanf&#39; has not been declared &nbsp; &nbsp;using ::__gnu_cxx::vfscanf; &nbsp; &nbsp; &nbsp; &nbsp; &nbsp; &nbsp; &nbsp; &nbsp; &nbsp; &nbsp; &nbsp; ^ c:\\mingw\\lib\\gcc\\mingw32\\4.9.3\\include\\c++\\cstdio:187:22: error: &#39;__gnu_cxx::vscanf&#39; has not been declared &nbsp; &nbsp;using ::__gnu_cxx::vscanf; &nbsp; &nbsp; &nbsp; &nbsp; &nbsp; &nbsp; &nbsp; &nbsp; &nbsp; &nbsp; &nbsp; ^ c:\\mingw\\lib\\gcc\\mingw32\\4.9.3\\include\\c++\\cstdio:188:22: error: &#39;__gnu_cxx::vsnprintf&#39; has not been declared &nbsp; &nbsp;using ::__gnu_cxx::vsnprintf; &nbsp; &nbsp; &nbsp; &nbsp; &nbsp; &nbsp; &nbsp; &nbsp; &nbsp; &nbsp; &nbsp; ^ c:\\mingw\\lib\\gcc\\mingw32\\4.9.3\\include\\c++\\cstdio:189:22: error: &#39;__gnu_cxx::vsscanf&#39; has not been declared &nbsp; &nbsp;using ::__gnu_cxx::vsscanf; &nbsp; &nbsp; &nbsp; &nbsp; &nbsp; &nbsp; &nbsp; &nbsp; &nbsp; &nbsp; &nbsp; ^ In file included from c:\\mingw\\lib\\gcc\\mingw32\\4.9.3\\include\\c++\\string:52:0, &nbsp; &nbsp; &nbsp; &nbsp; &nbsp; &nbsp; &nbsp; &nbsp; &nbsp;from c:\\mingw\\lib\\gcc\\mingw32\\4.9.3\\include\\c++\\bits\\locale_classes.h:40, &nbsp; &nbsp; &nbsp; &nbsp; &nbsp; &nbsp; &nbsp; &nbsp; &nbsp;from c:\\mingw\\lib\\gcc\\mingw32\\4.9.3\\include\\c++\\bits\\ios_base.h:41, &nbsp; &nbsp; &nbsp; &nbsp; &nbsp; &nbsp; &nbsp; &nbsp; &nbsp;from c:\\mingw\\lib\\gcc\\mingw32\\4.9.3\\include\\c++\\ios:42, &nbsp; &nbsp; &nbsp; &nbsp; &nbsp; &nbsp; &nbsp; &nbsp; &nbsp;from c:\\mingw\\lib\\gcc\\mingw32\\4.9.3\\include\\c++\\ostream:38, &nbsp; &nbsp; &nbsp; &nbsp; &nbsp; &nbsp; &nbsp; &nbsp; &nbsp;from c:\\mingw\\lib\\gcc\\mingw32\\4.9.3\\include\\c++\\iostream:39, &nbsp; &nbsp; &nbsp; &nbsp; &nbsp; &nbsp; &nbsp; &nbsp; &nbsp;from E:\\Android\\clion\\Study\\main.cpp:1: c:\\mingw\\lib\\gcc\\mingw32\\4.9.3\\include\\c++\\bits\\basic_string.h: In function &#39;long long int std::stoll(const string&amp;, std::size_t*, int)&#39;: c:\\mingw\\lib\\gcc\\mingw32\\4.9.3\\include\\c++\\bits\\basic_string.h:2873:31: error: &#39;strtoll&#39; is not a member of &#39;std&#39; &nbsp; &nbsp;{ return __gnu_cxx::__stoa(&amp;std::strtoll, &quot;stoll&quot;, __str.c_str(), &nbsp; &nbsp; &nbsp; &nbsp; &nbsp; &nbsp; &nbsp; &nbsp; &nbsp; &nbsp; &nbsp; &nbsp; &nbsp; &nbsp; &nbsp; &nbsp;^ c:\\mingw\\lib\\gcc\\mingw32\\4.9.3\\include\\c++\\bits\\basic_string.h: In function &#39;long long unsigned int std::stoull(const string&amp;, std::size_t*, int)&#39;: c:\\mingw\\lib\\gcc\\mingw32\\4.9.3\\include\\c++\\bits\\basic_string.h:2878:31: error: &#39;strtoull&#39; is not a member of &#39;std&#39; &nbsp; &nbsp;{ return __gnu_cxx::__stoa(&amp;std::strtoull, &quot;stoull&quot;, __str.c_str(), &nbsp; &nbsp; &nbsp; &nbsp; &nbsp; &nbsp; &nbsp; &nbsp; &nbsp; &nbsp; &nbsp; &nbsp; &nbsp; &nbsp; &nbsp; &nbsp;^ c:\\mingw\\lib\\gcc\\mingw32\\4.9.3\\include\\c++\\bits\\basic_string.h: In function &#39;float std::stof(const string&amp;, std::size_t*)&#39;: c:\\mingw\\lib\\gcc\\mingw32\\4.9.3\\include\\c++\\bits\\basic_string.h:2884:31: error: &#39;strtof&#39; is not a member of &#39;std&#39; &nbsp; &nbsp;{ return __gnu_cxx::__stoa(&amp;std::strtof, &quot;stof&quot;, __str.c_str(), __idx); } &nbsp; &nbsp; &nbsp; &nbsp; &nbsp; &nbsp; &nbsp; &nbsp; &nbsp; &nbsp; &nbsp; &nbsp; &nbsp; &nbsp; &nbsp; &nbsp;^ c:\\mingw\\lib\\gcc\\mingw32\\4.9.3\\include\\c++\\bits\\basic_string.h: In function &#39;long double std::stold(const string&amp;, std::size_t*)&#39;: c:\\mingw\\lib\\gcc\\mingw32\\4.9.3\\include\\c++\\bits\\basic_string.h:2892:31: error: &#39;strtold&#39; is not a member of &#39;std&#39; &nbsp; &nbsp;{ return __gnu_cxx::__stoa(&amp;std::strtold, &quot;stold&quot;, __str.c_str(), __idx); } &nbsp; &nbsp; &nbsp; &nbsp; &nbsp; &nbsp; &nbsp; &nbsp; &nbsp; &nbsp; &nbsp; &nbsp; &nbsp; &nbsp; &nbsp; &nbsp;^ c:\\mingw\\lib\\gcc\\mingw32\\4.9.3\\include\\c++\\bits\\basic_string.h: In function &#39;std::string std::to_string(int)&#39;: c:\\mingw\\lib\\gcc\\mingw32\\4.9.3\\include\\c++\\bits\\basic_string.h:2899:45: error: &#39;vsnprintf&#39; is not a member of &#39;std&#39; &nbsp; &nbsp;{ return __gnu_cxx::__to_xstring&lt;string&gt;(&amp;std::vsnprintf, 4 * sizeof(int), &nbsp; &nbsp; &nbsp; &nbsp; &nbsp; &nbsp; &nbsp; &nbsp; &nbsp; &nbsp; &nbsp; &nbsp; &nbsp; &nbsp; &nbsp; &nbsp; &nbsp; &nbsp; &nbsp; &nbsp; &nbsp; &nbsp; &nbsp;^ c:\\mingw\\lib\\gcc\\mingw32\\4.9.3\\include\\c++\\bits\\basic_string.h: In function &#39;std::string std::to_string(unsigned int)&#39;: c:\\mingw\\lib\\gcc\\mingw32\\4.9.3\\include\\c++\\bits\\basic_string.h:2904:45: error: &#39;vsnprintf&#39; is not a member of &#39;std&#39; &nbsp; &nbsp;{ return __gnu_cxx::__to_xstring&lt;string&gt;(&amp;std::vsnprintf, &nbsp; &nbsp; &nbsp; &nbsp; &nbsp; &nbsp; &nbsp; &nbsp; &nbsp; &nbsp; &nbsp; &nbsp; &nbsp; &nbsp; &nbsp; &nbsp; &nbsp; &nbsp; &nbsp; &nbsp; &nbsp; &nbsp; &nbsp;^ c:\\mingw\\lib\\gcc\\mingw32\\4.9.3\\include\\c++\\bits\\basic_string.h: In function &#39;std::string std::to_string(long int)&#39;: c:\\mingw\\lib\\gcc\\mingw32\\4.9.3\\include\\c++\\bits\\basic_string.h:2910:45: error: &#39;vsnprintf&#39; is not a member of &#39;std&#39; &nbsp; &nbsp;{ return __gnu_cxx::__to_xstring&lt;string&gt;(&amp;std::vsnprintf, 4 * sizeof(long), &nbsp; &nbsp; &nbsp; &nbsp; &nbsp; &nbsp; &nbsp; &nbsp; &nbsp; &nbsp; &nbsp; &nbsp; &nbsp; &nbsp; &nbsp; &nbsp; &nbsp; &nbsp; &nbsp; &nbsp; &nbsp; &nbsp; &nbsp;^ c:\\mingw\\lib\\gcc\\mingw32\\4.9.3\\include\\c++\\bits\\basic_string.h: In function &#39;std::string std::to_string(long unsigned int)&#39;: c:\\mingw\\lib\\gcc\\mingw32\\4.9.3\\include\\c++\\bits\\basic_string.h:2915:45: error: &#39;vsnprintf&#39; is not a member of &#39;std&#39; &nbsp; &nbsp;{ return __gnu_cxx::__to_xstring&lt;string&gt;(&amp;std::vsnprintf, &nbsp; &nbsp; &nbsp; &nbsp; &nbsp; &nbsp; &nbsp; &nbsp; &nbsp; &nbsp; &nbsp; &nbsp; &nbsp; &nbsp; &nbsp; &nbsp; &nbsp; &nbsp; &nbsp; &nbsp; &nbsp; &nbsp; &nbsp;^ c:\\mingw\\lib\\gcc\\mingw32\\4.9.3\\include\\c++\\bits\\basic_string.h: In function &#39;std::string std::to_string(long long int)&#39;: c:\\mingw\\lib\\gcc\\mingw32\\4.9.3\\include\\c++\\bits\\basic_string.h:2921:45: error: &#39;vsnprintf&#39; is not a member of &#39;std&#39; &nbsp; &nbsp;{ return __gnu_cxx::__to_xstring&lt;string&gt;(&amp;std::vsnprintf, &nbsp; &nbsp; &nbsp; &nbsp; &nbsp; &nbsp; &nbsp; &nbsp; &nbsp; &nbsp; &nbsp; &nbsp; &nbsp; &nbsp; &nbsp; &nbsp; &nbsp; &nbsp; &nbsp; &nbsp; &nbsp; &nbsp; &nbsp;^ c:\\mingw\\lib\\gcc\\mingw32\\4.9.3\\include\\c++\\bits\\basic_string.h: In function &#39;std::string std::to_string(long long unsigned int)&#39;: c:\\mingw\\lib\\gcc\\mingw32\\4.9.3\\include\\c++\\bits\\basic_string.h:2927:45: error: &#39;vsnprintf&#39; is not a member of &#39;std&#39; &nbsp; &nbsp;{ return __gnu_cxx::__to_xstring&lt;string&gt;(&amp;std::vsnprintf, &nbsp; &nbsp; &nbsp; &nbsp; &nbsp; &nbsp; &nbsp; &nbsp; &nbsp; &nbsp; &nbsp; &nbsp; &nbsp; &nbsp; &nbsp; &nbsp; &nbsp; &nbsp; &nbsp; &nbsp; &nbsp; &nbsp; &nbsp;^ c:\\mingw\\lib\\gcc\\mingw32\\4.9.3\\include\\c++\\bits\\basic_string.h: In function &#39;std::string std::to_string(float)&#39;: c:\\mingw\\lib\\gcc\\mingw32\\4.9.3\\include\\c++\\bits\\basic_string.h:2936:45: error: &#39;vsnprintf&#39; is not a member of &#39;std&#39; &nbsp; &nbsp; &nbsp;return __gnu_cxx::__to_xstring&lt;string&gt;(&amp;std::vsnprintf, __n, &nbsp; &nbsp; &nbsp; &nbsp; &nbsp; &nbsp; &nbsp; &nbsp; &nbsp; &nbsp; &nbsp; &nbsp; &nbsp; &nbsp; &nbsp; &nbsp; &nbsp; &nbsp; &nbsp; &nbsp; &nbsp; &nbsp; &nbsp;^ c:\\mingw\\lib\\gcc\\mingw32\\4.9.3\\include\\c++\\bits\\basic_string.h: In function &#39;std::string std::to_string(double)&#39;: c:\\mingw\\lib\\gcc\\mingw32\\4.9.3\\include\\c++\\bits\\basic_string.h:2945:45: error: &#39;vsnprintf&#39; is not a member of &#39;std&#39; &nbsp; &nbsp; &nbsp;return __gnu_cxx::__to_xstring&lt;string&gt;(&amp;std::vsnprintf, __n, &nbsp; &nbsp; &nbsp; &nbsp; &nbsp; &nbsp; &nbsp; &nbsp; &nbsp; &nbsp; &nbsp; &nbsp; &nbsp; &nbsp; &nbsp; &nbsp; &nbsp; &nbsp; &nbsp; &nbsp; &nbsp; &nbsp; &nbsp;^ c:\\mingw\\lib\\gcc\\mingw32\\4.9.3\\include\\c++\\bits\\basic_string.h: In function &#39;std::string std::to_string(long double)&#39;: c:\\mingw\\lib\\gcc\\mingw32\\4.9.3\\include\\c++\\bits\\basic_string.h:2954:45: error: &#39;vsnprintf&#39; is not a member of &#39;std&#39; &nbsp; &nbsp; &nbsp;return __gnu_cxx::__to_xstring&lt;string&gt;(&amp;std::vsnprintf, __n, &nbsp; &nbsp; &nbsp; &nbsp; &nbsp; &nbsp; &nbsp; &nbsp; &nbsp; &nbsp; &nbsp; &nbsp; &nbsp; &nbsp; &nbsp; &nbsp; &nbsp; &nbsp; &nbsp; &nbsp; &nbsp; &nbsp; &nbsp;^ c:\\mingw\\lib\\gcc\\mingw32\\4.9.3\\include\\c++\\bits\\basic_string.h: In function &#39;long long int std::stoll(const wstring&amp;, std::size_t*, int)&#39;: c:\\mingw\\lib\\gcc\\mingw32\\4.9.3\\include\\c++\\bits\\basic_string.h:2976:31: error: &#39;wcstoll&#39; is not a member of &#39;std&#39; &nbsp; &nbsp;{ return __gnu_cxx::__stoa(&amp;std::wcstoll, &quot;stoll&quot;, __str.c_str(), &nbsp; &nbsp; &nbsp; &nbsp; &nbsp; &nbsp; &nbsp; &nbsp; &nbsp; &nbsp; &nbsp; &nbsp; &nbsp; &nbsp; &nbsp; &nbsp;^ c:\\mingw\\lib\\gcc\\mingw32\\4.9.3\\include\\c++\\bits\\basic_string.h: In function &#39;long long unsigned int std::stoull(const wstring&amp;, std::size_t*, int)&#39;: c:\\mingw\\lib\\gcc\\mingw32\\4.9.3\\include\\c++\\bits\\basic_string.h:2981:31: error: &#39;wcstoull&#39; is not a member of &#39;std&#39; &nbsp; &nbsp;{ return __gnu_cxx::__stoa(&amp;std::wcstoull, &quot;stoull&quot;, __str.c_str(), &nbsp; &nbsp; &nbsp; &nbsp; &nbsp; &nbsp; &nbsp; &nbsp; &nbsp; &nbsp; &nbsp; &nbsp; &nbsp; &nbsp; &nbsp; &nbsp;^ c:\\mingw\\lib\\gcc\\mingw32\\4.9.3\\include\\c++\\bits\\basic_string.h: In function &#39;float std::stof(const wstring&amp;, std::size_t*)&#39;: c:\\mingw\\lib\\gcc\\mingw32\\4.9.3\\include\\c++\\bits\\basic_string.h:2987:31: error: &#39;wcstof&#39; is not a member of &#39;std&#39; &nbsp; &nbsp;{ return __gnu_cxx::__stoa(&amp;std::wcstof, &quot;stof&quot;, __str.c_str(), __idx); } &nbsp; &nbsp; &nbsp; &nbsp; &nbsp; &nbsp; &nbsp; &nbsp; &nbsp; &nbsp; &nbsp; &nbsp; &nbsp; &nbsp; &nbsp; &nbsp;^ c:\\mingw\\lib\\gcc\\mingw32\\4.9.3\\include\\c++\\bits\\basic_string.h: In function &#39;long double std::stold(const wstring&amp;, std::size_t*)&#39;: c:\\mingw\\lib\\gcc\\mingw32\\4.9.3\\include\\c++\\bits\\basic_string.h:2995:31: error: &#39;wcstold&#39; is not a member of &#39;std&#39; &nbsp; &nbsp;{ return __gnu_cxx::__stoa(&amp;std::wcstold, &quot;stold&quot;, __str.c_str(), __idx); } &nbsp; &nbsp; &nbsp; &nbsp; &nbsp; &nbsp; &nbsp; &nbsp; &nbsp; &nbsp; &nbsp; &nbsp; &nbsp; &nbsp; &nbsp; &nbsp;^ CMakeFiles\\Study.dir\\build.make:61: recipe for target &#39;CMakeFiles/Study.dir/main.cpp.obj&#39; failed CMakeFiles\\Makefile2:66: recipe for target &#39;CMakeFiles/Study.dir/all&#39; failed mingw32-make.exe[3]: *** [CMakeFiles/Study.dir/main.cpp.obj] Error 1 mingw32-make.exe[2]: *** [CMakeFiles/Study.dir/all] Error 2 mingw32-make.exe[1]: *** [CMakeFiles/Study.dir/rule] Error 2 CMakeFiles\\Makefile2:78: recipe for target &#39;CMakeFiles/Study.dir/rule&#39; failed mingw32-make.exe: *** [Study] Error 2 Makefile:117: recipe for target &#39;Study&#39; failed google一翻，最后解决方案如下: set(CMAKE_CXX_FLAGS &quot;${CMAKE_CXX_FLAGS} -std=c++11&quot;)替换为: set(CMAKE_CXX_FLAGS &quot;${CMAKE_CXX_FLAGS} -std=gnu++11&quot;),再次编译通过 阅读更多","@type":"BlogPosting","url":"/2016/11/01/4cb75de5bd17e45a0418d6bfc7570c34.html","headline":"使用Clion新建项目出现编译出错","dateModified":"2016-11-01T00:00:00+08:00","datePublished":"2016-11-01T00:00:00+08:00","mainEntityOfPage":{"@type":"WebPage","@id":"/2016/11/01/4cb75de5bd17e45a0418d6bfc7570c34.html"},"@context":"http://schema.org"}</script>
<!-- End Jekyll SEO tag -->


    <link rel="stylesheet" href="/assets/css/style.css?v=">
    <script src="/assets/js/scale.fix.js"></script>
    <meta name="viewport" content="width=device-width, initial-scale=1, user-scalable=no">

    <!--[if lt IE 9]>
    <script src="//html5shiv.googlecode.com/svn/trunk/html5.js"></script>
    <![endif]-->
    
    <!-- Global site tag (gtag.js) - Google Analytics -->
    <script async src="https://www.googletagmanager.com/gtag/js?id=UA-123344652-1"></script>
    <script>
      window.dataLayer = window.dataLayer || [];
      function gtag(){dataLayer.push(arguments);}
      gtag('js', new Date());

      gtag('config', 'UA-123344652-1');
    </script>
    
    <script async src="//pagead2.googlesyndication.com/pagead/js/adsbygoogle.js"></script>
    <script>
      (adsbygoogle = window.adsbygoogle || []).push({
        google_ad_client: "ca-pub-8889449066804352",
        enable_page_level_ads: true
      });
    </script>
    
    <script async custom-element="amp-auto-ads"
        src="https://cdn.ampproject.org/v0/amp-auto-ads-0.1.js">
    </script>
    
    <style>
      @media screen and (max-width:760px){
        .sm-hidden{display:none; }
      }
    </style>

  </head>
  <body>
    
        <amp-auto-ads type="adsense"
              data-ad-client="ca-pub-8889449066804352">
        </amp-auto-ads>
    
    <div class="wrapper">
      <header  class="without-description" >
        <h1>使用Clion新建项目出现编译出错</h1>
        
        
        <ul>
            <li><a href="https://uzshare.com/" style="line-height: unset;" target="_blank"><strong>柚子社区</strong></a></li>
        </ul>
        
        
        
      </header>
      <section>

<div style="margin:0 0 8px 0;">
<style>
table.gsc-input {
    margin: 0;
}
.cse .gsc-control-cse, .gsc-control-cse {
    padding: 0;
    width: auto;
}
.gsc-search-box td {
    border-bottom: none;
}
</style>
<script>
  (function() {
    var cx = '004431708863642777669:qan2_6ugotw';
    var gcse = document.createElement('script');
    gcse.type = 'text/javascript';
    gcse.async = true;
    gcse.src = 'https://cse.google.com/cse.js?cx=' + cx;
    var s = document.getElementsByTagName('script')[0];
    s.parentNode.insertBefore(gcse, s);
  })();
</script>
<gcse:search></gcse:search>
</div>
	

        <div id="article_content" class="article_content clearfix csdn-tracking-statistics" data-pid="blog" data-mod="popu_307" data-dsm="post"> 
 <link rel="stylesheet" href="https://csdnimg.cn/release/phoenix/template/css/ck_htmledit_views-e2445db1a8.css"> 
 <div class="htmledit_views"> 
  <blockquote style="border:none;"> 
   <p>最近利用业余时间在研究一下Clion,于是乎下载下载玩一下，新建项目，运行突然报好多错:</p> 
   <p><span>"E:\Android\AndroidDevTools\CLion 2016.2.1\bin\cmake\bin\cmake.exe" --build C:\Users\lqm\.CLion2016.2\system\cmake\generated\Study-631276b8\631276b8\Debug --target Study -- -j 4</span></p> 
  </blockquote> 
  <blockquote style="border:none;"> 
   <p><span>-- Configuring done</span></p> 
   <p><span>-- Generating done</span></p> 
   <p><span>-- Build files have been written to: C:/Users/lqm/.CLion2016.2/system/cmake/generated/Study-631276b8/631276b8/Debug</span></p> 
   <p><span>[ 50%] Building CXX object CMakeFiles/Study.dir/main.cpp.obj</span></p> 
   <p><span>In file included from c:\mingw\include\wchar.h:208:0,</span></p> 
   <p><span>&nbsp; &nbsp; &nbsp; &nbsp; &nbsp; &nbsp; &nbsp; &nbsp; &nbsp;from c:\mingw\lib\gcc\mingw32\4.9.3\include\c++\cwchar:44,</span></p> 
   <p><span>&nbsp; &nbsp; &nbsp; &nbsp; &nbsp; &nbsp; &nbsp; &nbsp; &nbsp;from c:\mingw\lib\gcc\mingw32\4.9.3\include\c++\bits\postypes.h:40,</span></p> 
   <p><span>&nbsp; &nbsp; &nbsp; &nbsp; &nbsp; &nbsp; &nbsp; &nbsp; &nbsp;from c:\mingw\lib\gcc\mingw32\4.9.3\include\c++\iosfwd:40,</span></p> 
   <p><span>&nbsp; &nbsp; &nbsp; &nbsp; &nbsp; &nbsp; &nbsp; &nbsp; &nbsp;from c:\mingw\lib\gcc\mingw32\4.9.3\include\c++\ios:38,</span></p> 
   <p><span>&nbsp; &nbsp; &nbsp; &nbsp; &nbsp; &nbsp; &nbsp; &nbsp; &nbsp;from c:\mingw\lib\gcc\mingw32\4.9.3\include\c++\ostream:38,</span></p> 
   <p><span>&nbsp; &nbsp; &nbsp; &nbsp; &nbsp; &nbsp; &nbsp; &nbsp; &nbsp;from c:\mingw\lib\gcc\mingw32\4.9.3\include\c++\iostream:39,</span></p> 
   <p><span>&nbsp; &nbsp; &nbsp; &nbsp; &nbsp; &nbsp; &nbsp; &nbsp; &nbsp;from E:\Android\clion\Study\main.cpp:1:</span></p> 
   <p><span>c:\mingw\include\sys/stat.h:173:14: error: '_dev_t' does not name a type</span></p> 
   <p><span>&nbsp;struct _stat __struct_stat_defined( _off_t, time_t );</span></p> 
   <p><span>&nbsp; &nbsp; &nbsp; &nbsp; &nbsp; &nbsp; &nbsp; ^</span></p> 
   <p><span>c:\mingw\include\sys/stat.h:173:14: error: '_ino_t' does not name a type</span></p> 
   <p><span>&nbsp;struct _stat __struct_stat_defined( _off_t, time_t );</span></p> 
   <p><span>&nbsp; &nbsp; &nbsp; &nbsp; &nbsp; &nbsp; &nbsp; ^</span></p> 
   <p><span>c:\mingw\include\sys/stat.h:173:14: error: '_mode_t' does not name a type</span></p> 
   <p><span>&nbsp;struct _stat __struct_stat_defined( _off_t, time_t );</span></p> 
   <p><span>&nbsp; &nbsp; &nbsp; &nbsp; &nbsp; &nbsp; &nbsp; ^</span></p> 
   <p><span>c:\mingw\include\sys/stat.h:173:14: error: '_dev_t' does not name a type</span></p> 
   <p><span>&nbsp;struct _stat __struct_stat_defined( _off_t, time_t );</span></p> 
   <p><span>&nbsp; &nbsp; &nbsp; &nbsp; &nbsp; &nbsp; &nbsp; ^</span></p> 
   <p><span>c:\mingw\include\sys/stat.h:173:14: error: '_off_t' does not name a type</span></p> 
   <p><span>&nbsp;struct _stat __struct_stat_defined( _off_t, time_t );</span></p> 
   <p><span>&nbsp; &nbsp; &nbsp; &nbsp; &nbsp; &nbsp; &nbsp; ^</span></p> 
   <p><span>c:\mingw\include\sys/stat.h:173:14: error: 'time_t' does not name a type</span></p> 
   <p><span>&nbsp;struct _stat __struct_stat_defined( _off_t, time_t );</span></p> 
   <p><span>&nbsp; &nbsp; &nbsp; &nbsp; &nbsp; &nbsp; &nbsp; ^</span></p> 
   <p><span>c:\mingw\include\sys/stat.h:173:14: error: 'time_t' does not name a type</span></p> 
   <p><span>&nbsp;struct _stat __struct_stat_defined( _off_t, time_t );</span></p> 
   <p><span>&nbsp; &nbsp; &nbsp; &nbsp; &nbsp; &nbsp; &nbsp; ^</span></p> 
   <p><span>c:\mingw\include\sys/stat.h:173:14: error: 'time_t' does not name a type</span></p> 
   <p><span>&nbsp;struct _stat __struct_stat_defined( _off_t, time_t );</span></p> 
   <p><span>&nbsp; &nbsp; &nbsp; &nbsp; &nbsp; &nbsp; &nbsp; ^</span></p> 
   <p><span>c:\mingw\include\sys/stat.h:180:13: error: '_dev_t' does not name a type</span></p> 
   <p><span>&nbsp;struct stat __struct_stat_defined( _off_t, time_t );</span></p> 
   <p><span>&nbsp; &nbsp; &nbsp; &nbsp; &nbsp; &nbsp; &nbsp;^</span></p> 
   <p><span>c:\mingw\include\sys/stat.h:180:13: error: '_ino_t' does not name a type</span></p> 
   <p><span>&nbsp;struct stat __struct_stat_defined( _off_t, time_t );</span></p> 
   <p><span>&nbsp; &nbsp; &nbsp; &nbsp; &nbsp; &nbsp; &nbsp;^</span></p> 
   <p><span>c:\mingw\include\sys/stat.h:180:13: error: '_mode_t' does not name a type</span></p> 
   <p><span>&nbsp;struct stat __struct_stat_defined( _off_t, time_t );</span></p> 
   <p><span>&nbsp; &nbsp; &nbsp; &nbsp; &nbsp; &nbsp; &nbsp;^</span></p> 
   <p><span>c:\mingw\include\sys/stat.h:180:13: error: '_dev_t' does not name a type</span></p> 
   <p><span>&nbsp;struct stat __struct_stat_defined( _off_t, time_t );</span></p> 
   <p><span>&nbsp; &nbsp; &nbsp; &nbsp; &nbsp; &nbsp; &nbsp;^</span></p> 
   <p><span>c:\mingw\include\sys/stat.h:180:13: error: '_off_t' does not name a type</span></p> 
   <p><span>&nbsp;struct stat __struct_stat_defined( _off_t, time_t );</span></p> 
   <p><span>&nbsp; &nbsp; &nbsp; &nbsp; &nbsp; &nbsp; &nbsp;^</span></p> 
   <p><span>c:\mingw\include\sys/stat.h:180:13: error: 'time_t' does not name a type</span></p> 
   <p><span>&nbsp;struct stat __struct_stat_defined( _off_t, time_t );</span></p> 
   <p><span>&nbsp; &nbsp; &nbsp; &nbsp; &nbsp; &nbsp; &nbsp;^</span></p> 
   <p><span>c:\mingw\include\sys/stat.h:180:13: error: 'time_t' does not name a type</span></p> 
   <p><span>&nbsp;struct stat __struct_stat_defined( _off_t, time_t );</span></p> 
   <p><span>&nbsp; &nbsp; &nbsp; &nbsp; &nbsp; &nbsp; &nbsp;^</span></p> 
   <p><span>c:\mingw\include\sys/stat.h:180:13: error: 'time_t' does not name a type</span></p> 
   <p><span>&nbsp;struct stat __struct_stat_defined( _off_t, time_t );</span></p> 
   <p><span>&nbsp; &nbsp; &nbsp; &nbsp; &nbsp; &nbsp; &nbsp;^</span></p> 
   <p><span>c:\mingw\include\sys/stat.h:188:17: error: '_dev_t' does not name a type</span></p> 
   <p><span>&nbsp;struct _stati64 __struct_stat_defined( __off64_t, time_t );</span></p> 
   <p><span>&nbsp; &nbsp; &nbsp; &nbsp; &nbsp; &nbsp; &nbsp; &nbsp; &nbsp;^</span></p> 
   <p><span>c:\mingw\include\sys/stat.h:188:17: error: '_ino_t' does not name a type</span></p> 
   <p><span>&nbsp;struct _stati64 __struct_stat_defined( __off64_t, time_t );</span></p> 
   <p><span>&nbsp; &nbsp; &nbsp; &nbsp; &nbsp; &nbsp; &nbsp; &nbsp; &nbsp;^</span></p> 
   <p><span>c:\mingw\include\sys/stat.h:188:17: error: '_mode_t' does not name a type</span></p> 
   <p><span>&nbsp;struct _stati64 __struct_stat_defined( __off64_t, time_t );</span></p> 
   <p><span>&nbsp; &nbsp; &nbsp; &nbsp; &nbsp; &nbsp; &nbsp; &nbsp; &nbsp;^</span></p> 
   <p><span>c:\mingw\include\sys/stat.h:188:17: error: '_dev_t' does not name a type</span></p> 
   <p><span>&nbsp;struct _stati64 __struct_stat_defined( __off64_t, time_t );</span></p> 
   <p><span>&nbsp; &nbsp; &nbsp; &nbsp; &nbsp; &nbsp; &nbsp; &nbsp; &nbsp;^</span></p> 
   <p><span>c:\mingw\include\sys/stat.h:188:17: error: '__off64_t' does not name a type</span></p> 
   <p><span>&nbsp;struct _stati64 __struct_stat_defined( __off64_t, time_t );</span></p> 
   <p><span>&nbsp; &nbsp; &nbsp; &nbsp; &nbsp; &nbsp; &nbsp; &nbsp; &nbsp;^</span></p> 
   <p><span>c:\mingw\include\sys/stat.h:188:17: error: 'time_t' does not name a type</span></p> 
   <p><span>&nbsp;struct _stati64 __struct_stat_defined( __off64_t, time_t );</span></p> 
   <p><span>&nbsp; &nbsp; &nbsp; &nbsp; &nbsp; &nbsp; &nbsp; &nbsp; &nbsp;^</span></p> 
   <p><span>c:\mingw\include\sys/stat.h:188:17: error: 'time_t' does not name a type</span></p> 
   <p><span>&nbsp;struct _stati64 __struct_stat_defined( __off64_t, time_t );</span></p> 
   <p><span>&nbsp; &nbsp; &nbsp; &nbsp; &nbsp; &nbsp; &nbsp; &nbsp; &nbsp;^</span></p> 
   <p><span>c:\mingw\include\sys/stat.h:188:17: error: 'time_t' does not name a type</span></p> 
   <p><span>&nbsp;struct _stati64 __struct_stat_defined( __off64_t, time_t );</span></p> 
   <p><span>&nbsp; &nbsp; &nbsp; &nbsp; &nbsp; &nbsp; &nbsp; &nbsp; &nbsp;^</span></p> 
   <p><span>c:\mingw\include\sys/stat.h:195:17: error: '_dev_t' does not name a type</span></p> 
   <p><span>&nbsp;struct __stat64 __struct_stat_defined( __off64_t, __time64_t );</span></p> 
   <p><span>&nbsp; &nbsp; &nbsp; &nbsp; &nbsp; &nbsp; &nbsp; &nbsp; &nbsp;^</span></p> 
   <p><span>c:\mingw\include\sys/stat.h:195:17: error: '_ino_t' does not name a type</span></p> 
   <p><span>&nbsp;struct __stat64 __struct_stat_defined( __off64_t, __time64_t );</span></p> 
   <p><span>&nbsp; &nbsp; &nbsp; &nbsp; &nbsp; &nbsp; &nbsp; &nbsp; &nbsp;^</span></p> 
   <p><span>c:\mingw\include\sys/stat.h:195:17: error: '_mode_t' does not name a type</span></p> 
   <p><span>&nbsp;struct __stat64 __struct_stat_defined( __off64_t, __time64_t );</span></p> 
   <p><span>&nbsp; &nbsp; &nbsp; &nbsp; &nbsp; &nbsp; &nbsp; &nbsp; &nbsp;^</span></p> 
   <p><span>c:\mingw\include\sys/stat.h:195:17: error: '_dev_t' does not name a type</span></p> 
   <p><span>&nbsp;struct __stat64 __struct_stat_defined( __off64_t, __time64_t );</span></p> 
   <p><span>&nbsp; &nbsp; &nbsp; &nbsp; &nbsp; &nbsp; &nbsp; &nbsp; &nbsp;^</span></p> 
   <p><span>c:\mingw\include\sys/stat.h:195:17: error: '__off64_t' does not name a type</span></p> 
   <p><span>&nbsp;struct __stat64 __struct_stat_defined( __off64_t, __time64_t );</span></p> 
   <p><span>&nbsp; &nbsp; &nbsp; &nbsp; &nbsp; &nbsp; &nbsp; &nbsp; &nbsp;^</span></p> 
   <p><span>c:\mingw\include\sys/stat.h:195:17: error: '__time64_t' does not name a type</span></p> 
   <p><span>&nbsp;struct __stat64 __struct_stat_defined( __off64_t, __time64_t );</span></p> 
   <p><span>&nbsp; &nbsp; &nbsp; &nbsp; &nbsp; &nbsp; &nbsp; &nbsp; &nbsp;^</span></p> 
   <p><span>c:\mingw\include\sys/stat.h:195:17: error: '__time64_t' does not name a type</span></p> 
   <p><span>&nbsp;struct __stat64 __struct_stat_defined( __off64_t, __time64_t );</span></p> 
   <p><span>&nbsp; &nbsp; &nbsp; &nbsp; &nbsp; &nbsp; &nbsp; &nbsp; &nbsp;^</span></p> 
   <p><span>c:\mingw\include\sys/stat.h:195:17: error: '__time64_t' does not name a type</span></p> 
   <p><span>&nbsp;struct __stat64 __struct_stat_defined( __off64_t, __time64_t );</span></p> 
   <p><span>&nbsp; &nbsp; &nbsp; &nbsp; &nbsp; &nbsp; &nbsp; &nbsp; &nbsp;^</span></p> 
   <p><span>In file included from c:\mingw\include\wchar.h:233:0,</span></p> 
   <p><span>&nbsp; &nbsp; &nbsp; &nbsp; &nbsp; &nbsp; &nbsp; &nbsp; &nbsp;from c:\mingw\lib\gcc\mingw32\4.9.3\include\c++\cwchar:44,</span></p> 
   <p><span>&nbsp; &nbsp; &nbsp; &nbsp; &nbsp; &nbsp; &nbsp; &nbsp; &nbsp;from c:\mingw\lib\gcc\mingw32\4.9.3\include\c++\bits\postypes.h:40,</span></p> 
   <p><span>&nbsp; &nbsp; &nbsp; &nbsp; &nbsp; &nbsp; &nbsp; &nbsp; &nbsp;from c:\mingw\lib\gcc\mingw32\4.9.3\include\c++\iosfwd:40,</span></p> 
   <p><span>&nbsp; &nbsp; &nbsp; &nbsp; &nbsp; &nbsp; &nbsp; &nbsp; &nbsp;from c:\mingw\lib\gcc\mingw32\4.9.3\include\c++\ios:38,</span></p> 
   <p><span>&nbsp; &nbsp; &nbsp; &nbsp; &nbsp; &nbsp; &nbsp; &nbsp; &nbsp;from c:\mingw\lib\gcc\mingw32\4.9.3\include\c++\ostream:38,</span></p> 
   <p><span>&nbsp; &nbsp; &nbsp; &nbsp; &nbsp; &nbsp; &nbsp; &nbsp; &nbsp;from c:\mingw\lib\gcc\mingw32\4.9.3\include\c++\iostream:39,</span></p> 
   <p><span>&nbsp; &nbsp; &nbsp; &nbsp; &nbsp; &nbsp; &nbsp; &nbsp; &nbsp;from E:\Android\clion\Study\main.cpp:1:</span></p> 
   <p><span>c:\mingw\include\io.h:335:21: error: 'time_t' does not name a type</span></p> 
   <p><span>&nbsp;struct _wfinddata_t __struct_finddata_t (time_t, _fsize_t);</span></p> 
   <p><span>&nbsp; &nbsp; &nbsp; &nbsp; &nbsp; &nbsp; &nbsp; &nbsp; &nbsp; &nbsp; &nbsp;^</span></p> 
   <p><span>c:\mingw\include\io.h:335:21: error: 'time_t' does not name a type</span></p> 
   <p><span>&nbsp;struct _wfinddata_t __struct_finddata_t (time_t, _fsize_t);</span></p> 
   <p><span>&nbsp; &nbsp; &nbsp; &nbsp; &nbsp; &nbsp; &nbsp; &nbsp; &nbsp; &nbsp; &nbsp;^</span></p> 
   <p><span>c:\mingw\include\io.h:335:21: error: 'time_t' does not name a type</span></p> 
   <p><span>&nbsp;struct _wfinddata_t __struct_finddata_t (time_t, _fsize_t);</span></p> 
   <p><span>&nbsp; &nbsp; &nbsp; &nbsp; &nbsp; &nbsp; &nbsp; &nbsp; &nbsp; &nbsp; &nbsp;^</span></p> 
   <p><span>c:\mingw\include\io.h:336:24: error: 'time_t' does not name a type</span></p> 
   <p><span>&nbsp;struct _wfinddatai64_t __struct_finddata_t (time_t, __int64);</span></p> 
   <p><span>&nbsp; &nbsp; &nbsp; &nbsp; &nbsp; &nbsp; &nbsp; &nbsp; &nbsp; &nbsp; &nbsp; &nbsp; ^</span></p> 
   <p><span>c:\mingw\include\io.h:336:24: error: 'time_t' does not name a type</span></p> 
   <p><span>&nbsp;struct _wfinddatai64_t __struct_finddata_t (time_t, __int64);</span></p> 
   <p><span>&nbsp; &nbsp; &nbsp; &nbsp; &nbsp; &nbsp; &nbsp; &nbsp; &nbsp; &nbsp; &nbsp; &nbsp; ^</span></p> 
   <p><span>c:\mingw\include\io.h:336:24: error: 'time_t' does not name a type</span></p> 
   <p><span>&nbsp;struct _wfinddatai64_t __struct_finddata_t (time_t, __int64);</span></p> 
   <p><span>&nbsp; &nbsp; &nbsp; &nbsp; &nbsp; &nbsp; &nbsp; &nbsp; &nbsp; &nbsp; &nbsp; &nbsp; ^</span></p> 
   <p><span>c:\mingw\include\io.h:362:24: error: '__time64_t' does not name a type</span></p> 
   <p><span>&nbsp;struct __wfinddata64_t __struct_finddata_t (__time64_t, __int64);</span></p> 
   <p><span>&nbsp; &nbsp; &nbsp; &nbsp; &nbsp; &nbsp; &nbsp; &nbsp; &nbsp; &nbsp; &nbsp; &nbsp; ^</span></p> 
   <p><span>c:\mingw\include\io.h:362:24: error: '__time64_t' does not name a type</span></p> 
   <p><span>&nbsp;struct __wfinddata64_t __struct_finddata_t (__time64_t, __int64);</span></p> 
   <p><span>&nbsp; &nbsp; &nbsp; &nbsp; &nbsp; &nbsp; &nbsp; &nbsp; &nbsp; &nbsp; &nbsp; &nbsp; ^</span></p> 
   <p><span>c:\mingw\include\io.h:362:24: error: '__time64_t' does not name a type</span></p> 
   <p><span>&nbsp;struct __wfinddata64_t __struct_finddata_t (__time64_t, __int64);</span></p> 
   <p><span>&nbsp; &nbsp; &nbsp; &nbsp; &nbsp; &nbsp; &nbsp; &nbsp; &nbsp; &nbsp; &nbsp; &nbsp; ^</span></p> 
   <p><span>In file included from c:\mingw\lib\gcc\mingw32\4.9.3\include\c++\bits\postypes.h:40:0,</span></p> 
   <p><span>&nbsp; &nbsp; &nbsp; &nbsp; &nbsp; &nbsp; &nbsp; &nbsp; &nbsp;from c:\mingw\lib\gcc\mingw32\4.9.3\include\c++\iosfwd:40,</span></p> 
   <p><span>&nbsp; &nbsp; &nbsp; &nbsp; &nbsp; &nbsp; &nbsp; &nbsp; &nbsp;from c:\mingw\lib\gcc\mingw32\4.9.3\include\c++\ios:38,</span></p> 
   <p><span>&nbsp; &nbsp; &nbsp; &nbsp; &nbsp; &nbsp; &nbsp; &nbsp; &nbsp;from c:\mingw\lib\gcc\mingw32\4.9.3\include\c++\ostream:38,</span></p> 
   <p><span>&nbsp; &nbsp; &nbsp; &nbsp; &nbsp; &nbsp; &nbsp; &nbsp; &nbsp;from c:\mingw\lib\gcc\mingw32\4.9.3\include\c++\iostream:39,</span></p> 
   <p><span>&nbsp; &nbsp; &nbsp; &nbsp; &nbsp; &nbsp; &nbsp; &nbsp; &nbsp;from E:\Android\clion\Study\main.cpp:1:</span></p> 
   <p><span>c:\mingw\lib\gcc\mingw32\4.9.3\include\c++\cwchar:146:11: error: '::fwide' has not been declared</span></p> 
   <p><span>&nbsp; &nbsp;using ::fwide;</span></p> 
   <p><span>&nbsp; &nbsp; &nbsp; &nbsp; &nbsp; &nbsp;^</span></p> 
   <p><span>c:\mingw\lib\gcc\mingw32\4.9.3\include\c++\cwchar:153:11: error: '::mbsinit' has not been declared</span></p> 
   <p><span>&nbsp; &nbsp;using ::mbsinit;</span></p> 
   <p><span>&nbsp; &nbsp; &nbsp; &nbsp; &nbsp; &nbsp;^</span></p> 
   <p><span>c:\mingw\lib\gcc\mingw32\4.9.3\include\c++\cwchar:164:11: error: '::vfwscanf' has not been declared</span></p> 
   <p><span>&nbsp; &nbsp;using ::vfwscanf;</span></p> 
   <p><span>&nbsp; &nbsp; &nbsp; &nbsp; &nbsp; &nbsp;^</span></p> 
   <p><span>c:\mingw\lib\gcc\mingw32\4.9.3\include\c++\cwchar:170:11: error: '::vswscanf' has not been declared</span></p> 
   <p><span>&nbsp; &nbsp;using ::vswscanf;</span></p> 
   <p><span>&nbsp; &nbsp; &nbsp; &nbsp; &nbsp; &nbsp;^</span></p> 
   <p><span>c:\mingw\lib\gcc\mingw32\4.9.3\include\c++\cwchar:174:11: error: '::vwscanf' has not been declared</span></p> 
   <p><span>&nbsp; &nbsp;using ::vwscanf;</span></p> 
   <p><span>&nbsp; &nbsp; &nbsp; &nbsp; &nbsp; &nbsp;^</span></p> 
   <p><span>c:\mingw\lib\gcc\mingw32\4.9.3\include\c++\cwchar:191:11: error: '::wcstof' has not been declared</span></p> 
   <p><span>&nbsp; &nbsp;using ::wcstof;</span></p> 
   <p><span>&nbsp; &nbsp; &nbsp; &nbsp; &nbsp; &nbsp;^</span></p> 
   <p><span>c:\mingw\lib\gcc\mingw32\4.9.3\include\c++\cwchar:198:11: error: '::wmemcmp' has not been declared</span></p> 
   <p><span>&nbsp; &nbsp;using ::wmemcmp;</span></p> 
   <p><span>&nbsp; &nbsp; &nbsp; &nbsp; &nbsp; &nbsp;^</span></p> 
   <p><span>c:\mingw\lib\gcc\mingw32\4.9.3\include\c++\cwchar:199:11: error: '::wmemcpy' has not been declared</span></p> 
   <p><span>&nbsp; &nbsp;using ::wmemcpy;</span></p> 
   <p><span>&nbsp; &nbsp; &nbsp; &nbsp; &nbsp; &nbsp;^</span></p> 
   <p><span>c:\mingw\lib\gcc\mingw32\4.9.3\include\c++\cwchar:200:11: error: '::wmemmove' has not been declared</span></p> 
   <p><span>&nbsp; &nbsp;using ::wmemmove;</span></p> 
   <p><span>&nbsp; &nbsp; &nbsp; &nbsp; &nbsp; &nbsp;^</span></p> 
   <p><span>c:\mingw\lib\gcc\mingw32\4.9.3\include\c++\cwchar:201:11: error: '::wmemset' has not been declared</span></p> 
   <p><span>&nbsp; &nbsp;using ::wmemset;</span></p> 
   <p><span>&nbsp; &nbsp; &nbsp; &nbsp; &nbsp; &nbsp;^</span></p> 
   <p><span>c:\mingw\lib\gcc\mingw32\4.9.3\include\c++\cwchar:208:11: error: '::wmemchr' has not been declared</span></p> 
   <p><span>&nbsp; &nbsp;using ::wmemchr;</span></p> 
   <p><span>&nbsp; &nbsp; &nbsp; &nbsp; &nbsp; &nbsp;^</span></p> 
   <p><span>c:\mingw\lib\gcc\mingw32\4.9.3\include\c++\cwchar: In function 'wchar_t* std::wmemchr(wchar_t*, wchar_t, std::size_t)':</span></p> 
   <p><span>c:\mingw\lib\gcc\mingw32\4.9.3\include\c++\cwchar:229:61: error: invalid conversion from 'const wchar_t*' to 'wchar_t*' [-fpermissive]</span></p> 
   <p><span>&nbsp; &nbsp;{ return wmemchr(const_cast&lt;const wchar_t*&gt;(__p), __c, __n); }</span></p> 
   <p><span>&nbsp; &nbsp; &nbsp; &nbsp; &nbsp; &nbsp; &nbsp; &nbsp; &nbsp; &nbsp; &nbsp; &nbsp; &nbsp; &nbsp; &nbsp; &nbsp; &nbsp; &nbsp; &nbsp; &nbsp; &nbsp; &nbsp; &nbsp; &nbsp; &nbsp; &nbsp; &nbsp; &nbsp; &nbsp; &nbsp; &nbsp;^</span></p> 
   <p><span>c:\mingw\lib\gcc\mingw32\4.9.3\include\c++\cwchar:228:3: note: initializing argument 1 of 'wchar_t* std::wmemchr(wchar_t*, wchar_t, std::size_t)'</span></p> 
   <p><span>&nbsp; &nbsp;wmemchr(wchar_t* __p, wchar_t __c, size_t __n)</span></p> 
   <p><span>&nbsp; &nbsp;^</span></p> 
   <p><span>c:\mingw\lib\gcc\mingw32\4.9.3\include\c++\cwchar: At global scope:</span></p> 
   <p><span>c:\mingw\lib\gcc\mingw32\4.9.3\include\c++\cwchar:248:11: error: '::wcstold' has not been declared</span></p> 
   <p><span>&nbsp; &nbsp;using ::wcstold;</span></p> 
   <p><span>&nbsp; &nbsp; &nbsp; &nbsp; &nbsp; &nbsp;^</span></p> 
   <p><span>c:\mingw\lib\gcc\mingw32\4.9.3\include\c++\cwchar:257:11: error: '::wcstoll' has not been declared</span></p> 
   <p><span>&nbsp; &nbsp;using ::wcstoll;</span></p> 
   <p><span>&nbsp; &nbsp; &nbsp; &nbsp; &nbsp; &nbsp;^</span></p> 
   <p><span>c:\mingw\lib\gcc\mingw32\4.9.3\include\c++\cwchar:258:11: error: '::wcstoull' has not been declared</span></p> 
   <p><span>&nbsp; &nbsp;using ::wcstoull;</span></p> 
   <p><span>&nbsp; &nbsp; &nbsp; &nbsp; &nbsp; &nbsp;^</span></p> 
   <p><span>c:\mingw\lib\gcc\mingw32\4.9.3\include\c++\cwchar:264:22: error: '__gnu_cxx::wcstold' has not been declared</span></p> 
   <p><span>&nbsp; &nbsp;using ::__gnu_cxx::wcstold;</span></p> 
   <p><span>&nbsp; &nbsp; &nbsp; &nbsp; &nbsp; &nbsp; &nbsp; &nbsp; &nbsp; &nbsp; &nbsp; ^</span></p> 
   <p><span>c:\mingw\lib\gcc\mingw32\4.9.3\include\c++\cwchar:265:22: error: '__gnu_cxx::wcstoll' has not been declared</span></p> 
   <p><span>&nbsp; &nbsp;using ::__gnu_cxx::wcstoll;</span></p> 
   <p><span>&nbsp; &nbsp; &nbsp; &nbsp; &nbsp; &nbsp; &nbsp; &nbsp; &nbsp; &nbsp; &nbsp; ^</span></p> 
   <p><span>c:\mingw\lib\gcc\mingw32\4.9.3\include\c++\cwchar:266:22: error: '__gnu_cxx::wcstoull' has not been declared</span></p> 
   <p><span>&nbsp; &nbsp;using ::__gnu_cxx::wcstoull;</span></p> 
   <p><span>&nbsp; &nbsp; &nbsp; &nbsp; &nbsp; &nbsp; &nbsp; &nbsp; &nbsp; &nbsp; &nbsp; ^</span></p> 
   <p><span>c:\mingw\lib\gcc\mingw32\4.9.3\include\c++\cwchar:280:14: error: 'std::wcstof' has not been declared</span></p> 
   <p><span>&nbsp; &nbsp;using std::wcstof;</span></p> 
   <p><span>&nbsp; &nbsp; &nbsp; &nbsp; &nbsp; &nbsp; &nbsp; ^</span></p> 
   <p><span>c:\mingw\lib\gcc\mingw32\4.9.3\include\c++\cwchar:283:14: error: 'std::vfwscanf' has not been declared</span></p> 
   <p><span>&nbsp; &nbsp;using std::vfwscanf;</span></p> 
   <p><span>&nbsp; &nbsp; &nbsp; &nbsp; &nbsp; &nbsp; &nbsp; ^</span></p> 
   <p><span>c:\mingw\lib\gcc\mingw32\4.9.3\include\c++\cwchar:286:14: error: 'std::vswscanf' has not been declared</span></p> 
   <p><span>&nbsp; &nbsp;using std::vswscanf;</span></p> 
   <p><span>&nbsp; &nbsp; &nbsp; &nbsp; &nbsp; &nbsp; &nbsp; ^</span></p> 
   <p><span>c:\mingw\lib\gcc\mingw32\4.9.3\include\c++\cwchar:289:14: error: 'std::vwscanf' has not been declared</span></p> 
   <p><span>&nbsp; &nbsp;using std::vwscanf;</span></p> 
   <p><span>&nbsp; &nbsp; &nbsp; &nbsp; &nbsp; &nbsp; &nbsp; ^</span></p> 
   <p><span>c:\mingw\lib\gcc\mingw32\4.9.3\include\c++\cwchar:293:14: error: 'std::wcstold' has not been declared</span></p> 
   <p><span>&nbsp; &nbsp;using std::wcstold;</span></p> 
   <p><span>&nbsp; &nbsp; &nbsp; &nbsp; &nbsp; &nbsp; &nbsp; ^</span></p> 
   <p><span>c:\mingw\lib\gcc\mingw32\4.9.3\include\c++\cwchar:294:14: error: 'std::wcstoll' has not been declared</span></p> 
   <p><span>&nbsp; &nbsp;using std::wcstoll;</span></p> 
   <p><span>&nbsp; &nbsp; &nbsp; &nbsp; &nbsp; &nbsp; &nbsp; ^</span></p> 
   <p><span>c:\mingw\lib\gcc\mingw32\4.9.3\include\c++\cwchar:295:14: error: 'std::wcstoull' has not been declared</span></p> 
   <p><span>&nbsp; &nbsp;using std::wcstoull;</span></p> 
   <p><span>&nbsp; &nbsp; &nbsp; &nbsp; &nbsp; &nbsp; &nbsp; ^</span></p> 
   <p><span>In file included from c:\mingw\lib\gcc\mingw32\4.9.3\include\c++\ios:40:0,</span></p> 
   <p><span>&nbsp; &nbsp; &nbsp; &nbsp; &nbsp; &nbsp; &nbsp; &nbsp; &nbsp;from c:\mingw\lib\gcc\mingw32\4.9.3\include\c++\ostream:38,</span></p> 
   <p><span>&nbsp; &nbsp; &nbsp; &nbsp; &nbsp; &nbsp; &nbsp; &nbsp; &nbsp;from c:\mingw\lib\gcc\mingw32\4.9.3\include\c++\iostream:39,</span></p> 
   <p><span>&nbsp; &nbsp; &nbsp; &nbsp; &nbsp; &nbsp; &nbsp; &nbsp; &nbsp;from E:\Android\clion\Study\main.cpp:1:</span></p> 
   <p><span>c:\mingw\lib\gcc\mingw32\4.9.3\include\c++\bits\char_traits.h: In static member function 'static int std::char_traits&lt;wchar_t&gt;::compare(const char_type*, const char_type*, std::size_t)':</span></p> 
   <p><span>c:\mingw\lib\gcc\mingw32\4.9.3\include\c++\bits\char_traits.h:330:39: error: 'wmemcmp' was not declared in this scope</span></p> 
   <p><span>&nbsp; &nbsp; &nbsp; &nbsp;{ return wmemcmp(__s1, __s2, __n); }</span></p> 
   <p><span>&nbsp; &nbsp; &nbsp; &nbsp; &nbsp; &nbsp; &nbsp; &nbsp; &nbsp; &nbsp; &nbsp; &nbsp; &nbsp; &nbsp; &nbsp; &nbsp; &nbsp; &nbsp; &nbsp; &nbsp;^</span></p> 
   <p><span>c:\mingw\lib\gcc\mingw32\4.9.3\include\c++\bits\char_traits.h: In static member function 'static const char_type* std::char_traits&lt;wchar_t&gt;::find(const char_type*, std::size_t, const char_type&amp;)':</span></p> 
   <p><span>c:\mingw\lib\gcc\mingw32\4.9.3\include\c++\bits\char_traits.h:338:37: error: invalid conversion from 'const char_type* {aka const wchar_t*}' to 'wchar_t*' [-fpermissive]</span></p> 
   <p><span>&nbsp; &nbsp; &nbsp; &nbsp;{ return wmemchr(__s, __a, __n); }</span></p> 
   <p><span>&nbsp; &nbsp; &nbsp; &nbsp; &nbsp; &nbsp; &nbsp; &nbsp; &nbsp; &nbsp; &nbsp; &nbsp; &nbsp; &nbsp; &nbsp; &nbsp; &nbsp; &nbsp; &nbsp;^</span></p> 
   <p><span>In file included from c:\mingw\lib\gcc\mingw32\4.9.3\include\c++\bits\postypes.h:40:0,</span></p> 
   <p><span>&nbsp; &nbsp; &nbsp; &nbsp; &nbsp; &nbsp; &nbsp; &nbsp; &nbsp;from c:\mingw\lib\gcc\mingw32\4.9.3\include\c++\iosfwd:40,</span></p> 
   <p><span>&nbsp; &nbsp; &nbsp; &nbsp; &nbsp; &nbsp; &nbsp; &nbsp; &nbsp;from c:\mingw\lib\gcc\mingw32\4.9.3\include\c++\ios:38,</span></p> 
   <p><span>&nbsp; &nbsp; &nbsp; &nbsp; &nbsp; &nbsp; &nbsp; &nbsp; &nbsp;from c:\mingw\lib\gcc\mingw32\4.9.3\include\c++\ostream:38,</span></p> 
   <p><span>&nbsp; &nbsp; &nbsp; &nbsp; &nbsp; &nbsp; &nbsp; &nbsp; &nbsp;from c:\mingw\lib\gcc\mingw32\4.9.3\include\c++\iostream:39,</span></p> 
   <p><span>&nbsp; &nbsp; &nbsp; &nbsp; &nbsp; &nbsp; &nbsp; &nbsp; &nbsp;from E:\Android\clion\Study\main.cpp:1:</span></p> 
   <p><span>c:\mingw\lib\gcc\mingw32\4.9.3\include\c++\cwchar:228:3: note: initializing argument 1 of 'wchar_t* std::wmemchr(wchar_t*, wchar_t, std::size_t)'</span></p> 
   <p><span>&nbsp; &nbsp;wmemchr(wchar_t* __p, wchar_t __c, size_t __n)</span></p> 
   <p><span>&nbsp; &nbsp;^</span></p> 
   <p><span>In file included from c:\mingw\lib\gcc\mingw32\4.9.3\include\c++\ios:40:0,</span></p> 
   <p><span>&nbsp; &nbsp; &nbsp; &nbsp; &nbsp; &nbsp; &nbsp; &nbsp; &nbsp;from c:\mingw\lib\gcc\mingw32\4.9.3\include\c++\ostream:38,</span></p> 
   <p><span>&nbsp; &nbsp; &nbsp; &nbsp; &nbsp; &nbsp; &nbsp; &nbsp; &nbsp;from c:\mingw\lib\gcc\mingw32\4.9.3\include\c++\iostream:39,</span></p> 
   <p><span>&nbsp; &nbsp; &nbsp; &nbsp; &nbsp; &nbsp; &nbsp; &nbsp; &nbsp;from E:\Android\clion\Study\main.cpp:1:</span></p> 
   <p><span>c:\mingw\lib\gcc\mingw32\4.9.3\include\c++\bits\char_traits.h: In static member function 'static std::char_traits&lt;wchar_t&gt;::char_type* std::char_traits&lt;wchar_t&gt;::move(std::char_traits&lt;wchar_t&gt;::char_type*, const char_type*, std::size_t)':</span></p> 
   <p><span>c:\mingw\lib\gcc\mingw32\4.9.3\include\c++\bits\char_traits.h:342:40: error: 'wmemmove' was not declared in this scope</span></p> 
   <p><span>&nbsp; &nbsp; &nbsp; &nbsp;{ return wmemmove(__s1, __s2, __n); }</span></p> 
   <p><span>&nbsp; &nbsp; &nbsp; &nbsp; &nbsp; &nbsp; &nbsp; &nbsp; &nbsp; &nbsp; &nbsp; &nbsp; &nbsp; &nbsp; &nbsp; &nbsp; &nbsp; &nbsp; &nbsp; &nbsp; ^</span></p> 
   <p><span>c:\mingw\lib\gcc\mingw32\4.9.3\include\c++\bits\char_traits.h: In static member function 'static std::char_traits&lt;wchar_t&gt;::char_type* std::char_traits&lt;wchar_t&gt;::copy(std::char_traits&lt;wchar_t&gt;::char_type*, const char_type*, std::size_t)':</span></p> 
   <p><span>c:\mingw\lib\gcc\mingw32\4.9.3\include\c++\bits\char_traits.h:346:39: error: 'wmemcpy' was not declared in this scope</span></p> 
   <p><span>&nbsp; &nbsp; &nbsp; &nbsp;{ return wmemcpy(__s1, __s2, __n); }</span></p> 
   <p><span>&nbsp; &nbsp; &nbsp; &nbsp; &nbsp; &nbsp; &nbsp; &nbsp; &nbsp; &nbsp; &nbsp; &nbsp; &nbsp; &nbsp; &nbsp; &nbsp; &nbsp; &nbsp; &nbsp; &nbsp;^</span></p> 
   <p><span>c:\mingw\lib\gcc\mingw32\4.9.3\include\c++\bits\char_traits.h: In static member function 'static std::char_traits&lt;wchar_t&gt;::char_type* std::char_traits&lt;wchar_t&gt;::assign(std::char_traits&lt;wchar_t&gt;::char_type*, std::size_t, std::char_traits&lt;wchar_t&gt;::char_type)':</span></p> 
   <p><span>c:\mingw\lib\gcc\mingw32\4.9.3\include\c++\bits\char_traits.h:350:37: error: 'wmemset' was not declared in this scope</span></p> 
   <p><span>&nbsp; &nbsp; &nbsp; &nbsp;{ return wmemset(__s, __a, __n); }</span></p> 
   <p><span>&nbsp; &nbsp; &nbsp; &nbsp; &nbsp; &nbsp; &nbsp; &nbsp; &nbsp; &nbsp; &nbsp; &nbsp; &nbsp; &nbsp; &nbsp; &nbsp; &nbsp; &nbsp; &nbsp;^</span></p> 
   <p><span>In file included from c:\mingw\lib\gcc\mingw32\4.9.3\include\c++\ext\string_conversions.h:41:0,</span></p> 
   <p><span>&nbsp; &nbsp; &nbsp; &nbsp; &nbsp; &nbsp; &nbsp; &nbsp; &nbsp;from c:\mingw\lib\gcc\mingw32\4.9.3\include\c++\bits\basic_string.h:2849,</span></p> 
   <p><span>&nbsp; &nbsp; &nbsp; &nbsp; &nbsp; &nbsp; &nbsp; &nbsp; &nbsp;from c:\mingw\lib\gcc\mingw32\4.9.3\include\c++\string:52,</span></p> 
   <p><span>&nbsp; &nbsp; &nbsp; &nbsp; &nbsp; &nbsp; &nbsp; &nbsp; &nbsp;from c:\mingw\lib\gcc\mingw32\4.9.3\include\c++\bits\locale_classes.h:40,</span></p> 
   <p><span>&nbsp; &nbsp; &nbsp; &nbsp; &nbsp; &nbsp; &nbsp; &nbsp; &nbsp;from c:\mingw\lib\gcc\mingw32\4.9.3\include\c++\bits\ios_base.h:41,</span></p> 
   <p><span>&nbsp; &nbsp; &nbsp; &nbsp; &nbsp; &nbsp; &nbsp; &nbsp; &nbsp;from c:\mingw\lib\gcc\mingw32\4.9.3\include\c++\ios:42,</span></p> 
   <p><span>&nbsp; &nbsp; &nbsp; &nbsp; &nbsp; &nbsp; &nbsp; &nbsp; &nbsp;from c:\mingw\lib\gcc\mingw32\4.9.3\include\c++\ostream:38,</span></p> 
   <p><span>&nbsp; &nbsp; &nbsp; &nbsp; &nbsp; &nbsp; &nbsp; &nbsp; &nbsp;from c:\mingw\lib\gcc\mingw32\4.9.3\include\c++\iostream:39,</span></p> 
   <p><span>&nbsp; &nbsp; &nbsp; &nbsp; &nbsp; &nbsp; &nbsp; &nbsp; &nbsp;from E:\Android\clion\Study\main.cpp:1:</span></p> 
   <p><span>c:\mingw\lib\gcc\mingw32\4.9.3\include\c++\cstdlib: At global scope:</span></p> 
   <p><span>c:\mingw\lib\gcc\mingw32\4.9.3\include\c++\cstdlib:201:11: error: '::lldiv_t' has not been declared</span></p> 
   <p><span>&nbsp; &nbsp;using ::lldiv_t;</span></p> 
   <p><span>&nbsp; &nbsp; &nbsp; &nbsp; &nbsp; &nbsp;^</span></p> 
   <p><span>c:\mingw\lib\gcc\mingw32\4.9.3\include\c++\cstdlib:207:11: error: '::_Exit' has not been declared</span></p> 
   <p><span>&nbsp; &nbsp;using ::_Exit;</span></p> 
   <p><span>&nbsp; &nbsp; &nbsp; &nbsp; &nbsp; &nbsp;^</span></p> 
   <p><span>c:\mingw\lib\gcc\mingw32\4.9.3\include\c++\cstdlib:211:11: error: '::llabs' has not been declared</span></p> 
   <p><span>&nbsp; &nbsp;using ::llabs;</span></p> 
   <p><span>&nbsp; &nbsp; &nbsp; &nbsp; &nbsp; &nbsp;^</span></p> 
   <p><span>c:\mingw\lib\gcc\mingw32\4.9.3\include\c++\cstdlib:213:10: error: 'lldiv_t' does not name a type</span></p> 
   <p><span>&nbsp; &nbsp;inline lldiv_t</span></p> 
   <p><span>&nbsp; &nbsp; &nbsp; &nbsp; &nbsp; ^</span></p> 
   <p><span>c:\mingw\lib\gcc\mingw32\4.9.3\include\c++\cstdlib:217:11: error: '::lldiv' has not been declared</span></p> 
   <p><span>&nbsp; &nbsp;using ::lldiv;</span></p> 
   <p><span>&nbsp; &nbsp; &nbsp; &nbsp; &nbsp; &nbsp;^</span></p> 
   <p><span>c:\mingw\lib\gcc\mingw32\4.9.3\include\c++\cstdlib:228:11: error: '::atoll' has not been declared</span></p> 
   <p><span>&nbsp; &nbsp;using ::atoll;</span></p> 
   <p><span>&nbsp; &nbsp; &nbsp; &nbsp; &nbsp; &nbsp;^</span></p> 
   <p><span>c:\mingw\lib\gcc\mingw32\4.9.3\include\c++\cstdlib:229:11: error: '::strtoll' has not been declared</span></p> 
   <p><span>&nbsp; &nbsp;using ::strtoll;</span></p> 
   <p><span>&nbsp; &nbsp; &nbsp; &nbsp; &nbsp; &nbsp;^</span></p> 
   <p><span>c:\mingw\lib\gcc\mingw32\4.9.3\include\c++\cstdlib:230:11: error: '::strtoull' has not been declared</span></p> 
   <p><span>&nbsp; &nbsp;using ::strtoull;</span></p> 
   <p><span>&nbsp; &nbsp; &nbsp; &nbsp; &nbsp; &nbsp;^</span></p> 
   <p><span>c:\mingw\lib\gcc\mingw32\4.9.3\include\c++\cstdlib:232:11: error: '::strtof' has not been declared</span></p> 
   <p><span>&nbsp; &nbsp;using ::strtof;</span></p> 
   <p><span>&nbsp; &nbsp; &nbsp; &nbsp; &nbsp; &nbsp;^</span></p> 
   <p><span>c:\mingw\lib\gcc\mingw32\4.9.3\include\c++\cstdlib:233:11: error: '::strtold' has not been declared</span></p> 
   <p><span>&nbsp; &nbsp;using ::strtold;</span></p> 
   <p><span>&nbsp; &nbsp; &nbsp; &nbsp; &nbsp; &nbsp;^</span></p> 
   <p><span>c:\mingw\lib\gcc\mingw32\4.9.3\include\c++\cstdlib:241:22: error: '__gnu_cxx::lldiv_t' has not been declared</span></p> 
   <p><span>&nbsp; &nbsp;using ::__gnu_cxx::lldiv_t;</span></p> 
   <p><span>&nbsp; &nbsp; &nbsp; &nbsp; &nbsp; &nbsp; &nbsp; &nbsp; &nbsp; &nbsp; &nbsp; ^</span></p> 
   <p><span>c:\mingw\lib\gcc\mingw32\4.9.3\include\c++\cstdlib:243:22: error: '__gnu_cxx::_Exit' has not been declared</span></p> 
   <p><span>&nbsp; &nbsp;using ::__gnu_cxx::_Exit;</span></p> 
   <p><span>&nbsp; &nbsp; &nbsp; &nbsp; &nbsp; &nbsp; &nbsp; &nbsp; &nbsp; &nbsp; &nbsp; ^</span></p> 
   <p><span>c:\mingw\lib\gcc\mingw32\4.9.3\include\c++\cstdlib:245:22: error: '__gnu_cxx::llabs' has not been declared</span></p> 
   <p><span>&nbsp; &nbsp;using ::__gnu_cxx::llabs;</span></p> 
   <p><span>&nbsp; &nbsp; &nbsp; &nbsp; &nbsp; &nbsp; &nbsp; &nbsp; &nbsp; &nbsp; &nbsp; ^</span></p> 
   <p><span>c:\mingw\lib\gcc\mingw32\4.9.3\include\c++\cstdlib:246:22: error: '__gnu_cxx::div' has not been declared</span></p> 
   <p><span>&nbsp; &nbsp;using ::__gnu_cxx::div;</span></p> 
   <p><span>&nbsp; &nbsp; &nbsp; &nbsp; &nbsp; &nbsp; &nbsp; &nbsp; &nbsp; &nbsp; &nbsp; ^</span></p> 
   <p><span>c:\mingw\lib\gcc\mingw32\4.9.3\include\c++\cstdlib:247:22: error: '__gnu_cxx::lldiv' has not been declared</span></p> 
   <p><span>&nbsp; &nbsp;using ::__gnu_cxx::lldiv;</span></p> 
   <p><span>&nbsp; &nbsp; &nbsp; &nbsp; &nbsp; &nbsp; &nbsp; &nbsp; &nbsp; &nbsp; &nbsp; ^</span></p> 
   <p><span>c:\mingw\lib\gcc\mingw32\4.9.3\include\c++\cstdlib:249:22: error: '__gnu_cxx::atoll' has not been declared</span></p> 
   <p><span>&nbsp; &nbsp;using ::__gnu_cxx::atoll;</span></p> 
   <p><span>&nbsp; &nbsp; &nbsp; &nbsp; &nbsp; &nbsp; &nbsp; &nbsp; &nbsp; &nbsp; &nbsp; ^</span></p> 
   <p><span>c:\mingw\lib\gcc\mingw32\4.9.3\include\c++\cstdlib:250:22: error: '__gnu_cxx::strtof' has not been declared</span></p> 
   <p><span>&nbsp; &nbsp;using ::__gnu_cxx::strtof;</span></p> 
   <p><span>&nbsp; &nbsp; &nbsp; &nbsp; &nbsp; &nbsp; &nbsp; &nbsp; &nbsp; &nbsp; &nbsp; ^</span></p> 
   <p><span>c:\mingw\lib\gcc\mingw32\4.9.3\include\c++\cstdlib:251:22: error: '__gnu_cxx::strtoll' has not been declared</span></p> 
   <p><span>&nbsp; &nbsp;using ::__gnu_cxx::strtoll;</span></p> 
   <p><span>&nbsp; &nbsp; &nbsp; &nbsp; &nbsp; &nbsp; &nbsp; &nbsp; &nbsp; &nbsp; &nbsp; ^</span></p> 
   <p><span>c:\mingw\lib\gcc\mingw32\4.9.3\include\c++\cstdlib:252:22: error: '__gnu_cxx::strtoull' has not been declared</span></p> 
   <p><span>&nbsp; &nbsp;using ::__gnu_cxx::strtoull;</span></p> 
   <p><span>&nbsp; &nbsp; &nbsp; &nbsp; &nbsp; &nbsp; &nbsp; &nbsp; &nbsp; &nbsp; &nbsp; ^</span></p> 
   <p><span>c:\mingw\lib\gcc\mingw32\4.9.3\include\c++\cstdlib:253:22: error: '__gnu_cxx::strtold' has not been declared</span></p> 
   <p><span>&nbsp; &nbsp;using ::__gnu_cxx::strtold;</span></p> 
   <p><span>&nbsp; &nbsp; &nbsp; &nbsp; &nbsp; &nbsp; &nbsp; &nbsp; &nbsp; &nbsp; &nbsp; ^</span></p> 
   <p><span>In file included from c:\mingw\lib\gcc\mingw32\4.9.3\include\c++\ext\string_conversions.h:43:0,</span></p> 
   <p><span>&nbsp; &nbsp; &nbsp; &nbsp; &nbsp; &nbsp; &nbsp; &nbsp; &nbsp;from c:\mingw\lib\gcc\mingw32\4.9.3\include\c++\bits\basic_string.h:2849,</span></p> 
   <p><span>&nbsp; &nbsp; &nbsp; &nbsp; &nbsp; &nbsp; &nbsp; &nbsp; &nbsp;from c:\mingw\lib\gcc\mingw32\4.9.3\include\c++\string:52,</span></p> 
   <p><span>&nbsp; &nbsp; &nbsp; &nbsp; &nbsp; &nbsp; &nbsp; &nbsp; &nbsp;from c:\mingw\lib\gcc\mingw32\4.9.3\include\c++\bits\locale_classes.h:40,</span></p> 
   <p><span>&nbsp; &nbsp; &nbsp; &nbsp; &nbsp; &nbsp; &nbsp; &nbsp; &nbsp;from c:\mingw\lib\gcc\mingw32\4.9.3\include\c++\bits\ios_base.h:41,</span></p> 
   <p><span>&nbsp; &nbsp; &nbsp; &nbsp; &nbsp; &nbsp; &nbsp; &nbsp; &nbsp;from c:\mingw\lib\gcc\mingw32\4.9.3\include\c++\ios:42,</span></p> 
   <p><span>&nbsp; &nbsp; &nbsp; &nbsp; &nbsp; &nbsp; &nbsp; &nbsp; &nbsp;from c:\mingw\lib\gcc\mingw32\4.9.3\include\c++\ostream:38,</span></p> 
   <p><span>&nbsp; &nbsp; &nbsp; &nbsp; &nbsp; &nbsp; &nbsp; &nbsp; &nbsp;from c:\mingw\lib\gcc\mingw32\4.9.3\include\c++\iostream:39,</span></p> 
   <p><span>&nbsp; &nbsp; &nbsp; &nbsp; &nbsp; &nbsp; &nbsp; &nbsp; &nbsp;from E:\Android\clion\Study\main.cpp:1:</span></p> 
   <p><span>c:\mingw\lib\gcc\mingw32\4.9.3\include\c++\cstdio:175:11: error: '::snprintf' has not been declared</span></p> 
   <p><span>&nbsp; &nbsp;using ::snprintf;</span></p> 
   <p><span>&nbsp; &nbsp; &nbsp; &nbsp; &nbsp; &nbsp;^</span></p> 
   <p><span>c:\mingw\lib\gcc\mingw32\4.9.3\include\c++\cstdio:176:11: error: '::vfscanf' has not been declared</span></p> 
   <p><span>&nbsp; &nbsp;using ::vfscanf;</span></p> 
   <p><span>&nbsp; &nbsp; &nbsp; &nbsp; &nbsp; &nbsp;^</span></p> 
   <p><span>c:\mingw\lib\gcc\mingw32\4.9.3\include\c++\cstdio:177:11: error: '::vscanf' has not been declared</span></p> 
   <p><span>&nbsp; &nbsp;using ::vscanf;</span></p> 
   <p><span>&nbsp; &nbsp; &nbsp; &nbsp; &nbsp; &nbsp;^</span></p> 
   <p><span>c:\mingw\lib\gcc\mingw32\4.9.3\include\c++\cstdio:178:11: error: '::vsnprintf' has not been declared</span></p> 
   <p><span>&nbsp; &nbsp;using ::vsnprintf;</span></p> 
   <p><span>&nbsp; &nbsp; &nbsp; &nbsp; &nbsp; &nbsp;^</span></p> 
   <p><span>c:\mingw\lib\gcc\mingw32\4.9.3\include\c++\cstdio:179:11: error: '::vsscanf' has not been declared</span></p> 
   <p><span>&nbsp; &nbsp;using ::vsscanf;</span></p> 
   <p><span>&nbsp; &nbsp; &nbsp; &nbsp; &nbsp; &nbsp;^</span></p> 
   <p><span>c:\mingw\lib\gcc\mingw32\4.9.3\include\c++\cstdio:185:22: error: '__gnu_cxx::snprintf' has not been declared</span></p> 
   <p><span>&nbsp; &nbsp;using ::__gnu_cxx::snprintf;</span></p> 
   <p><span>&nbsp; &nbsp; &nbsp; &nbsp; &nbsp; &nbsp; &nbsp; &nbsp; &nbsp; &nbsp; &nbsp; ^</span></p> 
   <p><span>c:\mingw\lib\gcc\mingw32\4.9.3\include\c++\cstdio:186:22: error: '__gnu_cxx::vfscanf' has not been declared</span></p> 
   <p><span>&nbsp; &nbsp;using ::__gnu_cxx::vfscanf;</span></p> 
   <p><span>&nbsp; &nbsp; &nbsp; &nbsp; &nbsp; &nbsp; &nbsp; &nbsp; &nbsp; &nbsp; &nbsp; ^</span></p> 
   <p><span>c:\mingw\lib\gcc\mingw32\4.9.3\include\c++\cstdio:187:22: error: '__gnu_cxx::vscanf' has not been declared</span></p> 
   <p><span>&nbsp; &nbsp;using ::__gnu_cxx::vscanf;</span></p> 
   <p><span>&nbsp; &nbsp; &nbsp; &nbsp; &nbsp; &nbsp; &nbsp; &nbsp; &nbsp; &nbsp; &nbsp; ^</span></p> 
   <p><span>c:\mingw\lib\gcc\mingw32\4.9.3\include\c++\cstdio:188:22: error: '__gnu_cxx::vsnprintf' has not been declared</span></p> 
   <p><span>&nbsp; &nbsp;using ::__gnu_cxx::vsnprintf;</span></p> 
   <p><span>&nbsp; &nbsp; &nbsp; &nbsp; &nbsp; &nbsp; &nbsp; &nbsp; &nbsp; &nbsp; &nbsp; ^</span></p> 
   <p><span>c:\mingw\lib\gcc\mingw32\4.9.3\include\c++\cstdio:189:22: error: '__gnu_cxx::vsscanf' has not been declared</span></p> 
   <p><span>&nbsp; &nbsp;using ::__gnu_cxx::vsscanf;</span></p> 
   <p><span>&nbsp; &nbsp; &nbsp; &nbsp; &nbsp; &nbsp; &nbsp; &nbsp; &nbsp; &nbsp; &nbsp; ^</span></p> 
   <p><span>In file included from c:\mingw\lib\gcc\mingw32\4.9.3\include\c++\string:52:0,</span></p> 
   <p><span>&nbsp; &nbsp; &nbsp; &nbsp; &nbsp; &nbsp; &nbsp; &nbsp; &nbsp;from c:\mingw\lib\gcc\mingw32\4.9.3\include\c++\bits\locale_classes.h:40,</span></p> 
   <p><span>&nbsp; &nbsp; &nbsp; &nbsp; &nbsp; &nbsp; &nbsp; &nbsp; &nbsp;from c:\mingw\lib\gcc\mingw32\4.9.3\include\c++\bits\ios_base.h:41,</span></p> 
   <p><span>&nbsp; &nbsp; &nbsp; &nbsp; &nbsp; &nbsp; &nbsp; &nbsp; &nbsp;from c:\mingw\lib\gcc\mingw32\4.9.3\include\c++\ios:42,</span></p> 
   <p><span>&nbsp; &nbsp; &nbsp; &nbsp; &nbsp; &nbsp; &nbsp; &nbsp; &nbsp;from c:\mingw\lib\gcc\mingw32\4.9.3\include\c++\ostream:38,</span></p> 
   <p><span>&nbsp; &nbsp; &nbsp; &nbsp; &nbsp; &nbsp; &nbsp; &nbsp; &nbsp;from c:\mingw\lib\gcc\mingw32\4.9.3\include\c++\iostream:39,</span></p> 
   <p><span>&nbsp; &nbsp; &nbsp; &nbsp; &nbsp; &nbsp; &nbsp; &nbsp; &nbsp;from E:\Android\clion\Study\main.cpp:1:</span></p> 
   <p><span>c:\mingw\lib\gcc\mingw32\4.9.3\include\c++\bits\basic_string.h: In function 'long long int std::stoll(const string&amp;, std::size_t*, int)':</span></p> 
   <p><span>c:\mingw\lib\gcc\mingw32\4.9.3\include\c++\bits\basic_string.h:2873:31: error: 'strtoll' is not a member of 'std'</span></p> 
   <p><span>&nbsp; &nbsp;{ return __gnu_cxx::__stoa(&amp;std::strtoll, "stoll", __str.c_str(),</span></p> 
   <p><span>&nbsp; &nbsp; &nbsp; &nbsp; &nbsp; &nbsp; &nbsp; &nbsp; &nbsp; &nbsp; &nbsp; &nbsp; &nbsp; &nbsp; &nbsp; &nbsp;^</span></p> 
   <p><span>c:\mingw\lib\gcc\mingw32\4.9.3\include\c++\bits\basic_string.h: In function 'long long unsigned int std::stoull(const string&amp;, std::size_t*, int)':</span></p> 
   <p><span>c:\mingw\lib\gcc\mingw32\4.9.3\include\c++\bits\basic_string.h:2878:31: error: 'strtoull' is not a member of 'std'</span></p> 
   <p><span>&nbsp; &nbsp;{ return __gnu_cxx::__stoa(&amp;std::strtoull, "stoull", __str.c_str(),</span></p> 
   <p><span>&nbsp; &nbsp; &nbsp; &nbsp; &nbsp; &nbsp; &nbsp; &nbsp; &nbsp; &nbsp; &nbsp; &nbsp; &nbsp; &nbsp; &nbsp; &nbsp;^</span></p> 
   <p><span>c:\mingw\lib\gcc\mingw32\4.9.3\include\c++\bits\basic_string.h: In function 'float std::stof(const string&amp;, std::size_t*)':</span></p> 
   <p><span>c:\mingw\lib\gcc\mingw32\4.9.3\include\c++\bits\basic_string.h:2884:31: error: 'strtof' is not a member of 'std'</span></p> 
   <p><span>&nbsp; &nbsp;{ return __gnu_cxx::__stoa(&amp;std::strtof, "stof", __str.c_str(), __idx); }</span></p> 
   <p><span>&nbsp; &nbsp; &nbsp; &nbsp; &nbsp; &nbsp; &nbsp; &nbsp; &nbsp; &nbsp; &nbsp; &nbsp; &nbsp; &nbsp; &nbsp; &nbsp;^</span></p> 
   <p><span>c:\mingw\lib\gcc\mingw32\4.9.3\include\c++\bits\basic_string.h: In function 'long double std::stold(const string&amp;, std::size_t*)':</span></p> 
   <p><span>c:\mingw\lib\gcc\mingw32\4.9.3\include\c++\bits\basic_string.h:2892:31: error: 'strtold' is not a member of 'std'</span></p> 
   <p><span>&nbsp; &nbsp;{ return __gnu_cxx::__stoa(&amp;std::strtold, "stold", __str.c_str(), __idx); }</span></p> 
   <p><span>&nbsp; &nbsp; &nbsp; &nbsp; &nbsp; &nbsp; &nbsp; &nbsp; &nbsp; &nbsp; &nbsp; &nbsp; &nbsp; &nbsp; &nbsp; &nbsp;^</span></p> 
   <p><span>c:\mingw\lib\gcc\mingw32\4.9.3\include\c++\bits\basic_string.h: In function 'std::string std::to_string(int)':</span></p> 
   <p><span>c:\mingw\lib\gcc\mingw32\4.9.3\include\c++\bits\basic_string.h:2899:45: error: 'vsnprintf' is not a member of 'std'</span></p> 
   <p><span>&nbsp; &nbsp;{ return __gnu_cxx::__to_xstring&lt;string&gt;(&amp;std::vsnprintf, 4 * sizeof(int),</span></p> 
   <p><span>&nbsp; &nbsp; &nbsp; &nbsp; &nbsp; &nbsp; &nbsp; &nbsp; &nbsp; &nbsp; &nbsp; &nbsp; &nbsp; &nbsp; &nbsp; &nbsp; &nbsp; &nbsp; &nbsp; &nbsp; &nbsp; &nbsp; &nbsp;^</span></p> 
   <p><span>c:\mingw\lib\gcc\mingw32\4.9.3\include\c++\bits\basic_string.h: In function 'std::string std::to_string(unsigned int)':</span></p> 
   <p><span>c:\mingw\lib\gcc\mingw32\4.9.3\include\c++\bits\basic_string.h:2904:45: error: 'vsnprintf' is not a member of 'std'</span></p> 
   <p><span>&nbsp; &nbsp;{ return __gnu_cxx::__to_xstring&lt;string&gt;(&amp;std::vsnprintf,</span></p> 
   <p><span>&nbsp; &nbsp; &nbsp; &nbsp; &nbsp; &nbsp; &nbsp; &nbsp; &nbsp; &nbsp; &nbsp; &nbsp; &nbsp; &nbsp; &nbsp; &nbsp; &nbsp; &nbsp; &nbsp; &nbsp; &nbsp; &nbsp; &nbsp;^</span></p> 
   <p><span>c:\mingw\lib\gcc\mingw32\4.9.3\include\c++\bits\basic_string.h: In function 'std::string std::to_string(long int)':</span></p> 
   <p><span>c:\mingw\lib\gcc\mingw32\4.9.3\include\c++\bits\basic_string.h:2910:45: error: 'vsnprintf' is not a member of 'std'</span></p> 
   <p><span>&nbsp; &nbsp;{ return __gnu_cxx::__to_xstring&lt;string&gt;(&amp;std::vsnprintf, 4 * sizeof(long),</span></p> 
   <p><span>&nbsp; &nbsp; &nbsp; &nbsp; &nbsp; &nbsp; &nbsp; &nbsp; &nbsp; &nbsp; &nbsp; &nbsp; &nbsp; &nbsp; &nbsp; &nbsp; &nbsp; &nbsp; &nbsp; &nbsp; &nbsp; &nbsp; &nbsp;^</span></p> 
   <p><span>c:\mingw\lib\gcc\mingw32\4.9.3\include\c++\bits\basic_string.h: In function 'std::string std::to_string(long unsigned int)':</span></p> 
   <p><span>c:\mingw\lib\gcc\mingw32\4.9.3\include\c++\bits\basic_string.h:2915:45: error: 'vsnprintf' is not a member of 'std'</span></p> 
   <p><span>&nbsp; &nbsp;{ return __gnu_cxx::__to_xstring&lt;string&gt;(&amp;std::vsnprintf,</span></p> 
   <p><span>&nbsp; &nbsp; &nbsp; &nbsp; &nbsp; &nbsp; &nbsp; &nbsp; &nbsp; &nbsp; &nbsp; &nbsp; &nbsp; &nbsp; &nbsp; &nbsp; &nbsp; &nbsp; &nbsp; &nbsp; &nbsp; &nbsp; &nbsp;^</span></p> 
   <p><span>c:\mingw\lib\gcc\mingw32\4.9.3\include\c++\bits\basic_string.h: In function 'std::string std::to_string(long long int)':</span></p> 
   <p><span>c:\mingw\lib\gcc\mingw32\4.9.3\include\c++\bits\basic_string.h:2921:45: error: 'vsnprintf' is not a member of 'std'</span></p> 
   <p><span>&nbsp; &nbsp;{ return __gnu_cxx::__to_xstring&lt;string&gt;(&amp;std::vsnprintf,</span></p> 
   <p><span>&nbsp; &nbsp; &nbsp; &nbsp; &nbsp; &nbsp; &nbsp; &nbsp; &nbsp; &nbsp; &nbsp; &nbsp; &nbsp; &nbsp; &nbsp; &nbsp; &nbsp; &nbsp; &nbsp; &nbsp; &nbsp; &nbsp; &nbsp;^</span></p> 
   <p><span>c:\mingw\lib\gcc\mingw32\4.9.3\include\c++\bits\basic_string.h: In function 'std::string std::to_string(long long unsigned int)':</span></p> 
   <p><span>c:\mingw\lib\gcc\mingw32\4.9.3\include\c++\bits\basic_string.h:2927:45: error: 'vsnprintf' is not a member of 'std'</span></p> 
   <p><span>&nbsp; &nbsp;{ return __gnu_cxx::__to_xstring&lt;string&gt;(&amp;std::vsnprintf,</span></p> 
   <p><span>&nbsp; &nbsp; &nbsp; &nbsp; &nbsp; &nbsp; &nbsp; &nbsp; &nbsp; &nbsp; &nbsp; &nbsp; &nbsp; &nbsp; &nbsp; &nbsp; &nbsp; &nbsp; &nbsp; &nbsp; &nbsp; &nbsp; &nbsp;^</span></p> 
   <p><span>c:\mingw\lib\gcc\mingw32\4.9.3\include\c++\bits\basic_string.h: In function 'std::string std::to_string(float)':</span></p> 
   <p><span>c:\mingw\lib\gcc\mingw32\4.9.3\include\c++\bits\basic_string.h:2936:45: error: 'vsnprintf' is not a member of 'std'</span></p> 
   <p><span>&nbsp; &nbsp; &nbsp;return __gnu_cxx::__to_xstring&lt;string&gt;(&amp;std::vsnprintf, __n,</span></p> 
   <p><span>&nbsp; &nbsp; &nbsp; &nbsp; &nbsp; &nbsp; &nbsp; &nbsp; &nbsp; &nbsp; &nbsp; &nbsp; &nbsp; &nbsp; &nbsp; &nbsp; &nbsp; &nbsp; &nbsp; &nbsp; &nbsp; &nbsp; &nbsp;^</span></p> 
   <p><span>c:\mingw\lib\gcc\mingw32\4.9.3\include\c++\bits\basic_string.h: In function 'std::string std::to_string(double)':</span></p> 
   <p><span>c:\mingw\lib\gcc\mingw32\4.9.3\include\c++\bits\basic_string.h:2945:45: error: 'vsnprintf' is not a member of 'std'</span></p> 
   <p><span>&nbsp; &nbsp; &nbsp;return __gnu_cxx::__to_xstring&lt;string&gt;(&amp;std::vsnprintf, __n,</span></p> 
   <p><span>&nbsp; &nbsp; &nbsp; &nbsp; &nbsp; &nbsp; &nbsp; &nbsp; &nbsp; &nbsp; &nbsp; &nbsp; &nbsp; &nbsp; &nbsp; &nbsp; &nbsp; &nbsp; &nbsp; &nbsp; &nbsp; &nbsp; &nbsp;^</span></p> 
   <p><span>c:\mingw\lib\gcc\mingw32\4.9.3\include\c++\bits\basic_string.h: In function 'std::string std::to_string(long double)':</span></p> 
   <p><span>c:\mingw\lib\gcc\mingw32\4.9.3\include\c++\bits\basic_string.h:2954:45: error: 'vsnprintf' is not a member of 'std'</span></p> 
   <p><span>&nbsp; &nbsp; &nbsp;return __gnu_cxx::__to_xstring&lt;string&gt;(&amp;std::vsnprintf, __n,</span></p> 
   <p><span>&nbsp; &nbsp; &nbsp; &nbsp; &nbsp; &nbsp; &nbsp; &nbsp; &nbsp; &nbsp; &nbsp; &nbsp; &nbsp; &nbsp; &nbsp; &nbsp; &nbsp; &nbsp; &nbsp; &nbsp; &nbsp; &nbsp; &nbsp;^</span></p> 
   <p><span>c:\mingw\lib\gcc\mingw32\4.9.3\include\c++\bits\basic_string.h: In function 'long long int std::stoll(const wstring&amp;, std::size_t*, int)':</span></p> 
   <p><span>c:\mingw\lib\gcc\mingw32\4.9.3\include\c++\bits\basic_string.h:2976:31: error: 'wcstoll' is not a member of 'std'</span></p> 
   <p><span>&nbsp; &nbsp;{ return __gnu_cxx::__stoa(&amp;std::wcstoll, "stoll", __str.c_str(),</span></p> 
   <p><span>&nbsp; &nbsp; &nbsp; &nbsp; &nbsp; &nbsp; &nbsp; &nbsp; &nbsp; &nbsp; &nbsp; &nbsp; &nbsp; &nbsp; &nbsp; &nbsp;^</span></p> 
   <p><span>c:\mingw\lib\gcc\mingw32\4.9.3\include\c++\bits\basic_string.h: In function 'long long unsigned int std::stoull(const wstring&amp;, std::size_t*, int)':</span></p> 
   <p><span>c:\mingw\lib\gcc\mingw32\4.9.3\include\c++\bits\basic_string.h:2981:31: error: 'wcstoull' is not a member of 'std'</span></p> 
   <p><span>&nbsp; &nbsp;{ return __gnu_cxx::__stoa(&amp;std::wcstoull, "stoull", __str.c_str(),</span></p> 
   <p><span>&nbsp; &nbsp; &nbsp; &nbsp; &nbsp; &nbsp; &nbsp; &nbsp; &nbsp; &nbsp; &nbsp; &nbsp; &nbsp; &nbsp; &nbsp; &nbsp;^</span></p> 
   <p><span>c:\mingw\lib\gcc\mingw32\4.9.3\include\c++\bits\basic_string.h: In function 'float std::stof(const wstring&amp;, std::size_t*)':</span></p> 
   <p><span>c:\mingw\lib\gcc\mingw32\4.9.3\include\c++\bits\basic_string.h:2987:31: error: 'wcstof' is not a member of 'std'</span></p> 
   <p><span>&nbsp; &nbsp;{ return __gnu_cxx::__stoa(&amp;std::wcstof, "stof", __str.c_str(), __idx); }</span></p> 
   <p><span>&nbsp; &nbsp; &nbsp; &nbsp; &nbsp; &nbsp; &nbsp; &nbsp; &nbsp; &nbsp; &nbsp; &nbsp; &nbsp; &nbsp; &nbsp; &nbsp;^</span></p> 
   <p><span>c:\mingw\lib\gcc\mingw32\4.9.3\include\c++\bits\basic_string.h: In function 'long double std::stold(const wstring&amp;, std::size_t*)':</span></p> 
   <p><span>c:\mingw\lib\gcc\mingw32\4.9.3\include\c++\bits\basic_string.h:2995:31: error: 'wcstold' is not a member of 'std'</span></p> 
   <p><span>&nbsp; &nbsp;{ return __gnu_cxx::__stoa(&amp;std::wcstold, "stold", __str.c_str(), __idx); }</span></p> 
   <p><span>&nbsp; &nbsp; &nbsp; &nbsp; &nbsp; &nbsp; &nbsp; &nbsp; &nbsp; &nbsp; &nbsp; &nbsp; &nbsp; &nbsp; &nbsp; &nbsp;^</span></p> 
   <p><span>CMakeFiles\Study.dir\build.make:61: recipe for target 'CMakeFiles/Study.dir/main.cpp.obj' failed</span></p> 
   <p><span>CMakeFiles\Makefile2:66: recipe for target 'CMakeFiles/Study.dir/all' failed</span></p> 
   <p><span>mingw32-make.exe[3]: *** [CMakeFiles/Study.dir/main.cpp.obj] Error 1</span></p> 
   <p><span>mingw32-make.exe[2]: *** [CMakeFiles/Study.dir/all] Error 2</span></p> 
   <p><span>mingw32-make.exe[1]: *** [CMakeFiles/Study.dir/rule] Error 2</span></p> 
   <p><span>CMakeFiles\Makefile2:78: recipe for target 'CMakeFiles/Study.dir/rule' failed</span></p> 
   <p><span>mingw32-make.exe: *** [Study] Error 2</span></p> 
   <p><span>Makefile:117: recipe for target 'Study' failed</span></p> 
   <p>google一翻，最后解决方案如下:</p> 
   <p>set(CMAKE_CXX_FLAGS "${CMAKE_CXX_FLAGS} -std=c++11")替换为:<br></p> 
   <p>set(CMAKE_CXX_FLAGS "${CMAKE_CXX_FLAGS} -std=gnu++11"),再次编译通过<br></p> 
  </blockquote> 
 </div> 
</div> 
<div class="hide-article-box text-center"> 
 <a class="btn btn-red-hollow" id="btn-readmore" data-track-view="{&quot;mod&quot;:&quot;popu_376&quot;,&quot;con&quot;:&quot;,https://blog.csdn.net/ksksjipeng/article/details/52997165,&quot;}" data-track-click="{&quot;mod&quot;:&quot;popu_376&quot;,&quot;con&quot;:&quot;,https://blog.csdn.net/ksksjipeng/article/details/52997165,&quot;}">阅读更多</a> 
</div>

	<script async src="//pagead2.googlesyndication.com/pagead/js/adsbygoogle.js"></script>
	<!-- 自定义广告 -->
	<ins class="adsbygoogle"
	     style="display:block"
	     data-ad-client="ca-pub-8889449066804352"
	     data-ad-slot="1494696990"
	     data-ad-format="auto"
	     data-full-width-responsive="true"></ins>
	<script>
		(adsbygoogle = window.adsbygoogle || []).push({});
	</script>


        <br />
        <a href="https://uzshare.com/">更多精彩内容</a>
      </section>
      
      <header style="right: 0;position: fixed;bottom: 60px;z-index: 100;background: none;border-bottom:none;">
        <ul style="display: block;">
          <li><a href="/" style="line-height: 40px;padding-top:0px;">回首页</a></li>
        </ul>
      </header>
      <header class="sm-hidden" style="right: 0;position: fixed;bottom: 60px;z-index: 100;background: none;border-bottom:none;">
          <img src="https://uzzz.org.cn/imgqcode.png" style="width:160px;" />
      </header>
      
      <header class="sm-hidden" style="left: 0;position: fixed;bottom: 60px;z-index: 100;background: none;border-bottom:none;">
          <img src="https://uzzz.org.cn/hou_imgqcode.png" style="width:160px;">
      </header>
    </div>
    
    <!--[if !IE]><script>fixScale(document);</script><![endif]-->

    <script>
    var _hmt = _hmt || [];
    (function() {
      var hm = document.createElement("script");
      hm.src = "https://hm.baidu.com/hm.js?ee64533f3c6a7a284cd39a37ee732c8b";
      var s = document.getElementsByTagName("script")[0]; 
      s.parentNode.insertBefore(hm, s);
    })();
    </script>

  </body>
</html>
