<!doctype html>
<html lang="en-US">
  <head>
    <meta charset="utf-8">
    <meta http-equiv="X-UA-Compatible" content="IE=edge">

<!-- Begin Jekyll SEO tag v2.5.0 -->
<title>Python-Snappy的安装 以及报错解决 | 有组织在！</title>
<meta name="generator" content="Jekyll v3.8.5" />
<meta property="og:title" content="Python-Snappy的安装 以及报错解决" />
<meta property="og:locale" content="en_US" />
<meta name="description" content="版权声明：本文为博主原创文章，未经博主允许不得转载。 https://blog.csdn.net/chenggong2dm/article/details/70172682 错误1： 如果linux环境中，缺少g++，则会报错： 解决办法： 安装g++ (或者下面这个，替代g++的)yum install gcc-c++ ------------------------------------------------------------------------------------------------------------------------------------------- 错误2： 直接使用pip install ，会报错： &nbsp;&nbsp;&nbsp; cc1plus: warning: command line option &quot;-Wstrict-prototypes&quot; is valid for Ada/C/ObjC but not for C++ &nbsp;&nbsp;&nbsp; snappymodule.cc:31:22: error: snappy-c.h: No such file or directory &nbsp;&nbsp;&nbsp; snappymodule.cc:77: error: &#39;snappy_status&#39; was not declared in this scope &nbsp;&nbsp;&nbsp; snappymodule.cc:78: error: expected &#39;,&#39; or &#39;;&#39; before &#39;{&#39; token &nbsp;&nbsp;&nbsp; snappymodule.cc:45: warning: &#39;_state&#39; defined but not used &nbsp;&nbsp;&nbsp; snappymodule.cc:56: warning: &#39;SnappyCompressError&#39; defined but not used &nbsp;&nbsp;&nbsp; snappymodule.cc:57: warning: &#39;SnappyUncompressError&#39; defined but not used &nbsp;&nbsp;&nbsp; snappymodule.cc:58: warning: &#39;SnappyInvalidCompressedInputError&#39; defined but not used &nbsp;&nbsp;&nbsp; snappymodule.cc:59: warning: &#39;SnappyCompressedLengthError&#39; defined but not used &nbsp;&nbsp;&nbsp; snappymodule.cc:77: warning: &#39;snappy_strerror&#39; defined but not used &nbsp;&nbsp;&nbsp; error: command &#39;gcc&#39; failed with exit status 1 报错根源是找不到关键文件： snappy-c.h 解决办法： 最简便的解决办法是，先装一下 snappy-devel yum install snappy-devel 然后再装 python-snappy，就没有问题了 pip install python-snappy 阅读更多 登录后自动展开" />
<meta property="og:description" content="版权声明：本文为博主原创文章，未经博主允许不得转载。 https://blog.csdn.net/chenggong2dm/article/details/70172682 错误1： 如果linux环境中，缺少g++，则会报错： 解决办法： 安装g++ (或者下面这个，替代g++的)yum install gcc-c++ ------------------------------------------------------------------------------------------------------------------------------------------- 错误2： 直接使用pip install ，会报错： &nbsp;&nbsp;&nbsp; cc1plus: warning: command line option &quot;-Wstrict-prototypes&quot; is valid for Ada/C/ObjC but not for C++ &nbsp;&nbsp;&nbsp; snappymodule.cc:31:22: error: snappy-c.h: No such file or directory &nbsp;&nbsp;&nbsp; snappymodule.cc:77: error: &#39;snappy_status&#39; was not declared in this scope &nbsp;&nbsp;&nbsp; snappymodule.cc:78: error: expected &#39;,&#39; or &#39;;&#39; before &#39;{&#39; token &nbsp;&nbsp;&nbsp; snappymodule.cc:45: warning: &#39;_state&#39; defined but not used &nbsp;&nbsp;&nbsp; snappymodule.cc:56: warning: &#39;SnappyCompressError&#39; defined but not used &nbsp;&nbsp;&nbsp; snappymodule.cc:57: warning: &#39;SnappyUncompressError&#39; defined but not used &nbsp;&nbsp;&nbsp; snappymodule.cc:58: warning: &#39;SnappyInvalidCompressedInputError&#39; defined but not used &nbsp;&nbsp;&nbsp; snappymodule.cc:59: warning: &#39;SnappyCompressedLengthError&#39; defined but not used &nbsp;&nbsp;&nbsp; snappymodule.cc:77: warning: &#39;snappy_strerror&#39; defined but not used &nbsp;&nbsp;&nbsp; error: command &#39;gcc&#39; failed with exit status 1 报错根源是找不到关键文件： snappy-c.h 解决办法： 最简便的解决办法是，先装一下 snappy-devel yum install snappy-devel 然后再装 python-snappy，就没有问题了 pip install python-snappy 阅读更多 登录后自动展开" />
<meta property="og:site_name" content="有组织在！" />
<meta property="og:type" content="article" />
<meta property="article:published_time" content="2017-04-14T00:00:00+08:00" />
<script type="application/ld+json">
{"description":"版权声明：本文为博主原创文章，未经博主允许不得转载。 https://blog.csdn.net/chenggong2dm/article/details/70172682 错误1： 如果linux环境中，缺少g++，则会报错： 解决办法： 安装g++ (或者下面这个，替代g++的)yum install gcc-c++ ------------------------------------------------------------------------------------------------------------------------------------------- 错误2： 直接使用pip install ，会报错： &nbsp;&nbsp;&nbsp; cc1plus: warning: command line option &quot;-Wstrict-prototypes&quot; is valid for Ada/C/ObjC but not for C++ &nbsp;&nbsp;&nbsp; snappymodule.cc:31:22: error: snappy-c.h: No such file or directory &nbsp;&nbsp;&nbsp; snappymodule.cc:77: error: &#39;snappy_status&#39; was not declared in this scope &nbsp;&nbsp;&nbsp; snappymodule.cc:78: error: expected &#39;,&#39; or &#39;;&#39; before &#39;{&#39; token &nbsp;&nbsp;&nbsp; snappymodule.cc:45: warning: &#39;_state&#39; defined but not used &nbsp;&nbsp;&nbsp; snappymodule.cc:56: warning: &#39;SnappyCompressError&#39; defined but not used &nbsp;&nbsp;&nbsp; snappymodule.cc:57: warning: &#39;SnappyUncompressError&#39; defined but not used &nbsp;&nbsp;&nbsp; snappymodule.cc:58: warning: &#39;SnappyInvalidCompressedInputError&#39; defined but not used &nbsp;&nbsp;&nbsp; snappymodule.cc:59: warning: &#39;SnappyCompressedLengthError&#39; defined but not used &nbsp;&nbsp;&nbsp; snappymodule.cc:77: warning: &#39;snappy_strerror&#39; defined but not used &nbsp;&nbsp;&nbsp; error: command &#39;gcc&#39; failed with exit status 1 报错根源是找不到关键文件： snappy-c.h 解决办法： 最简便的解决办法是，先装一下 snappy-devel yum install snappy-devel 然后再装 python-snappy，就没有问题了 pip install python-snappy 阅读更多 登录后自动展开","@type":"BlogPosting","url":"/2017/04/14/bd9826464d1a91453088547a97b05e68.html","headline":"Python-Snappy的安装 以及报错解决","dateModified":"2017-04-14T00:00:00+08:00","datePublished":"2017-04-14T00:00:00+08:00","mainEntityOfPage":{"@type":"WebPage","@id":"/2017/04/14/bd9826464d1a91453088547a97b05e68.html"},"@context":"http://schema.org"}</script>
<!-- End Jekyll SEO tag -->


    <link rel="stylesheet" href="/assets/css/style.css?v=">
    <script src="/assets/js/scale.fix.js"></script>
    <meta name="viewport" content="width=device-width, initial-scale=1, user-scalable=no">

    <!--[if lt IE 9]>
    <script src="//html5shiv.googlecode.com/svn/trunk/html5.js"></script>
    <![endif]-->
    
    <!-- Global site tag (gtag.js) - Google Analytics -->
    <script async src="https://www.googletagmanager.com/gtag/js?id=UA-123344652-1"></script>
    <script>
      window.dataLayer = window.dataLayer || [];
      function gtag(){dataLayer.push(arguments);}
      gtag('js', new Date());

      gtag('config', 'UA-123344652-1');
    </script>
    
    <script async src="//pagead2.googlesyndication.com/pagead/js/adsbygoogle.js"></script>
    <script>
      (adsbygoogle = window.adsbygoogle || []).push({
        google_ad_client: "ca-pub-8889449066804352",
        enable_page_level_ads: true
      });
    </script>
    
    <script async custom-element="amp-auto-ads"
        src="https://cdn.ampproject.org/v0/amp-auto-ads-0.1.js">
    </script>
    
    <style>
      @media screen and (max-width:760px){
        .sm-hidden{display:none; }
      }
    </style>

  </head>
  <body>
    
        <amp-auto-ads type="adsense"
              data-ad-client="ca-pub-8889449066804352">
        </amp-auto-ads>
    
    <div class="wrapper">
      <header  class="without-description" >
        <h1>Python-Snappy的安装 以及报错解决</h1>
        
        
        <ul>
            <li><a href="https://uzshare.com/" style="line-height: unset;" target="_blank"><strong>柚子社区</strong></a></li>
        </ul>
        
        
        
      </header>
      <section>

<div style="margin:0 0 8px 0;">
<style>
table.gsc-input {
    margin: 0;
}
.cse .gsc-control-cse, .gsc-control-cse {
    padding: 0;
    width: auto;
}
.gsc-search-box td {
    border-bottom: none;
}
</style>
<script>
  (function() {
    var cx = '004431708863642777669:qan2_6ugotw';
    var gcse = document.createElement('script');
    gcse.type = 'text/javascript';
    gcse.async = true;
    gcse.src = 'https://cse.google.com/cse.js?cx=' + cx;
    var s = document.getElementsByTagName('script')[0];
    s.parentNode.insertBefore(gcse, s);
  })();
</script>
<gcse:search></gcse:search>
</div>
	

        <div id="article_content" class="article_content clearfix csdn-tracking-statistics" data-pid="blog" data-mod="popu_307" data-dsm="post"> 
 <div class="article-copyright">
   版权声明：本文为博主原创文章，未经博主允许不得转载。 https://blog.csdn.net/chenggong2dm/article/details/70172682 
 </div> 
 <link rel="stylesheet" href="https://csdnimg.cn/release/phoenix/template/css/ck_htmledit_views-e2445db1a8.css"> 
 <div class="htmledit_views"> 
  <p><span style="color:#FF0000;"><strong><span style="font-size:18px;color:#000000;"><strong>错误1：</strong></span></strong></span><br></p> 
  <p>如果linux环境中，缺少g++，则会报错：</p> 
  <p><img src="https://blog.uzzz.org/_p?https://img-blog.csdn.net/20170417133750050?watermark/2/text/aHR0cDovL2Jsb2cuY3Nkbi5uZXQvY2hlbmdnb25nMmRt/font/5a6L5L2T/fontsize/400/fill/I0JBQkFCMA==/dissolve/70/gravity/SouthEast" alt=""></p> 
  <p><br></p> 
  <p><strong><strong><span style="font-size:18px;">解决办法：</span></strong></strong></p> 
  <p>安装g++ (或者下面这个，替代g++的)<br><strong><span style="color:#006600;">yum install gcc-c++<br></span></strong></p> 
  <p><br></p> 
  <p>-------------------------------------------------------------------------------------------------------------------------------------------<br></p> 
  <p><span style="font-size:18px;"><strong>错误2：</strong></span><br></p> 
  <p>直接使用pip install ，会报错：</p> 
  <p><span style="color:#FF0000;">&nbsp;&nbsp;&nbsp; cc1plus: warning: command line option "-Wstrict-prototypes" is valid for Ada/C/ObjC but not for C++<br> &nbsp;&nbsp;&nbsp; snappymodule.cc:31:22: error: snappy-c.h: No such file or directory<br> &nbsp;&nbsp;&nbsp; snappymodule.cc:77: error: 'snappy_status' was not declared in this scope<br> &nbsp;&nbsp;&nbsp; snappymodule.cc:78: error: expected ',' or ';' before '{' token<br> &nbsp;&nbsp;&nbsp; snappymodule.cc:45: warning: '_state' defined but not used<br> &nbsp;&nbsp;&nbsp; snappymodule.cc:56: warning: 'SnappyCompressError' defined but not used<br> &nbsp;&nbsp;&nbsp; snappymodule.cc:57: warning: 'SnappyUncompressError' defined but not used<br> &nbsp;&nbsp;&nbsp; snappymodule.cc:58: warning: 'SnappyInvalidCompressedInputError' defined but not used<br> &nbsp;&nbsp;&nbsp; snappymodule.cc:59: warning: 'SnappyCompressedLengthError' defined but not used<br> &nbsp;&nbsp;&nbsp; snappymodule.cc:77: warning: 'snappy_strerror' defined but not used<br> &nbsp;&nbsp;&nbsp; error: command 'gcc' failed with exit status 1</span><br></p> 
  <p><img src="https://blog.uzzz.org/_p?https://img-blog.csdn.net/20170414151908600?watermark/2/text/aHR0cDovL2Jsb2cuY3Nkbi5uZXQvY2hlbmdnb25nMmRt/font/5a6L5L2T/fontsize/400/fill/I0JBQkFCMA==/dissolve/70/gravity/SouthEast" alt=""></p> 
  <p><br></p> 
  <p>报错根源是找不到关键文件： snappy-c.h</p> 
  <p><br></p> 
  <p><strong><span style="font-size:18px;">解决办法：</span></strong><br></p> 
  <p>最简便的解决办法是，先装一下 <strong>snappy-devel</strong><br></p> 
  <p><span style="color:#009900;"><strong>yum install snappy-devel</strong></span></p> 
  <p><strong></strong><br></p> 
  <p>然后再装 python-snappy，就没有问题了<br></p> 
  <p><strong>pip install python-snappy</strong></p> 
  <p><img src="https://blog.uzzz.org/_p?https://img-blog.csdn.net/20170414152454806?watermark/2/text/aHR0cDovL2Jsb2cuY3Nkbi5uZXQvY2hlbmdnb25nMmRt/font/5a6L5L2T/fontsize/400/fill/I0JBQkFCMA==/dissolve/70/gravity/SouthEast" alt=""><br></p> 
  <p><br></p> 
  <p><br></p> 
  <p><br></p> 
 </div> 
</div> 
<div class="hide-article-box text-center"> 
 <a class="btn" id="btn-readmore" data-track-view="{&quot;mod&quot;:&quot;popu_376&quot;,&quot;con&quot;:&quot;,https://blog.csdn.net/chenggong2dm/article/details/70172682,&quot;}" data-track-click="{&quot;mod&quot;:&quot;popu_376&quot;,&quot;con&quot;:&quot;,https://blog.csdn.net/chenggong2dm/article/details/70172682,&quot;}">阅读更多</a> 
 <a class="btn" href="https://passport.csdn.net/account/login?utm_source=csdn_blog_pc_more_login" target="_self" id="btn-lobinreadmore" data-track-view="{&quot;mod&quot;:&quot;popu_557&quot;,&quot;con&quot;:&quot;,https://blog.csdn.net/chenggong2dm/article/details/70172682,&quot;}" data-track-click="{&quot;mod&quot;:&quot;popu_557&quot;,&quot;con&quot;:&quot;,https://blog.csdn.net/chenggong2dm/article/details/70172682,&quot;}">登录后自动展开</a> 
</div>

	<script async src="//pagead2.googlesyndication.com/pagead/js/adsbygoogle.js"></script>
	<!-- 自定义广告 -->
	<ins class="adsbygoogle"
	     style="display:block"
	     data-ad-client="ca-pub-8889449066804352"
	     data-ad-slot="1494696990"
	     data-ad-format="auto"
	     data-full-width-responsive="true"></ins>
	<script>
		(adsbygoogle = window.adsbygoogle || []).push({});
	</script>


        <br />
        <a href="https://uzshare.com/">更多精彩内容</a>
      </section>
      
      <header style="right: 0;position: fixed;bottom: 60px;z-index: 100;background: none;border-bottom:none;">
        <ul style="display: block;">
          <li><a href="/" style="line-height: 40px;padding-top:0px;">回首页</a></li>
        </ul>
      </header>
      <header class="sm-hidden" style="right: 0;position: fixed;bottom: 60px;z-index: 100;background: none;border-bottom:none;">
          <img src="https://uzzz.org.cn/imgqcode.png" style="width:160px;" />
      </header>
      
      <header class="sm-hidden" style="left: 0;position: fixed;bottom: 60px;z-index: 100;background: none;border-bottom:none;">
          <img src="https://uzzz.org.cn/hou_imgqcode.png" style="width:160px;">
      </header>
    </div>
    
    <!--[if !IE]><script>fixScale(document);</script><![endif]-->

    <script>
    var _hmt = _hmt || [];
    (function() {
      var hm = document.createElement("script");
      hm.src = "https://hm.baidu.com/hm.js?ee64533f3c6a7a284cd39a37ee732c8b";
      var s = document.getElementsByTagName("script")[0]; 
      s.parentNode.insertBefore(hm, s);
    })();
    </script>

  </body>
</html>
